#
# A fatal error has been detected by the Java Runtime Environment:
#
#  EXCEPTION_ACCESS_VIOLATION (0xc0000005) at pc=0x00007fffae97c630, pid=13660, tid=21752
#
# JRE version: OpenJDK Runtime Environment Temurin-17.0.13+11 (17.0.13+11) (build 17.0.13+11)
# Java VM: OpenJDK 64-Bit Server VM Temurin-17.0.13+11 (17.0.13+11, mixed mode, tiered, compressed oops, compressed class ptrs, parallel gc, windows-amd64)
# Problematic frame:
# V  [jvm.dll+0xc630]
#
# No core dump will be written. Minidumps are not enabled by default on client versions of Windows
#
# If you would like to submit a bug report, please visit:
#   https://github.com/adoptium/adoptium-support/issues
#

---------------  S U M M A R Y ------------

Command Line: --add-modules=ALL-SYSTEM --add-opens=java.base/java.util=ALL-UNNAMED --add-opens=java.base/java.lang=ALL-UNNAMED --add-opens=java.base/sun.nio.fs=ALL-UNNAMED -Declipse.application=org.eclipse.jdt.ls.core.id1 -Dosgi.bundles.defaultStartLevel=4 -Declipse.product=org.eclipse.jdt.ls.core.product -Djava.import.generatesMetadataFilesAtProjectRoot=false -DDetectVMInstallationsJob.disabled=true -Dfile.encoding=utf8 -XX:+UseParallelGC -XX:GCTimeRatio=4 -XX:AdaptiveSizePolicyWeight=90 -Dsun.zip.disableMemoryMapping=true -Xmx1G -Xms100m -Xlog:disable -javaagent:c:\Users\ASUS\.vscode\extensions\redhat.java-1.38.0-win32-x64\lombok\lombok-1.18.34.jar -XX:+HeapDumpOnOutOfMemoryError -XX:HeapDumpPath=c:\Users\ASUS\AppData\Roaming\Code\User\workspaceStorage\13dd09e2ea5d8ae66ef7eb42a20b93dc\redhat.java -Daether.dependencyCollector.impl=bf c:\Users\ASUS\.vscode\extensions\redhat.java-1.38.0-win32-x64\server\plugins\org.eclipse.equinox.launcher_1.6.900.v20240613-2009.jar -configuration c:\Users\ASUS\AppData\Roaming\Code\User\globalStorage\redhat.java\1.38.0\config_win -data c:\Users\ASUS\AppData\Roaming\Code\User\workspaceStorage\13dd09e2ea5d8ae66ef7eb42a20b93dc\redhat.java\jdt_ws --pipe=\\.\pipe\lsp-3e3d525d922606b68af51e1e9e010429-sock

Host: 12th Gen Intel(R) Core(TM) i5-12500H, 16 cores, 7G,  Windows 11 , 64 bit Build 22621 (10.0.22621.4391)
Time: Sun Jan  5 22:41:32 2025 India Standard Time elapsed time: 8.928982 seconds (0d 0h 0m 8s)

---------------  T H R E A D  ---------------

Current thread (0x000001a33f5fb070):  GCTaskThread "GC Thread#10" [stack: 0x0000006f21200000,0x0000006f21300000] [id=21752]

Stack: [0x0000006f21200000,0x0000006f21300000],  sp=0x0000006f212ff488,  free space=1021k
Native frames: (J=compiled Java code, j=interpreted, Vv=VM code, C=native code)
V  [jvm.dll+0xc630]


siginfo: EXCEPTION_ACCESS_VIOLATION (0xc0000005), reading address 0x0000000000000100


Registers:
RAX=0x0000000000000000, RBX=0x0000000000000001, RCX=0x000000010016c4c8, RDX=0x00000000ecb6f070
RSP=0x0000006f212ff488, RBP=0x0000000000000000, RSI=0x00000000ecb6f070, RDI=0x000001a3376f9400
R8 =0x000000010016c4c8, R9 =0x0000000000000000, R10=0x0000000000000000, R11=0x000001a3376f9400
R12=0x0000000000000000, R13=0x0000000000000000, R14=0x000001a3376f9400, R15=0x000000000000000c
RIP=0x00007fffae97c630, EFLAGS=0x0000000000010246


Register to memory mapping:

RIP=0x00007fffae97c630 jvm.dll
RAX=0x0 is NULL
RBX=0x0000000000000001 is an unknown value
RCX=0x000000010016c4c8 is pointing into metadata
RDX=0x00000000ecb6f070 points into unknown readable memory: 0x0000000000000001 | 01 00 00 00 00 00 00 00
RSP=0x0000006f212ff488 points into unknown readable memory: 0x00007fffaf02f3b1 | b1 f3 02 af ff 7f 00 00
RBP=0x0 is NULL
RSI=0x00000000ecb6f070 points into unknown readable memory: 0x0000000000000001 | 01 00 00 00 00 00 00 00
RDI=0x000001a3376f9400 points into unknown readable memory: 0x00007fffaf3270a8 | a8 70 32 af ff 7f 00 00
R8 =0x000000010016c4c8 is pointing into metadata
R9 =0x0 is NULL
R10=0x0 is NULL
R11=0x000001a3376f9400 points into unknown readable memory: 0x00007fffaf3270a8 | a8 70 32 af ff 7f 00 00
R12=0x0 is NULL
R13=0x0 is NULL
R14=0x000001a3376f9400 points into unknown readable memory: 0x00007fffaf3270a8 | a8 70 32 af ff 7f 00 00
R15=0x000000000000000c is an unknown value


Top of Stack: (sp=0x0000006f212ff488)
0x0000006f212ff488:   00007fffaf02f3b1 00000000eece65d8
0x0000006f212ff498:   0000006f1f1ff3c0 00000000000054f8
0x0000006f212ff4a8:   0000006f205ff6c8 0000000000000000
0x0000006f212ff4b8:   0000006f203ff868 0000000000000002
0x0000006f212ff4c8:   0000006f212ff498 00000000eed38000
0x0000006f212ff4d8:   0000000000001000 000000000000000c
0x0000006f212ff4e8:   0000000000000000 0000000000000025
0x0000006f212ff4f8:   0000000000000010 000001a3376f9400
0x0000006f212ff508:   00000000eed3e704 0000000000000000
0x0000006f212ff518:   00007fffaf0305a0 0000000000000001
0x0000006f212ff528:   00007fffaf024073 0000000000000001
0x0000006f212ff538:   00000000c0d90000 00000000c07e0000
0x0000006f212ff548:   0000000080100c02 00000000c0d91e00
0x0000006f212ff558:   000001a3376f9400 00000000c0d91e00
0x0000006f212ff568:   00000000c0d92d10 00000000c0d90000
0x0000006f212ff578:   0000006f212ff678 00000000c0d91d00
0x0000006f212ff588:   00007fffaf02386c 0000006f212ff710
0x0000006f212ff598:   0000006f212ff600 00000000c0d90000
0x0000006f212ff5a8:   0000000000000000 00000000c0d91e00
0x0000006f212ff5b8:   0000006f212ff650 00000000c0da0000
0x0000006f212ff5c8:   0000006f212ff720 000001a3238a2d50
0x0000006f212ff5d8:   00000000c0d90000 0000006f212ff678
0x0000006f212ff5e8:   0000000100046778 0000020000000009
0x0000006f212ff5f8:   0000000000000000 ff00000000000000
0x0000006f212ff608:   ffffffffffffffff ffffffffffffffff
0x0000006f212ff618:   ffffffffffffffff ffffffffffffffff
0x0000006f212ff628:   ffffffffffffffff ffffffffffffffff
0x0000006f212ff638:   ffffffffffffffff ffffffffffffffff
0x0000006f212ff648:   ffffffffffffffff ffffffffffffffff
0x0000006f212ff658:   ffffffffffffffff ffffffffffffffff
0x0000006f212ff668:   ffffffffffffffff ffffffffffffffff
0x0000006f212ff678:   0000006f20cf8978 0000f6f7ef6dc67c 

Instructions: (pc=0x00007fffae97c630)
0x00007fffae97c530:   8b d0 48 85 c0 74 20 48 8b c7 f0 48 0f b1 13 74
0x00007fffae97c540:   16 48 85 05 40 e4 bb 00 74 0d 48 8b c8 f0 48 0f
0x00007fffae97c550:   b1 13 48 3b c1 75 ea 48 8b 5c 24 30 48 8b c2 48
0x00007fffae97c560:   83 c4 20 5f c3 cc cc cc cc cc cc cc cc cc cc cc
0x00007fffae97c570:   4c 8b 01 4c 8b c9 48 8b 0d 53 f6 b6 00 ba 64 60
0x00007fffae97c580:   08 00 e9 19 f1 ff ff cc cc cc cc cc cc cc cc cc
0x00007fffae97c590:   8b 05 72 3d b1 00 c3 cc cc cc cc cc cc cc cc cc
0x00007fffae97c5a0:   0f b6 05 f1 fe b7 00 48 8b d1 84 c0 74 16 44 8b
0x00007fffae97c5b0:   41 08 8b 0d 50 3d b1 00 49 d3 e0 4c 03 05 3e 3d
0x00007fffae97c5c0:   b1 00 eb 04 4c 8b 41 08 45 8b 48 08 45 85 c9 7e
0x00007fffae97c5d0:   0e 41 f6 c1 01 75 53 41 c1 f9 03 41 8b c1 c3 79
0x00007fffae97c5e0:   49 84 c0 41 b8 0c 00 00 00 8b 05 55 4c b1 00 b9
0x00007fffae97c5f0:   10 00 00 00 41 0f 45 c8 ff c8 48 98 48 63 14 11
0x00007fffae97c600:   41 8b c9 83 e1 3f 48 d3 e2 41 8b c9 48 c1 f9 10
0x00007fffae97c610:   44 0f b6 c1 48 8d 0c 10 48 f7 d0 4c 03 c1 48 c1
0x00007fffae97c620:   e8 03 49 c1 e8 03 41 23 c0 c3 49 8b 00 49 8b c8
0x00007fffae97c630:   48 ff a0 00 01 00 00 cc cc cc cc cc cc cc cc cc
0x00007fffae97c640:   8b 44 24 30 45 03 c9 44 2b 4c 24 28 83 c0 0b 44
0x00007fffae97c650:   03 ca 45 03 c8 41 03 c1 c3 cc cc cc cc cc cc cc
0x00007fffae97c660:   4c 8b ca 48 8b d1 45 8b 41 08 45 85 c0 7e 0e 41
0x00007fffae97c670:   f6 c0 01 75 56 41 c1 f8 03 41 8b c0 c3 79 4c 80
0x00007fffae97c680:   3d 12 fe b7 00 00 b8 0c 00 00 00 b9 10 00 00 00
0x00007fffae97c690:   0f 45 c8 8b 05 ab 4b b1 00 ff c8 48 98 48 63 14
0x00007fffae97c6a0:   11 41 8b c8 83 e1 3f 48 d3 e2 41 8b c8 48 c1 f9
0x00007fffae97c6b0:   10 44 0f b6 c1 48 8d 0c 10 48 f7 d0 4c 03 c1 48
0x00007fffae97c6c0:   c1 e8 03 49 c1 e8 03 41 23 c0 c3 49 8b 01 49 8b
0x00007fffae97c6d0:   c9 48 ff a0 00 01 00 00 cc cc cc cc cc cc cc cc
0x00007fffae97c6e0:   48 8b 41 08 0f b7 48 2a 0f b7 40 28 83 c0 48 03
0x00007fffae97c6f0:   c1 c3 cc cc cc cc cc cc cc cc cc cc cc cc cc cc
0x00007fffae97c700:   48 89 5c 24 08 57 48 83 ec 20 0f b6 05 5f ea bb
0x00007fffae97c710:   00 48 8b fa 48 8b d9 84 c0 74 4f 48 85 15 66 e2
0x00007fffae97c720:   bb 00 74 38 48 8b ca e8 84 eb 85 00 48 8b d0 48 


Stack slot to memory mapping:
stack at sp + 0 slots: 0x00007fffaf02f3b1 jvm.dll
stack at sp + 1 slots: 0x00000000eece65d8 is an oop: [Lorg.eclipse.jdt.core.IJavaElement; 
{0x00000000eece65d8} - klass: 'org/eclipse/jdt/core/IJavaElement'[]
 - length: 237
stack at sp + 2 slots: 0x0000006f1f1ff3c0 points into unknown readable memory: 0x00000000ffffffff | ff ff ff ff 00 00 00 00
stack at sp + 3 slots: 0x00000000000054f8 is an unknown value
stack at sp + 4 slots: 0x0000006f205ff6c8 points into unknown readable memory: 0x0000006f1f1ff3c0 | c0 f3 1f 1f 6f 00 00 00
stack at sp + 5 slots: 0x0 is NULL
stack at sp + 6 slots: 0x0000006f203ff868 points into unknown readable memory: 0x0000006f1f1ff3c0 | c0 f3 1f 1f 6f 00 00 00
stack at sp + 7 slots: 0x0000000000000002 is an unknown value


---------------  P R O C E S S  ---------------

Threads class SMR info:
_java_thread_list=0x000001a340627940, length=84, elements={
0x000001a32388d590, 0x000001a337712030, 0x000001a337713560, 0x000001a33771e260,
0x000001a33c879000, 0x000001a33c87a3d0, 0x000001a33c89c630, 0x000001a33c8a0920,
0x000001a33c8a8d40, 0x000001a33c8ad330, 0x000001a33ca20880, 0x000001a33ca25340,
0x000001a33ca4b810, 0x000001a33ea1a2c0, 0x000001a33ef094b0, 0x000001a33f463370,
0x000001a33f2cad40, 0x000001a33f2cba00, 0x000001a33fc5dde0, 0x000001a33f5d3770,
0x000001a33f5d6500, 0x000001a33f5d4190, 0x000001a33f5d6a10, 0x000001a33f5d6f20,
0x000001a340014450, 0x000001a33ff41530, 0x000001a33ffbc750, 0x000001a33f5d46a0,
0x000001a33f5d4bb0, 0x000001a33f5d50c0, 0x000001a340a96390, 0x000001a340a968a0,
0x000001a340a9c3c0, 0x000001a340a9af80, 0x000001a340a96db0, 0x000001a340a9a050,
0x000001a340a9c8d0, 0x000001a340a95e80, 0x000001a340a9b490, 0x000001a340a9b9a0,
0x000001a340a99120, 0x000001a340a972c0, 0x000001a340a9cde0, 0x000001a340a98c10,
0x000001a340a977d0, 0x000001a340a9a560, 0x000001a340a97ce0, 0x000001a340e9c4e0,
0x000001a340a981f0, 0x000001a340a99630, 0x000001a340a98700, 0x000001a340a99b40,
0x000001a340a9d2f0, 0x000001a341e21f60, 0x000001a341e25710, 0x000001a341e1ecc0,
0x000001a341e1f1d0, 0x000001a341e22470, 0x000001a341e20610, 0x000001a341e1fbf0,
0x000001a341e26130, 0x000001a341e22980, 0x000001a341e1f6e0, 0x000001a341e25c20,
0x000001a341e242d0, 0x000001a341e233a0, 0x000001a341e24cf0, 0x000001a341e20100,
0x000001a341e238b0, 0x000001a341e21030, 0x000001a341e21a50, 0x000001a341e22e90,
0x000001a341e25200, 0x000001a33f5d55d0, 0x000001a33f5d5ae0, 0x000001a340a95970,
0x000001a34c990470, 0x000001a34c98f030, 0x000001a34c991dc0, 0x000001a34c990980,
0x000001a34c98e610, 0x000001a34c990e90, 0x000001a34c9918b0, 0x000001a34c98eb20
}

Java Threads: ( => current thread )
  0x000001a32388d590 JavaThread "main" [_thread_blocked, id=47232, stack(0x0000006f1ef00000,0x0000006f1f000000)]
  0x000001a337712030 JavaThread "Reference Handler" daemon [_thread_blocked, id=49492, stack(0x0000006f1f200000,0x0000006f1f300000)]
  0x000001a337713560 JavaThread "Finalizer" daemon [_thread_blocked, id=50140, stack(0x0000006f1f300000,0x0000006f1f400000)]
  0x000001a33771e260 JavaThread "Signal Dispatcher" daemon [_thread_blocked, id=15120, stack(0x0000006f1f400000,0x0000006f1f500000)]
  0x000001a33c879000 JavaThread "Attach Listener" daemon [_thread_blocked, id=7572, stack(0x0000006f1f500000,0x0000006f1f600000)]
  0x000001a33c87a3d0 JavaThread "Service Thread" daemon [_thread_blocked, id=31008, stack(0x0000006f1f600000,0x0000006f1f700000)]
  0x000001a33c89c630 JavaThread "Monitor Deflation Thread" daemon [_thread_blocked, id=35972, stack(0x0000006f1f700000,0x0000006f1f800000)]
  0x000001a33c8a0920 JavaThread "C2 CompilerThread0" daemon [_thread_blocked, id=34128, stack(0x0000006f1f800000,0x0000006f1f900000)]
  0x000001a33c8a8d40 JavaThread "C1 CompilerThread0" daemon [_thread_blocked, id=10704, stack(0x0000006f1f900000,0x0000006f1fa00000)]
  0x000001a33c8ad330 JavaThread "Sweeper thread" daemon [_thread_blocked, id=18304, stack(0x0000006f1fa00000,0x0000006f1fb00000)]
  0x000001a33ca20880 JavaThread "Common-Cleaner" daemon [_thread_blocked, id=33624, stack(0x0000006f1fb00000,0x0000006f1fc00000)]
  0x000001a33ca25340 JavaThread "C1 CompilerThread1" daemon [_thread_blocked, id=52780, stack(0x0000006f1fc00000,0x0000006f1fd00000)]
  0x000001a33ca4b810 JavaThread "C1 CompilerThread2" daemon [_thread_blocked, id=19420, stack(0x0000006f1fd00000,0x0000006f1fe00000)]
  0x000001a33ea1a2c0 JavaThread "Notification Thread" daemon [_thread_blocked, id=43800, stack(0x0000006f1ff00000,0x0000006f20000000)]
  0x000001a33ef094b0 JavaThread "Active Thread: Equinox Container: 035ca5a8-4ca8-4a50-ab28-1c56f7ebfe8c" [_thread_blocked, id=10604, stack(0x0000006f20700000,0x0000006f20800000)]
  0x000001a33f463370 JavaThread "Refresh Thread: Equinox Container: 035ca5a8-4ca8-4a50-ab28-1c56f7ebfe8c" daemon [_thread_blocked, id=48096, stack(0x0000006f20800000,0x0000006f20900000)]
  0x000001a33f2cad40 JavaThread "Framework Event Dispatcher: Equinox Container: 035ca5a8-4ca8-4a50-ab28-1c56f7ebfe8c" daemon [_thread_blocked, id=13888, stack(0x0000006f20b00000,0x0000006f20c00000)]
  0x000001a33f2cba00 JavaThread "Start Level: Equinox Container: 035ca5a8-4ca8-4a50-ab28-1c56f7ebfe8c" daemon [_thread_blocked, id=10940, stack(0x0000006f20c00000,0x0000006f20d00000)]
  0x000001a33fc5dde0 JavaThread "Bundle File Closer" daemon [_thread_blocked, id=28104, stack(0x0000006f20e00000,0x0000006f20f00000)]
  0x000001a33f5d3770 JavaThread "SCR Component Actor" daemon [_thread_blocked, id=31760, stack(0x0000006f20d00000,0x0000006f20e00000)]
  0x000001a33f5d6500 JavaThread "Worker-JM" [_thread_blocked, id=29720, stack(0x0000006f21400000,0x0000006f21500000)]
  0x000001a33f5d4190 JavaThread "JNA Cleaner" daemon [_thread_blocked, id=49752, stack(0x0000006f1fe00000,0x0000006f1ff00000)]
  0x000001a33f5d6a10 JavaThread "Worker-0" [_thread_blocked, id=32504, stack(0x0000006f20100000,0x0000006f20200000)]
  0x000001a33f5d6f20 JavaThread "Worker-1: Initialize Workspace" [_thread_blocked, id=47828, stack(0x0000006f21500000,0x0000006f21600000)]
  0x000001a340014450 JavaThread "C1 CompilerThread3" daemon [_thread_blocked, id=52776, stack(0x0000006f21700000,0x0000006f21800000)]
  0x000001a33ff41530 JavaThread "C2 CompilerThread1" daemon [_thread_blocked, id=33840, stack(0x0000006f21800000,0x0000006f21900000)]
  0x000001a33ffbc750 JavaThread "C2 CompilerThread2" daemon [_thread_blocked, id=19648, stack(0x0000006f21900000,0x0000006f21a00000)]
  0x000001a33f5d46a0 JavaThread "Java indexing" daemon [_thread_blocked, id=37312, stack(0x0000006f21a00000,0x0000006f21b00000)]
  0x000001a33f5d4bb0 JavaThread "Thread-2" daemon [_thread_in_native, id=32376, stack(0x0000006f21b00000,0x0000006f21c00000)]
  0x000001a33f5d50c0 JavaThread "Thread-3" daemon [_thread_in_native, id=1416, stack(0x0000006f21c00000,0x0000006f21d00000)]
  0x000001a340a96390 JavaThread "Thread-4" daemon [_thread_in_native, id=13572, stack(0x0000006f21d00000,0x0000006f21e00000)]
  0x000001a340a968a0 JavaThread "Thread-5" daemon [_thread_in_native, id=38700, stack(0x0000006f21e00000,0x0000006f21f00000)]
  0x000001a340a9c3c0 JavaThread "Thread-6" daemon [_thread_in_native, id=34424, stack(0x0000006f21f00000,0x0000006f22000000)]
  0x000001a340a9af80 JavaThread "Thread-7" daemon [_thread_in_native, id=29004, stack(0x0000006f22000000,0x0000006f22100000)]
  0x000001a340a96db0 JavaThread "Thread-8" daemon [_thread_in_native, id=38400, stack(0x0000006f22100000,0x0000006f22200000)]
  0x000001a340a9a050 JavaThread "Thread-9" daemon [_thread_in_native, id=42332, stack(0x0000006f22200000,0x0000006f22300000)]
  0x000001a340a9c8d0 JavaThread "Thread-10" daemon [_thread_in_native, id=46020, stack(0x0000006f22300000,0x0000006f22400000)]
  0x000001a340a95e80 JavaThread "Thread-11" daemon [_thread_in_native, id=11248, stack(0x0000006f22400000,0x0000006f22500000)]
  0x000001a340a9b490 JavaThread "Thread-12" daemon [_thread_in_native, id=4316, stack(0x0000006f22500000,0x0000006f22600000)]
  0x000001a340a9b9a0 JavaThread "Thread-13" daemon [_thread_in_native, id=32552, stack(0x0000006f22600000,0x0000006f22700000)]
  0x000001a340a99120 JavaThread "Thread-14" daemon [_thread_in_native, id=21896, stack(0x0000006f22700000,0x0000006f22800000)]
  0x000001a340a972c0 JavaThread "Thread-15" daemon [_thread_in_native, id=24940, stack(0x0000006f22800000,0x0000006f22900000)]
  0x000001a340a9cde0 JavaThread "Thread-16" daemon [_thread_in_native, id=49552, stack(0x0000006f22900000,0x0000006f22a00000)]
  0x000001a340a98c10 JavaThread "Thread-17" daemon [_thread_in_native, id=40000, stack(0x0000006f22a00000,0x0000006f22b00000)]
  0x000001a340a977d0 JavaThread "Thread-18" daemon [_thread_in_native, id=17124, stack(0x0000006f22b00000,0x0000006f22c00000)]
  0x000001a340a9a560 JavaThread "pool-2-thread-1" [_thread_blocked, id=19352, stack(0x0000006f22c00000,0x0000006f22d00000)]
  0x000001a340a97ce0 JavaThread "Worker-2: Java indexing... " [_thread_blocked, id=35616, stack(0x0000006f22d00000,0x0000006f22e00000)]
  0x000001a340e9c4e0 JavaThread "C2 CompilerThread3" daemon [_thread_blocked, id=36316, stack(0x0000006f22e00000,0x0000006f22f00000)]
  0x000001a340a981f0 JavaThread "Worker-3" [_thread_blocked, id=37700, stack(0x0000006f22f00000,0x0000006f23000000)]
  0x000001a340a99630 JavaThread "Worker-4" [_thread_blocked, id=12228, stack(0x0000006f23000000,0x0000006f23100000)]
  0x000001a340a98700 JavaThread "WorkspaceEventsHandler" [_thread_blocked, id=37800, stack(0x0000006f23100000,0x0000006f23200000)]
  0x000001a340a99b40 JavaThread "pool-1-thread-1" [_thread_blocked, id=49972, stack(0x0000006f23200000,0x0000006f23300000)]
  0x000001a340a9d2f0 JavaThread "Worker-5" [_thread_blocked, id=45108, stack(0x0000006f23300000,0x0000006f23400000)]
  0x000001a341e21f60 JavaThread "LocalFile Deleter" daemon [_thread_blocked, id=7224, stack(0x0000006f23400000,0x0000006f23500000)]
  0x000001a341e25710 JavaThread "LocalFile Deleter" daemon [_thread_blocked, id=24240, stack(0x0000006f23500000,0x0000006f23600000)]
  0x000001a341e1ecc0 JavaThread "Compiler Source File Reader" daemon [_thread_blocked, id=36692, stack(0x0000006f23600000,0x0000006f23700000)]
  0x000001a341e1f1d0 JavaThread "Compiler Source File Reader" daemon [_thread_blocked, id=15892, stack(0x0000006f23700000,0x0000006f23800000)]
  0x000001a341e22470 JavaThread "Compiler Source File Reader" daemon [_thread_blocked, id=26968, stack(0x0000006f23800000,0x0000006f23900000)]
  0x000001a341e20610 JavaThread "Compiler Source File Reader" daemon [_thread_blocked, id=30912, stack(0x0000006f23900000,0x0000006f23a00000)]
  0x000001a341e1fbf0 JavaThread "Compiler Source File Reader" daemon [_thread_blocked, id=12080, stack(0x0000006f23a00000,0x0000006f23b00000)]
  0x000001a341e26130 JavaThread "Compiler Source File Reader" daemon [_thread_blocked, id=13900, stack(0x0000006f23b00000,0x0000006f23c00000)]
  0x000001a341e22980 JavaThread "Compiler Source File Reader" daemon [_thread_blocked, id=32736, stack(0x0000006f23c00000,0x0000006f23d00000)]
  0x000001a341e1f6e0 JavaThread "Compiler Source File Reader" daemon [_thread_blocked, id=27764, stack(0x0000006f23d00000,0x0000006f23e00000)]
  0x000001a341e25c20 JavaThread "Compiler Source File Reader" daemon [_thread_blocked, id=44108, stack(0x0000006f23e00000,0x0000006f23f00000)]
  0x000001a341e242d0 JavaThread "Compiler Source File Reader" daemon [_thread_blocked, id=12024, stack(0x0000006f23f00000,0x0000006f24000000)]
  0x000001a341e233a0 JavaThread "Compiler Source File Reader" daemon [_thread_blocked, id=14912, stack(0x0000006f24000000,0x0000006f24100000)]
  0x000001a341e24cf0 JavaThread "Compiler Source File Reader" daemon [_thread_blocked, id=35832, stack(0x0000006f24100000,0x0000006f24200000)]
  0x000001a341e20100 JavaThread "Compiler Source File Reader" daemon [_thread_blocked, id=24992, stack(0x0000006f24200000,0x0000006f24300000)]
  0x000001a341e238b0 JavaThread "Compiler Source File Reader" daemon [_thread_blocked, id=39224, stack(0x0000006f24300000,0x0000006f24400000)]
  0x000001a341e21030 JavaThread "Compiler Processing Task" daemon [_thread_blocked, id=32088, stack(0x0000006f24400000,0x0000006f24500000)]
  0x000001a341e21a50 JavaThread "Compiler Class File Writer" daemon [_thread_blocked, id=16632, stack(0x0000006f24500000,0x0000006f24600000)]
  0x000001a341e22e90 JavaThread "Compiler Class File Writer" daemon [_thread_blocked, id=30288, stack(0x0000006f24600000,0x0000006f24700000)]
  0x000001a341e25200 JavaThread "Compiler Class File Writer" daemon [_thread_blocked, id=25888, stack(0x0000006f24700000,0x0000006f24800000)]
  0x000001a33f5d55d0 JavaThread "Compiler Class File Writer" daemon [_thread_blocked, id=13628, stack(0x0000006f24800000,0x0000006f24900000)]
  0x000001a33f5d5ae0 JavaThread "Compiler Class File Writer" daemon [_thread_blocked, id=14496, stack(0x0000006f24900000,0x0000006f24a00000)]
  0x000001a340a95970 JavaThread "Compiler Class File Writer" daemon [_thread_blocked, id=24572, stack(0x0000006f24a00000,0x0000006f24b00000)]
  0x000001a34c990470 JavaThread "Compiler Class File Writer" daemon [_thread_blocked, id=34620, stack(0x0000006f24b00000,0x0000006f24c00000)]
  0x000001a34c98f030 JavaThread "Compiler Class File Writer" daemon [_thread_blocked, id=9248, stack(0x0000006f24c00000,0x0000006f24d00000)]
  0x000001a34c991dc0 JavaThread "Compiler Class File Writer" daemon [_thread_blocked, id=38168, stack(0x0000006f24d00000,0x0000006f24e00000)]
  0x000001a34c990980 JavaThread "Compiler Class File Writer" daemon [_thread_blocked, id=15372, stack(0x0000006f24e00000,0x0000006f24f00000)]
  0x000001a34c98e610 JavaThread "Compiler Class File Writer" daemon [_thread_blocked, id=52808, stack(0x0000006f24f00000,0x0000006f25000000)]
  0x000001a34c990e90 JavaThread "Compiler Class File Writer" daemon [_thread_blocked, id=31004, stack(0x0000006f25000000,0x0000006f25100000)]
  0x000001a34c9918b0 JavaThread "Compiler Class File Writer" daemon [_thread_blocked, id=16424, stack(0x0000006f25100000,0x0000006f25200000)]
  0x000001a34c98eb20 JavaThread "Compiler Class File Writer" daemon [_thread_blocked, id=45520, stack(0x0000006f25200000,0x0000006f25300000)]

Other Threads:
  0x000001a3239186c0 VMThread "VM Thread" [stack: 0x0000006f1f100000,0x0000006f1f200000] [id=44988]
  0x000001a33ea4b5d0 WatcherThread [stack: 0x0000006f20000000,0x0000006f20100000] [id=51396]
  0x000001a3238a4890 GCTaskThread "GC Thread#0" [stack: 0x0000006f1f000000,0x0000006f1f100000] [id=29500]
  0x000001a33ef12f90 GCTaskThread "GC Thread#1" [stack: 0x0000006f20200000,0x0000006f20300000] [id=11992]
  0x000001a33eeddae0 GCTaskThread "GC Thread#2" [stack: 0x0000006f20300000,0x0000006f20400000] [id=46844]
  0x000001a33eed87e0 GCTaskThread "GC Thread#3" [stack: 0x0000006f20400000,0x0000006f20500000] [id=18864]
  0x000001a33eed8aa0 GCTaskThread "GC Thread#4" [stack: 0x0000006f20500000,0x0000006f20600000] [id=18904]
  0x000001a33eed8d60 GCTaskThread "GC Thread#5" [stack: 0x0000006f20600000,0x0000006f20700000] [id=29260]
  0x000001a33f2ca020 GCTaskThread "GC Thread#6" [stack: 0x0000006f20900000,0x0000006f20a00000] [id=26320]
  0x000001a33f2ca2e0 GCTaskThread "GC Thread#7" [stack: 0x0000006f20a00000,0x0000006f20b00000] [id=44472]
  0x000001a33fccd460 GCTaskThread "GC Thread#8" [stack: 0x0000006f20f00000,0x0000006f21000000] [id=1612]
  0x000001a33f7fec00 GCTaskThread "GC Thread#9" [stack: 0x0000006f21000000,0x0000006f21100000] [id=30112]
=>0x000001a33f5fb070 GCTaskThread "GC Thread#10" [stack: 0x0000006f21200000,0x0000006f21300000] [id=21752]
  0x000001a33f5fbb70 GCTaskThread "GC Thread#11" [stack: 0x0000006f21300000,0x0000006f21400000] [id=2908]
  0x000001a33f5fbe30 GCTaskThread "GC Thread#12" [stack: 0x0000006f21600000,0x0000006f21700000] [id=41292]

Threads with active compile tasks:
C2 CompilerThread0     8967 8520       4       org.eclipse.jdt.internal.compiler.ExtraFlags::getExtraFlags (94 bytes)
C2 CompilerThread1     8967 8493       4       org.eclipse.jdt.internal.core.search.indexing.AddJrtToIndex$JrtTraverser::visitFile (14 bytes)
C2 CompilerThread2     8967 8497   !   4       org.eclipse.jdt.internal.core.search.indexing.AddJrtToIndex$JrtIndexer::visitFile (133 bytes)
C2 CompilerThread3     8967 8550       4       org.eclipse.jdt.internal.core.JarPackageFragmentRoot::initRawPackageInfo (292 bytes)

VM state: at safepoint (normal execution)

VM Mutex/Monitor currently owned by a thread:  ([mutex/lock_event])
[0x000001a323889a10] Threads_lock - owner thread: 0x000001a3239186c0
[0x000001a323889ce0] Heap_lock - owner thread: 0x000001a33f5d46a0

Heap address: 0x00000000c0000000, size: 1024 MB, Compressed Oops mode: 32-bit

CDS archive(s) not mapped
Compressed class space mapped at: 0x0000000100000000-0x0000000140000000, reserved size: 1073741824
Narrow klass base: 0x0000000000000000, Narrow klass shift: 3, Narrow klass range: 0x140000000

GC Precious Log:
 CPUs: 16 total, 16 available
 Memory: 7812M
 Large Page Support: Disabled
 NUMA Support: Disabled
 Compressed Oops: Enabled (32-bit)
 Alignments: Space 512K, Generation 512K, Heap 2M
 Heap Min Capacity: 100M
 Heap Initial Capacity: 100M
 Heap Max Capacity: 1G
 Pre-touch: Disabled
 Parallel Workers: 13

Heap:
 PSYoungGen      total 57856K, used 57824K [0x00000000eab00000, 0x00000000f0000000, 0x0000000100000000)
  eden space 42496K, 100% used [0x00000000eab00000,0x00000000ed480000,0x00000000ed480000)
  from space 15360K, 99% used [0x00000000ed480000,0x00000000ee3783d0,0x00000000ee380000)
  to   space 20992K, 66% used [0x00000000eeb80000,0x00000000ef93a100,0x00000000f0000000)
 ParOldGen       total 196096K, used 189201K [0x00000000c0000000, 0x00000000cbf80000, 0x00000000eab00000)
  object space 196096K, 96% used [0x00000000c0000000,0x00000000cb8c4648,0x00000000cbf80000)
 Metaspace       used 62727K, committed 63744K, reserved 1114112K
  class space    used 6614K, committed 7040K, reserved 1048576K

Card table byte_map: [0x000001a323220000,0x000001a323430000] _byte_map_base: 0x000001a322c20000

Marking Bits: (ParMarkBitMap*) 0x00007fffaf516940
 Begin Bits: [0x000001a335520000, 0x000001a336520000)
 End Bits:   [0x000001a336520000, 0x000001a337520000)

Polling page: 0x000001a321810000

Metaspace:

Usage:
  Non-class:     54.80 MB used.
      Class:      6.46 MB used.
       Both:     61.26 MB used.

Virtual space:
  Non-class space:       64.00 MB reserved,      55.38 MB ( 87%) committed,  1 nodes.
      Class space:        1.00 GB reserved,       6.88 MB ( <1%) committed,  1 nodes.
             Both:        1.06 GB reserved,      62.25 MB (  6%) committed. 

Chunk freelists:
   Non-Class:  8.09 MB
       Class:  9.14 MB
        Both:  17.23 MB

MaxMetaspaceSize: unlimited
CompressedClassSpaceSize: 1.00 GB
Initial GC threshold: 21.00 MB
Current GC threshold: 100.31 MB
CDS: off
MetaspaceReclaimPolicy: balanced
 - commit_granule_bytes: 65536.
 - commit_granule_words: 8192.
 - virtual_space_node_default_size: 8388608.
 - enlarge_chunks_in_place: 1.
 - new_chunks_are_fully_committed: 0.
 - uncommit_free_chunks: 1.
 - use_allocation_guard: 0.
 - handle_deallocations: 1.


Internal statistics:

num_allocs_failed_limit: 6.
num_arena_births: 670.
num_arena_deaths: 28.
num_vsnodes_births: 2.
num_vsnodes_deaths: 0.
num_space_committed: 996.
num_space_uncommitted: 0.
num_chunks_returned_to_freelist: 37.
num_chunks_taken_from_freelist: 3313.
num_chunk_merges: 8.
num_chunk_splits: 1940.
num_chunks_enlarged: 1035.
num_inconsistent_stats: 0.

CodeHeap 'non-profiled nmethods': size=119168Kb used=4388Kb max_used=4388Kb free=114779Kb
 bounds [0x000001a32e0c0000, 0x000001a32e510000, 0x000001a335520000]
CodeHeap 'profiled nmethods': size=119104Kb used=15621Kb max_used=15621Kb free=103482Kb
 bounds [0x000001a326520000, 0x000001a327470000, 0x000001a32d970000]
CodeHeap 'non-nmethods': size=7488Kb used=3035Kb max_used=3136Kb free=4453Kb
 bounds [0x000001a32d970000, 0x000001a32dc90000, 0x000001a32e0c0000]
 total_blobs=8303 nmethods=7612 adapters=600
 compilation: enabled
              stopped_count=0, restarted_count=0
 full_count=0

Compilation events (20 events):
Event: 8.904 Thread 0x000001a33ca25340 nmethod 8631 0x000001a32745da90 code [0x000001a32745dc20, 0x000001a32745dd58]
Event: 8.904 Thread 0x000001a340014450 nmethod 8644 0x000001a32745de10 code [0x000001a32745dfa0, 0x000001a32745e0f8]
Event: 8.904 Thread 0x000001a33ca25340 8645       2       org.eclipse.jdt.internal.core.JarPackageFragment::containsJavaResources (11 bytes)
Event: 8.904 Thread 0x000001a33c8a0920 nmethod 8573 0x000001a32e508910 code [0x000001a32e508a80, 0x000001a32e508af8]
Event: 8.904 Thread 0x000001a340014450 8638       2       org.eclipse.jdt.internal.core.util.LRUCache::peek (23 bytes)
Event: 8.904 Thread 0x000001a33ca4b810 nmethod 8642 0x000001a32745e190 code [0x000001a32745e340, 0x000001a32745e4a8]
Event: 8.905 Thread 0x000001a33ca4b810 8648   !   2       org.eclipse.jdt.internal.core.JavaModelManager::closeChildren (96 bytes)
Event: 8.905 Thread 0x000001a33c8a0920 8561       4       java.util.ImmutableCollections$AbstractImmutableList::hashCode (36 bytes)
Event: 8.905 Thread 0x000001a33c8a8d40 nmethod 8643 0x000001a32745e590 code [0x000001a32745e780, 0x000001a32745eae8]
Event: 8.905 Thread 0x000001a33ca25340 nmethod 8645 0x000001a32745ed90 code [0x000001a32745ef40, 0x000001a32745f128]
Event: 8.905 Thread 0x000001a340014450 nmethod 8638 0x000001a32745f290 code [0x000001a32745f440, 0x000001a32745f5e8]
Event: 8.905 Thread 0x000001a33ca25340 8647       2       org.eclipse.jdt.internal.core.JavaModelCache::peekAtInfo (156 bytes)
Event: 8.905 Thread 0x000001a33c8a8d40 8650       2       org.eclipse.jdt.internal.core.JarPackageFragment::createElementInfo (5 bytes)
Event: 8.905 Thread 0x000001a340014450 8639       2       org.eclipse.jdt.internal.core.JavaModelManager$10::<init> (10 bytes)
Event: 8.906 Thread 0x000001a33ca4b810 nmethod 8648 0x000001a32745f710 code [0x000001a32745f8e0, 0x000001a32745fd28]
Event: 8.906 Thread 0x000001a340014450 nmethod 8639 0x000001a327460010 code [0x000001a3274601a0, 0x000001a3274602d8]
Event: 8.906 Thread 0x000001a33c8a8d40 nmethod 8650 0x000001a327460390 code [0x000001a327460520, 0x000001a3274606b8]
Event: 8.906 Thread 0x000001a33ca25340 nmethod 8647 0x000001a327460790 code [0x000001a327460a20, 0x000001a3274612b8]
Event: 8.915 Thread 0x000001a33c8a0920 nmethod 8561 0x000001a32e508c10 code [0x000001a32e508dc0, 0x000001a32e509138]
Event: 8.915 Thread 0x000001a33c8a0920 8520       4       org.eclipse.jdt.internal.compiler.ExtraFlags::getExtraFlags (94 bytes)

GC Heap History (20 events):
Event: 7.960 GC heap after
{Heap after GC invocations=67 (full 5):
 PSYoungGen      total 31744K, used 5560K [0x00000000eab00000, 0x00000000ed180000, 0x0000000100000000)
  eden space 26112K, 0% used [0x00000000eab00000,0x00000000eab00000,0x00000000ec480000)
  from space 5632K, 98% used [0x00000000ecc00000,0x00000000ed16e1a0,0x00000000ed180000)
  to   space 6144K, 0% used [0x00000000ec580000,0x00000000ec580000,0x00000000ecb80000)
 ParOldGen       total 196096K, used 131486K [0x00000000c0000000, 0x00000000cbf80000, 0x00000000eab00000)
  object space 196096K, 67% used [0x00000000c0000000,0x00000000c80679e8,0x00000000cbf80000)
 Metaspace       used 60831K, committed 61824K, reserved 1114112K
  class space    used 6398K, committed 6848K, reserved 1048576K
}
Event: 8.013 GC heap before
{Heap before GC invocations=68 (full 5):
 PSYoungGen      total 31744K, used 31656K [0x00000000eab00000, 0x00000000ed180000, 0x0000000100000000)
  eden space 26112K, 99% used [0x00000000eab00000,0x00000000ec47bf70,0x00000000ec480000)
  from space 5632K, 98% used [0x00000000ecc00000,0x00000000ed16e1a0,0x00000000ed180000)
  to   space 6144K, 0% used [0x00000000ec580000,0x00000000ec580000,0x00000000ecb80000)
 ParOldGen       total 196096K, used 131486K [0x00000000c0000000, 0x00000000cbf80000, 0x00000000eab00000)
  object space 196096K, 67% used [0x00000000c0000000,0x00000000c80679e8,0x00000000cbf80000)
 Metaspace       used 61175K, committed 62208K, reserved 1114112K
  class space    used 6450K, committed 6912K, reserved 1048576K
}
Event: 8.019 GC heap after
{Heap after GC invocations=68 (full 5):
 PSYoungGen      total 33280K, used 6126K [0x00000000eab00000, 0x00000000edd80000, 0x0000000100000000)
  eden space 27136K, 0% used [0x00000000eab00000,0x00000000eab00000,0x00000000ec580000)
  from space 6144K, 99% used [0x00000000ec580000,0x00000000ecb7b930,0x00000000ecb80000)
  to   space 11776K, 0% used [0x00000000ed200000,0x00000000ed200000,0x00000000edd80000)
 ParOldGen       total 196096K, used 136011K [0x00000000c0000000, 0x00000000cbf80000, 0x00000000eab00000)
  object space 196096K, 69% used [0x00000000c0000000,0x00000000c84d2cc8,0x00000000cbf80000)
 Metaspace       used 61175K, committed 62208K, reserved 1114112K
  class space    used 6450K, committed 6912K, reserved 1048576K
}
Event: 8.091 GC heap before
{Heap before GC invocations=69 (full 5):
 PSYoungGen      total 33280K, used 33262K [0x00000000eab00000, 0x00000000edd80000, 0x0000000100000000)
  eden space 27136K, 100% used [0x00000000eab00000,0x00000000ec580000,0x00000000ec580000)
  from space 6144K, 99% used [0x00000000ec580000,0x00000000ecb7b930,0x00000000ecb80000)
  to   space 11776K, 0% used [0x00000000ed200000,0x00000000ed200000,0x00000000edd80000)
 ParOldGen       total 196096K, used 136011K [0x00000000c0000000, 0x00000000cbf80000, 0x00000000eab00000)
  object space 196096K, 69% used [0x00000000c0000000,0x00000000c84d2cc8,0x00000000cbf80000)
 Metaspace       used 61452K, committed 62464K, reserved 1114112K
  class space    used 6488K, committed 6976K, reserved 1048576K
}
Event: 8.097 GC heap after
{Heap after GC invocations=69 (full 5):
 PSYoungGen      total 38400K, used 9098K [0x00000000eab00000, 0x00000000edb00000, 0x0000000100000000)
  eden space 29184K, 0% used [0x00000000eab00000,0x00000000eab00000,0x00000000ec780000)
  from space 9216K, 98% used [0x00000000ed200000,0x00000000edae2a80,0x00000000edb00000)
  to   space 9728K, 0% used [0x00000000ec800000,0x00000000ec800000,0x00000000ed180000)
 ParOldGen       total 196096K, used 138727K [0x00000000c0000000, 0x00000000cbf80000, 0x00000000eab00000)
  object space 196096K, 70% used [0x00000000c0000000,0x00000000c8779c30,0x00000000cbf80000)
 Metaspace       used 61452K, committed 62464K, reserved 1114112K
  class space    used 6488K, committed 6976K, reserved 1048576K
}
Event: 8.177 GC heap before
{Heap before GC invocations=70 (full 5):
 PSYoungGen      total 38400K, used 38282K [0x00000000eab00000, 0x00000000edb00000, 0x0000000100000000)
  eden space 29184K, 100% used [0x00000000eab00000,0x00000000ec780000,0x00000000ec780000)
  from space 9216K, 98% used [0x00000000ed200000,0x00000000edae2a80,0x00000000edb00000)
  to   space 9728K, 0% used [0x00000000ec800000,0x00000000ec800000,0x00000000ed180000)
 ParOldGen       total 196096K, used 138727K [0x00000000c0000000, 0x00000000cbf80000, 0x00000000eab00000)
  object space 196096K, 70% used [0x00000000c0000000,0x00000000c8779c30,0x00000000cbf80000)
 Metaspace       used 61657K, committed 62720K, reserved 1114112K
  class space    used 6510K, committed 6976K, reserved 1048576K
}
Event: 8.185 GC heap after
{Heap after GC invocations=70 (full 5):
 PSYoungGen      total 39424K, used 9707K [0x00000000eab00000, 0x00000000eea00000, 0x0000000100000000)
  eden space 29696K, 0% used [0x00000000eab00000,0x00000000eab00000,0x00000000ec800000)
  from space 9728K, 99% used [0x00000000ec800000,0x00000000ed17adb0,0x00000000ed180000)
  to   space 16384K, 0% used [0x00000000eda00000,0x00000000eda00000,0x00000000eea00000)
 ParOldGen       total 196096K, used 143887K [0x00000000c0000000, 0x00000000cbf80000, 0x00000000eab00000)
  object space 196096K, 73% used [0x00000000c0000000,0x00000000c8c83d58,0x00000000cbf80000)
 Metaspace       used 61657K, committed 62720K, reserved 1114112K
  class space    used 6510K, committed 6976K, reserved 1048576K
}
Event: 8.270 GC heap before
{Heap before GC invocations=71 (full 5):
 PSYoungGen      total 39424K, used 39403K [0x00000000eab00000, 0x00000000eea00000, 0x0000000100000000)
  eden space 29696K, 100% used [0x00000000eab00000,0x00000000ec800000,0x00000000ec800000)
  from space 9728K, 99% used [0x00000000ec800000,0x00000000ed17adb0,0x00000000ed180000)
  to   space 16384K, 0% used [0x00000000eda00000,0x00000000eda00000,0x00000000eea00000)
 ParOldGen       total 196096K, used 143887K [0x00000000c0000000, 0x00000000cbf80000, 0x00000000eab00000)
  object space 196096K, 73% used [0x00000000c0000000,0x00000000c8c83d58,0x00000000cbf80000)
 Metaspace       used 62202K, committed 63296K, reserved 1114112K
  class space    used 6580K, committed 7040K, reserved 1048576K
}
Event: 8.279 GC heap after
{Heap after GC invocations=71 (full 5):
 PSYoungGen      total 43008K, used 10272K [0x00000000eab00000, 0x00000000ee480000, 0x0000000100000000)
  eden space 32256K, 0% used [0x00000000eab00000,0x00000000eab00000,0x00000000eca80000)
  from space 10752K, 95% used [0x00000000eda00000,0x00000000ee408058,0x00000000ee480000)
  to   space 12288K, 0% used [0x00000000ecc80000,0x00000000ecc80000,0x00000000ed880000)
 ParOldGen       total 196096K, used 149595K [0x00000000c0000000, 0x00000000cbf80000, 0x00000000eab00000)
  object space 196096K, 76% used [0x00000000c0000000,0x00000000c9216d20,0x00000000cbf80000)
 Metaspace       used 62202K, committed 63296K, reserved 1114112K
  class space    used 6580K, committed 7040K, reserved 1048576K
}
Event: 8.402 GC heap before
{Heap before GC invocations=72 (full 5):
 PSYoungGen      total 43008K, used 42528K [0x00000000eab00000, 0x00000000ee480000, 0x0000000100000000)
  eden space 32256K, 100% used [0x00000000eab00000,0x00000000eca80000,0x00000000eca80000)
  from space 10752K, 95% used [0x00000000eda00000,0x00000000ee408058,0x00000000ee480000)
  to   space 12288K, 0% used [0x00000000ecc80000,0x00000000ecc80000,0x00000000ed880000)
 ParOldGen       total 196096K, used 149595K [0x00000000c0000000, 0x00000000cbf80000, 0x00000000eab00000)
  object space 196096K, 76% used [0x00000000c0000000,0x00000000c9216d20,0x00000000cbf80000)
 Metaspace       used 62479K, committed 63552K, reserved 1114112K
  class space    used 6600K, committed 7040K, reserved 1048576K
}
Event: 8.415 GC heap after
{Heap after GC invocations=72 (full 5):
 PSYoungGen      total 46592K, used 12265K [0x00000000eab00000, 0x00000000ef400000, 0x0000000100000000)
  eden space 34304K, 0% used [0x00000000eab00000,0x00000000eab00000,0x00000000ecc80000)
  from space 12288K, 99% used [0x00000000ecc80000,0x00000000ed87a780,0x00000000ed880000)
  to   space 19968K, 0% used [0x00000000ee080000,0x00000000ee080000,0x00000000ef400000)
 ParOldGen       total 196096K, used 155740K [0x00000000c0000000, 0x00000000cbf80000, 0x00000000eab00000)
  object space 196096K, 79% used [0x00000000c0000000,0x00000000c9817158,0x00000000cbf80000)
 Metaspace       used 62479K, committed 63552K, reserved 1114112K
  class space    used 6600K, committed 7040K, reserved 1048576K
}
Event: 8.511 GC heap before
{Heap before GC invocations=73 (full 5):
 PSYoungGen      total 46592K, used 46569K [0x00000000eab00000, 0x00000000ef400000, 0x0000000100000000)
  eden space 34304K, 100% used [0x00000000eab00000,0x00000000ecc80000,0x00000000ecc80000)
  from space 12288K, 99% used [0x00000000ecc80000,0x00000000ed87a780,0x00000000ed880000)
  to   space 19968K, 0% used [0x00000000ee080000,0x00000000ee080000,0x00000000ef400000)
 ParOldGen       total 196096K, used 155740K [0x00000000c0000000, 0x00000000cbf80000, 0x00000000eab00000)
  object space 196096K, 79% used [0x00000000c0000000,0x00000000c9817158,0x00000000cbf80000)
 Metaspace       used 62498K, committed 63552K, reserved 1114112K
  class space    used 6600K, committed 7040K, reserved 1048576K
}
Event: 8.521 GC heap after
{Heap after GC invocations=73 (full 5):
 PSYoungGen      total 47616K, used 10211K [0x00000000eab00000, 0x00000000eea80000, 0x0000000100000000)
  eden space 37376K, 0% used [0x00000000eab00000,0x00000000eab00000,0x00000000ecf80000)
  from space 10240K, 99% used [0x00000000ee080000,0x00000000eea78e00,0x00000000eea80000)
  to   space 13312K, 0% used [0x00000000ed080000,0x00000000ed080000,0x00000000edd80000)
 ParOldGen       total 196096K, used 163991K [0x00000000c0000000, 0x00000000cbf80000, 0x00000000eab00000)
  object space 196096K, 83% used [0x00000000c0000000,0x00000000ca025dc8,0x00000000cbf80000)
 Metaspace       used 62498K, committed 63552K, reserved 1114112K
  class space    used 6600K, committed 7040K, reserved 1048576K
}
Event: 8.626 GC heap before
{Heap before GC invocations=74 (full 5):
 PSYoungGen      total 47616K, used 47587K [0x00000000eab00000, 0x00000000eea80000, 0x0000000100000000)
  eden space 37376K, 100% used [0x00000000eab00000,0x00000000ecf80000,0x00000000ecf80000)
  from space 10240K, 99% used [0x00000000ee080000,0x00000000eea78e00,0x00000000eea80000)
  to   space 13312K, 0% used [0x00000000ed080000,0x00000000ed080000,0x00000000edd80000)
 ParOldGen       total 196096K, used 163991K [0x00000000c0000000, 0x00000000cbf80000, 0x00000000eab00000)
  object space 196096K, 83% used [0x00000000c0000000,0x00000000ca025dc8,0x00000000cbf80000)
 Metaspace       used 62549K, committed 63552K, reserved 1114112K
  class space    used 6605K, committed 7040K, reserved 1048576K
}
Event: 8.635 GC heap after
{Heap after GC invocations=74 (full 5):
 PSYoungGen      total 51712K, used 13308K [0x00000000eab00000, 0x00000000ef780000, 0x0000000100000000)
  eden space 38400K, 0% used [0x00000000eab00000,0x00000000eab00000,0x00000000ed080000)
  from space 13312K, 99% used [0x00000000ed080000,0x00000000edd7f388,0x00000000edd80000)
  to   space 18944K, 0% used [0x00000000ee500000,0x00000000ee500000,0x00000000ef780000)
 ParOldGen       total 196096K, used 167872K [0x00000000c0000000, 0x00000000cbf80000, 0x00000000eab00000)
  object space 196096K, 85% used [0x00000000c0000000,0x00000000ca3f0278,0x00000000cbf80000)
 Metaspace       used 62549K, committed 63552K, reserved 1114112K
  class space    used 6605K, committed 7040K, reserved 1048576K
}
Event: 8.738 GC heap before
{Heap before GC invocations=75 (full 5):
 PSYoungGen      total 51712K, used 51708K [0x00000000eab00000, 0x00000000ef780000, 0x0000000100000000)
  eden space 38400K, 100% used [0x00000000eab00000,0x00000000ed080000,0x00000000ed080000)
  from space 13312K, 99% used [0x00000000ed080000,0x00000000edd7f388,0x00000000edd80000)
  to   space 18944K, 0% used [0x00000000ee500000,0x00000000ee500000,0x00000000ef780000)
 ParOldGen       total 196096K, used 167872K [0x00000000c0000000, 0x00000000cbf80000, 0x00000000eab00000)
  object space 196096K, 85% used [0x00000000c0000000,0x00000000ca3f0278,0x00000000cbf80000)
 Metaspace       used 62551K, committed 63552K, reserved 1114112K
  class space    used 6605K, committed 7040K, reserved 1048576K
}
Event: 8.748 GC heap after
{Heap after GC invocations=75 (full 5):
 PSYoungGen      total 55296K, used 13577K [0x00000000eab00000, 0x00000000ef280000, 0x0000000100000000)
  eden space 41472K, 0% used [0x00000000eab00000,0x00000000eab00000,0x00000000ed380000)
  from space 13824K, 98% used [0x00000000ee500000,0x00000000ef242568,0x00000000ef280000)
  to   space 15360K, 0% used [0x00000000ed480000,0x00000000ed480000,0x00000000ee380000)
 ParOldGen       total 196096K, used 175092K [0x00000000c0000000, 0x00000000cbf80000, 0x00000000eab00000)
  object space 196096K, 89% used [0x00000000c0000000,0x00000000caafd270,0x00000000cbf80000)
 Metaspace       used 62551K, committed 63552K, reserved 1114112K
  class space    used 6605K, committed 7040K, reserved 1048576K
}
Event: 8.840 GC heap before
{Heap before GC invocations=76 (full 5):
 PSYoungGen      total 55296K, used 55049K [0x00000000eab00000, 0x00000000ef280000, 0x0000000100000000)
  eden space 41472K, 100% used [0x00000000eab00000,0x00000000ed380000,0x00000000ed380000)
  from space 13824K, 98% used [0x00000000ee500000,0x00000000ef242568,0x00000000ef280000)
  to   space 15360K, 0% used [0x00000000ed480000,0x00000000ed480000,0x00000000ee380000)
 ParOldGen       total 196096K, used 175092K [0x00000000c0000000, 0x00000000cbf80000, 0x00000000eab00000)
  object space 196096K, 89% used [0x00000000c0000000,0x00000000caafd270,0x00000000cbf80000)
 Metaspace       used 62556K, committed 63552K, reserved 1114112K
  class space    used 6606K, committed 7040K, reserved 1048576K
}
Event: 8.848 GC heap after
{Heap after GC invocations=76 (full 5):
 PSYoungGen      total 57856K, used 15328K [0x00000000eab00000, 0x00000000f0000000, 0x0000000100000000)
  eden space 42496K, 0% used [0x00000000eab00000,0x00000000eab00000,0x00000000ed480000)
  from space 15360K, 99% used [0x00000000ed480000,0x00000000ee3783d0,0x00000000ee380000)
  to   space 20992K, 0% used [0x00000000eeb80000,0x00000000eeb80000,0x00000000f0000000)
 ParOldGen       total 196096K, used 179299K [0x00000000c0000000, 0x00000000cbf80000, 0x00000000eab00000)
  object space 196096K, 91% used [0x00000000c0000000,0x00000000caf18fb0,0x00000000cbf80000)
 Metaspace       used 62556K, committed 63552K, reserved 1114112K
  class space    used 6606K, committed 7040K, reserved 1048576K
}
Event: 8.918 GC heap before
{Heap before GC invocations=77 (full 5):
 PSYoungGen      total 57856K, used 57824K [0x00000000eab00000, 0x00000000f0000000, 0x0000000100000000)
  eden space 42496K, 100% used [0x00000000eab00000,0x00000000ed480000,0x00000000ed480000)
  from space 15360K, 99% used [0x00000000ed480000,0x00000000ee3783d0,0x00000000ee380000)
  to   space 20992K, 0% used [0x00000000eeb80000,0x00000000eeb80000,0x00000000f0000000)
 ParOldGen       total 196096K, used 179299K [0x00000000c0000000, 0x00000000cbf80000, 0x00000000eab00000)
  object space 196096K, 91% used [0x00000000c0000000,0x00000000caf18fb0,0x00000000cbf80000)
 Metaspace       used 62727K, committed 63744K, reserved 1114112K
  class space    used 6614K, committed 7040K, reserved 1048576K
}

Dll operation events (10 events):
Event: 0.008 Loaded shared library c:\Users\ASUS\.vscode\extensions\redhat.java-1.38.0-win32-x64\jre\17.0.13-win32-x86_64\bin\java.dll
Event: 0.137 Loaded shared library c:\Users\ASUS\.vscode\extensions\redhat.java-1.38.0-win32-x64\jre\17.0.13-win32-x86_64\bin\zip.dll
Event: 0.140 Loaded shared library C:\Users\ASUS\.vscode\extensions\redhat.java-1.38.0-win32-x64\jre\17.0.13-win32-x86_64\bin\instrument.dll
Event: 0.152 Loaded shared library C:\Users\ASUS\.vscode\extensions\redhat.java-1.38.0-win32-x64\jre\17.0.13-win32-x86_64\bin\net.dll
Event: 0.154 Loaded shared library C:\Users\ASUS\.vscode\extensions\redhat.java-1.38.0-win32-x64\jre\17.0.13-win32-x86_64\bin\nio.dll
Event: 0.160 Loaded shared library C:\Users\ASUS\.vscode\extensions\redhat.java-1.38.0-win32-x64\jre\17.0.13-win32-x86_64\bin\zip.dll
Event: 0.178 Loaded shared library C:\Users\ASUS\.vscode\extensions\redhat.java-1.38.0-win32-x64\jre\17.0.13-win32-x86_64\bin\jimage.dll
Event: 0.238 Loaded shared library c:\Users\ASUS\.vscode\extensions\redhat.java-1.38.0-win32-x64\jre\17.0.13-win32-x86_64\bin\verify.dll
Event: 1.250 Loaded shared library C:\Users\ASUS\AppData\Roaming\Code\User\globalStorage\redhat.java\1.38.0\config_win\org.eclipse.equinox.launcher\org.eclipse.equinox.launcher.win32.win32.x86_64_1.2.1100.v20240722-2106\eclipse_11904.dll
Event: 2.885 Loaded shared library C:\Users\ASUS\AppData\Local\Temp\jna-2018896\jna14153121489777027433.dll

Deoptimization events (20 events):
Event: 8.473 Thread 0x000001a33f5d46a0 Uncommon trap: trap_request=0xffffff45 fr.pc=0x000001a32e13678c relative=0x0000000000000d2c
Event: 8.473 Thread 0x000001a33f5d46a0 Uncommon trap: reason=unstable_if action=reinterpret pc=0x000001a32e13678c method=org.eclipse.jdt.internal.compiler.classfmt.FieldInfo.createField([B[IIJ)Lorg/eclipse/jdt/internal/compiler/classfmt/FieldInfo; @ 167 c2
Event: 8.473 Thread 0x000001a33f5d46a0 DEOPT PACKING pc=0x000001a32e13678c sp=0x0000006f21afe950
Event: 8.473 Thread 0x000001a33f5d46a0 DEOPT UNPACKING pc=0x000001a32d9c66a3 sp=0x0000006f21afe8b8 mode 2
Event: 8.474 Thread 0x000001a33f5d6f20 DEOPT PACKING pc=0x000001a327388cf7 sp=0x0000006f215fee50
Event: 8.474 Thread 0x000001a33f5d6f20 DEOPT UNPACKING pc=0x000001a32d9c6e43 sp=0x0000006f215fe430 mode 0
Event: 8.531 Thread 0x000001a33f5d6f20 DEOPT PACKING pc=0x000001a326e6cbac sp=0x0000006f215fedb0
Event: 8.531 Thread 0x000001a33f5d6f20 DEOPT UNPACKING pc=0x000001a32d9c6e43 sp=0x0000006f215fe330 mode 0
Event: 8.579 Thread 0x000001a340a99630 DEOPT PACKING pc=0x000001a327174ef3 sp=0x0000006f230fefb0
Event: 8.579 Thread 0x000001a340a99630 DEOPT UNPACKING pc=0x000001a32d9c6e43 sp=0x0000006f230fe498 mode 0
Event: 8.582 Thread 0x000001a340a99630 DEOPT PACKING pc=0x000001a327174ef3 sp=0x0000006f230fefb0
Event: 8.582 Thread 0x000001a340a99630 DEOPT UNPACKING pc=0x000001a32d9c6e43 sp=0x0000006f230fe498 mode 0
Event: 8.807 Thread 0x000001a33f5d6f20 Uncommon trap: trap_request=0xffffff45 fr.pc=0x000001a32e4c201c relative=0x000000000000123c
Event: 8.807 Thread 0x000001a33f5d6f20 Uncommon trap: reason=unstable_if action=reinterpret pc=0x000001a32e4c201c method=sun.nio.fs.WindowsPathParser.normalize(Ljava/lang/StringBuilder;Ljava/lang/String;I)Ljava/lang/String; @ 100 c2
Event: 8.807 Thread 0x000001a33f5d6f20 DEOPT PACKING pc=0x000001a32e4c201c sp=0x0000006f215fefb0
Event: 8.807 Thread 0x000001a33f5d6f20 DEOPT UNPACKING pc=0x000001a32d9c66a3 sp=0x0000006f215fefa0 mode 2
Event: 8.809 Thread 0x000001a33f5d6f20 Uncommon trap: trap_request=0xffffff45 fr.pc=0x000001a32e4ee4f0 relative=0x0000000000001550
Event: 8.809 Thread 0x000001a33f5d6f20 Uncommon trap: reason=unstable_if action=reinterpret pc=0x000001a32e4ee4f0 method=org.eclipse.jdt.internal.compiler.parser.Scanner.internalScanIdentifierOrKeyword(II[C)I @ 3977 c2
Event: 8.809 Thread 0x000001a33f5d6f20 DEOPT PACKING pc=0x000001a32e4ee4f0 sp=0x0000006f215fe6d0
Event: 8.809 Thread 0x000001a33f5d6f20 DEOPT UNPACKING pc=0x000001a32d9c66a3 sp=0x0000006f215fe658 mode 2

Classes loaded (20 events):
Event: 8.211 Loading class jdk/internal/math/FormattedFloatingDecimal$2
Event: 8.211 Loading class jdk/internal/math/FormattedFloatingDecimal$2 done
Event: 8.269 Loading class java/util/TreeMap$ValueSpliterator
Event: 8.269 Loading class java/util/TreeMap$TreeMapSpliterator
Event: 8.269 Loading class java/util/TreeMap$TreeMapSpliterator done
Event: 8.269 Loading class java/util/TreeMap$ValueSpliterator done
Event: 8.280 Loading class java/util/AbstractList$RandomAccessSpliterator
Event: 8.280 Loading class java/util/AbstractList$RandomAccessSpliterator done
Event: 8.307 Loading class java/util/concurrent/CompletionException
Event: 8.307 Loading class java/util/concurrent/CompletionException done
Event: 8.310 Loading class java/nio/file/FileTreeWalker$1
Event: 8.310 Loading class java/nio/file/FileTreeWalker$1 done
Event: 8.311 Loading class sun/nio/fs/Globs
Event: 8.311 Loading class sun/nio/fs/Globs done
Event: 8.311 Loading class java/util/regex/Pattern$SliceU
Event: 8.311 Loading class java/util/regex/Pattern$SliceU done
Event: 8.311 Loading class sun/nio/fs/WindowsFileSystem$2
Event: 8.312 Loading class java/nio/file/PathMatcher
Event: 8.312 Loading class java/nio/file/PathMatcher done
Event: 8.312 Loading class sun/nio/fs/WindowsFileSystem$2 done

Classes unloaded (14 events):
Event: 3.989 Thread 0x000001a3239186c0 Unloading class 0x0000000100253000 'java/lang/invoke/LambdaForm$MH+0x0000000100253000'
Event: 3.989 Thread 0x000001a3239186c0 Unloading class 0x0000000100252c00 'java/lang/invoke/LambdaForm$MH+0x0000000100252c00'
Event: 3.989 Thread 0x000001a3239186c0 Unloading class 0x0000000100252800 'java/lang/invoke/LambdaForm$MH+0x0000000100252800'
Event: 3.989 Thread 0x000001a3239186c0 Unloading class 0x0000000100252400 'java/lang/invoke/LambdaForm$MH+0x0000000100252400'
Event: 3.989 Thread 0x000001a3239186c0 Unloading class 0x0000000100252000 'java/lang/invoke/LambdaForm$BMH+0x0000000100252000'
Event: 3.989 Thread 0x000001a3239186c0 Unloading class 0x0000000100251c00 'java/lang/invoke/LambdaForm$DMH+0x0000000100251c00'
Event: 3.989 Thread 0x000001a3239186c0 Unloading class 0x000000010024c400 'java/lang/invoke/LambdaForm$DMH+0x000000010024c400'
Event: 6.055 Thread 0x000001a3239186c0 Unloading class 0x0000000100448000 'java/lang/invoke/LambdaForm$MH+0x0000000100448000'
Event: 6.055 Thread 0x000001a3239186c0 Unloading class 0x0000000100445800 'java/lang/invoke/LambdaForm$MH+0x0000000100445800'
Event: 6.055 Thread 0x000001a3239186c0 Unloading class 0x0000000100444c00 'java/lang/invoke/LambdaForm$MH+0x0000000100444c00'
Event: 6.055 Thread 0x000001a3239186c0 Unloading class 0x0000000100444400 'java/lang/invoke/LambdaForm$MH+0x0000000100444400'
Event: 6.055 Thread 0x000001a3239186c0 Unloading class 0x0000000100444000 'java/lang/invoke/LambdaForm$DMH+0x0000000100444000'
Event: 6.055 Thread 0x000001a3239186c0 Unloading class 0x0000000100443400 'java/lang/invoke/LambdaForm$MH+0x0000000100443400'
Event: 6.055 Thread 0x000001a3239186c0 Unloading class 0x0000000100442c00 'java/lang/invoke/LambdaForm$MH+0x0000000100442c00'

Classes redefined (0 events):
No events

Internal exceptions (20 events):
Event: 8.799 Thread 0x000001a33f5d6f20 Exception <a 'sun/nio/fs/WindowsException'{0x00000000eb931b48}> (0x00000000eb931b48) 
thrown [s\src\hotspot\share\prims\jni.cpp, line 516]
Event: 8.800 Thread 0x000001a33f5d6f20 Exception <a 'sun/nio/fs/WindowsException'{0x00000000eb9e1e78}> (0x00000000eb9e1e78) 
thrown [s\src\hotspot\share\prims\jni.cpp, line 516]
Event: 8.800 Thread 0x000001a33f5d6f20 Exception <a 'sun/nio/fs/WindowsException'{0x00000000eb9e6288}> (0x00000000eb9e6288) 
thrown [s\src\hotspot\share\prims\jni.cpp, line 516]
Event: 8.800 Thread 0x000001a33f5d6f20 Exception <a 'sun/nio/fs/WindowsException'{0x00000000eb9e9c98}> (0x00000000eb9e9c98) 
thrown [s\src\hotspot\share\prims\jni.cpp, line 516]
Event: 8.800 Thread 0x000001a33f5d6f20 Exception <a 'sun/nio/fs/WindowsException'{0x00000000eb9ed428}> (0x00000000eb9ed428) 
thrown [s\src\hotspot\share\prims\jni.cpp, line 516]
Event: 8.801 Thread 0x000001a33f5d6f20 Exception <a 'sun/nio/fs/WindowsException'{0x00000000eb9f15b8}> (0x00000000eb9f15b8) 
thrown [s\src\hotspot\share\prims\jni.cpp, line 516]
Event: 8.802 Thread 0x000001a33f5d6f20 Exception <a 'sun/nio/fs/WindowsException'{0x00000000eb9f4fc8}> (0x00000000eb9f4fc8) 
thrown [s\src\hotspot\share\prims\jni.cpp, line 516]
Event: 8.803 Thread 0x000001a33f5d6f20 Exception <a 'sun/nio/fs/WindowsException'{0x00000000eb9f8758}> (0x00000000eb9f8758) 
thrown [s\src\hotspot\share\prims\jni.cpp, line 516]
Event: 8.803 Thread 0x000001a33f5d6f20 Exception <a 'sun/nio/fs/WindowsException'{0x00000000eb9fc168}> (0x00000000eb9fc168) 
thrown [s\src\hotspot\share\prims\jni.cpp, line 516]
Event: 8.803 Thread 0x000001a33f5d6f20 Exception <a 'sun/nio/fs/WindowsException'{0x00000000ebaab688}> (0x00000000ebaab688) 
thrown [s\src\hotspot\share\prims\jni.cpp, line 516]
Event: 8.804 Thread 0x000001a33f5d6f20 Exception <a 'sun/nio/fs/WindowsException'{0x00000000ebaaee18}> (0x00000000ebaaee18) 
thrown [s\src\hotspot\share\prims\jni.cpp, line 516]
Event: 8.804 Thread 0x000001a33f5d6f20 Exception <a 'sun/nio/fs/WindowsException'{0x00000000ebab34d0}> (0x00000000ebab34d0) 
thrown [s\src\hotspot\share\prims\jni.cpp, line 516]
Event: 8.805 Thread 0x000001a33f5d6f20 Exception <a 'sun/nio/fs/WindowsException'{0x00000000ebab6008}> (0x00000000ebab6008) 
thrown [s\src\hotspot\share\prims\jni.cpp, line 516]
Event: 8.805 Thread 0x000001a33f5d6f20 Exception <a 'sun/nio/fs/WindowsException'{0x00000000ebab9388}> (0x00000000ebab9388) 
thrown [s\src\hotspot\share\prims\jni.cpp, line 516]
Event: 8.805 Thread 0x000001a33f5d6f20 Exception <a 'sun/nio/fs/WindowsException'{0x00000000ebabbed8}> (0x00000000ebabbed8) 
thrown [s\src\hotspot\share\prims\jni.cpp, line 516]
Event: 8.805 Thread 0x000001a33f5d6f20 Exception <a 'sun/nio/fs/WindowsException'{0x00000000ebabec48}> (0x00000000ebabec48) 
thrown [s\src\hotspot\share\prims\jni.cpp, line 516]
Event: 8.806 Thread 0x000001a33f5d6f20 Exception <a 'sun/nio/fs/WindowsException'{0x00000000ebac1a08}> (0x00000000ebac1a08) 
thrown [s\src\hotspot\share\prims\jni.cpp, line 516]
Event: 8.806 Thread 0x000001a33f5d6f20 Exception <a 'sun/nio/fs/WindowsException'{0x00000000ebb70a18}> (0x00000000ebb70a18) 
thrown [s\src\hotspot\share\prims\jni.cpp, line 516]
Event: 8.806 Thread 0x000001a33f5d6f20 Exception <a 'sun/nio/fs/WindowsException'{0x00000000ebb732a0}> (0x00000000ebb732a0) 
thrown [s\src\hotspot\share\prims\jni.cpp, line 516]
Event: 8.806 Thread 0x000001a33f5d6f20 Exception <a 'sun/nio/fs/WindowsException'{0x00000000ebb77690}> (0x00000000ebb77690) 
thrown [s\src\hotspot\share\prims\jni.cpp, line 516]

VM Operations (20 events):
Event: 8.019 Executing VM operation: ParallelGCFailedAllocation done
Event: 8.044 Executing VM operation: HandshakeAllThreads
Event: 8.044 Executing VM operation: HandshakeAllThreads done
Event: 8.091 Executing VM operation: ParallelGCFailedAllocation
Event: 8.097 Executing VM operation: ParallelGCFailedAllocation done
Event: 8.177 Executing VM operation: ParallelGCFailedAllocation
Event: 8.185 Executing VM operation: ParallelGCFailedAllocation done
Event: 8.270 Executing VM operation: ParallelGCFailedAllocation
Event: 8.279 Executing VM operation: ParallelGCFailedAllocation done
Event: 8.402 Executing VM operation: ParallelGCFailedAllocation
Event: 8.415 Executing VM operation: ParallelGCFailedAllocation done
Event: 8.511 Executing VM operation: ParallelGCFailedAllocation
Event: 8.521 Executing VM operation: ParallelGCFailedAllocation done
Event: 8.626 Executing VM operation: ParallelGCFailedAllocation
Event: 8.635 Executing VM operation: ParallelGCFailedAllocation done
Event: 8.738 Executing VM operation: ParallelGCFailedAllocation
Event: 8.748 Executing VM operation: ParallelGCFailedAllocation done
Event: 8.840 Executing VM operation: ParallelGCFailedAllocation
Event: 8.848 Executing VM operation: ParallelGCFailedAllocation done
Event: 8.918 Executing VM operation: ParallelGCFailedAllocation

Memory protections (0 events):
No events

Nmethod flushes (20 events):
Event: 5.308 Thread 0x000001a33c8ad330 flushing  nmethod 0x000001a32713bd10
Event: 5.308 Thread 0x000001a33c8ad330 flushing  nmethod 0x000001a32714ae90
Event: 5.308 Thread 0x000001a33c8ad330 flushing  nmethod 0x000001a32714c790
Event: 5.308 Thread 0x000001a33c8ad330 flushing  nmethod 0x000001a32714f190
Event: 5.308 Thread 0x000001a33c8ad330 flushing  nmethod 0x000001a32714f510
Event: 5.308 Thread 0x000001a33c8ad330 flushing  nmethod 0x000001a327151a90
Event: 5.308 Thread 0x000001a33c8ad330 flushing  nmethod 0x000001a327156d10
Event: 5.308 Thread 0x000001a33c8ad330 flushing  nmethod 0x000001a327158790
Event: 5.308 Thread 0x000001a33c8ad330 flushing  nmethod 0x000001a327159a10
Event: 5.308 Thread 0x000001a33c8ad330 flushing  nmethod 0x000001a327165710
Event: 5.308 Thread 0x000001a33c8ad330 flushing  nmethod 0x000001a327167b90
Event: 5.308 Thread 0x000001a33c8ad330 flushing  nmethod 0x000001a327171190
Event: 7.616 Thread 0x000001a33c8ad330 flushing  nmethod 0x000001a3266c8590
Event: 7.621 Thread 0x000001a33c8ad330 flushing  nmethod 0x000001a326d43290
Event: 7.624 Thread 0x000001a33c8ad330 flushing  nmethod 0x000001a326f3c010
Event: 7.625 Thread 0x000001a33c8ad330 flushing  nmethod 0x000001a326f6bf10
Event: 7.625 Thread 0x000001a33c8ad330 flushing  nmethod 0x000001a326f76390
Event: 7.625 Thread 0x000001a33c8ad330 flushing  nmethod 0x000001a326f7ae90
Event: 7.625 Thread 0x000001a33c8ad330 flushing  nmethod 0x000001a326f7bb90
Event: 7.631 Thread 0x000001a33c8ad330 flushing  nmethod 0x000001a32717a690

Events (20 events):
Event: 5.540 Thread 0x000001a340a99630 Thread added: 0x000001a341e233a0
Event: 5.540 Thread 0x000001a341e1f1d0 Thread added: 0x000001a341e24cf0
Event: 5.540 Thread 0x000001a341e1ecc0 Thread added: 0x000001a341e20100
Event: 5.540 Thread 0x000001a341e233a0 Thread added: 0x000001a341e238b0
Event: 6.587 Thread 0x000001a340a99630 Thread added: 0x000001a341e21030
Event: 7.627 Thread 0x000001a340a99630 Thread added: 0x000001a341e21a50
Event: 7.659 Thread 0x000001a340a99630 Thread added: 0x000001a341e22e90
Event: 7.660 Thread 0x000001a340a99630 Thread added: 0x000001a341e25200
Event: 7.679 Thread 0x000001a340a99630 Thread added: 0x000001a33f5d55d0
Event: 7.700 Thread 0x000001a340a99630 Thread added: 0x000001a33f5d5ae0
Event: 7.707 Thread 0x000001a340a99630 Thread added: 0x000001a340a95970
Event: 7.718 Thread 0x000001a340a99630 Thread added: 0x000001a34c990470
Event: 7.725 Thread 0x000001a340a99630 Thread added: 0x000001a34c98f030
Event: 7.728 Thread 0x000001a340a99630 Thread added: 0x000001a34c991dc0
Event: 7.797 Thread 0x000001a340a99630 Thread added: 0x000001a34c990980
Event: 7.885 Thread 0x000001a340a99630 Thread added: 0x000001a34c98e610
Event: 7.892 Thread 0x000001a340a99630 Thread added: 0x000001a34c990e90
Event: 7.895 Thread 0x000001a340a99630 Thread added: 0x000001a34c9918b0
Event: 7.902 Thread 0x000001a340a99630 Thread added: 0x000001a34c98eb20
Event: 8.400 Thread 0x000001a33f5d3c80 Thread exited: 0x000001a33f5d3c80


Dynamic libraries:
0x00007ff7dff80000 - 0x00007ff7dff8e000 	c:\Users\ASUS\.vscode\extensions\redhat.java-1.38.0-win32-x64\jre\17.0.13-win32-x86_64\bin\java.exe
0x00007ff840670000 - 0x00007ff840887000 	C:\Windows\SYSTEM32\ntdll.dll
0x00007ff83f670000 - 0x00007ff83f734000 	C:\Windows\System32\KERNEL32.DLL
0x00007ff83ddc0000 - 0x00007ff83e17a000 	C:\Windows\System32\KERNELBASE.dll
0x00007ff83da10000 - 0x00007ff83db21000 	C:\Windows\System32\ucrtbase.dll
0x00007ffffd5e0000 - 0x00007ffffd5f7000 	c:\Users\ASUS\.vscode\extensions\redhat.java-1.38.0-win32-x64\jre\17.0.13-win32-x86_64\bin\jli.dll
0x00007ffffa9c0000 - 0x00007ffffa9de000 	c:\Users\ASUS\.vscode\extensions\redhat.java-1.38.0-win32-x64\jre\17.0.13-win32-x86_64\bin\VCRUNTIME140.dll
0x00007ff83e700000 - 0x00007ff83e8ae000 	C:\Windows\System32\USER32.dll
0x00007ff83d940000 - 0x00007ff83d966000 	C:\Windows\System32\win32u.dll
0x00007ff83cc80000 - 0x00007ff83cf12000 	C:\Windows\WinSxS\amd64_microsoft.windows.common-controls_6595b64144ccf1df_6.0.22621.4541_none_2710d1c57384c085\COMCTL32.dll
0x00007ff83f9e0000 - 0x00007ff83fa09000 	C:\Windows\System32\GDI32.dll
0x00007ff83ebf0000 - 0x00007ff83ec97000 	C:\Windows\System32\msvcrt.dll
0x00007ff83dc70000 - 0x00007ff83dd8b000 	C:\Windows\System32\gdi32full.dll
0x00007ff83d970000 - 0x00007ff83da0a000 	C:\Windows\System32\msvcp_win.dll
0x00007ff83e370000 - 0x00007ff83e3a1000 	C:\Windows\System32\IMM32.DLL
0x00007ff824740000 - 0x00007ff82474c000 	c:\Users\ASUS\.vscode\extensions\redhat.java-1.38.0-win32-x64\jre\17.0.13-win32-x86_64\bin\vcruntime140_1.dll
0x00007fffe73c0000 - 0x00007fffe744d000 	c:\Users\ASUS\.vscode\extensions\redhat.java-1.38.0-win32-x64\jre\17.0.13-win32-x86_64\bin\msvcp140.dll
0x00007fffae970000 - 0x00007fffaf5db000 	c:\Users\ASUS\.vscode\extensions\redhat.java-1.38.0-win32-x64\jre\17.0.13-win32-x86_64\bin\server\jvm.dll
0x00007ff83f920000 - 0x00007ff83f9d2000 	C:\Windows\System32\ADVAPI32.dll
0x00007ff83f740000 - 0x00007ff83f7e7000 	C:\Windows\System32\sechost.dll
0x00007ff83dd90000 - 0x00007ff83ddb8000 	C:\Windows\System32\bcrypt.dll
0x00007ff83e560000 - 0x00007ff83e674000 	C:\Windows\System32\RPCRT4.dll
0x00007ff83e680000 - 0x00007ff83e6f1000 	C:\Windows\System32\WS2_32.dll
0x00007ff83d250000 - 0x00007ff83d29d000 	C:\Windows\SYSTEM32\POWRPROF.dll
0x00007ff8372b0000 - 0x00007ff8372e4000 	C:\Windows\SYSTEM32\WINMM.dll
0x00007ff8241d0000 - 0x00007ff8241da000 	C:\Windows\SYSTEM32\VERSION.dll
0x00007ff83cf60000 - 0x00007ff83cf73000 	C:\Windows\SYSTEM32\UMPDC.dll
0x00007ff83c120000 - 0x00007ff83c138000 	C:\Windows\SYSTEM32\kernel.appcore.dll
0x00007ff819650000 - 0x00007ff81965a000 	c:\Users\ASUS\.vscode\extensions\redhat.java-1.38.0-win32-x64\jre\17.0.13-win32-x86_64\bin\jimage.dll
0x00007ff83d2a0000 - 0x00007ff83d4d2000 	C:\Windows\SYSTEM32\DBGHELP.DLL
0x00007ff83f250000 - 0x00007ff83f5df000 	C:\Windows\System32\combase.dll
0x00007ff83f840000 - 0x00007ff83f917000 	C:\Windows\System32\OLEAUT32.dll
0x00007ff83d140000 - 0x00007ff83d172000 	C:\Windows\SYSTEM32\dbgcore.DLL
0x00007ff83e180000 - 0x00007ff83e1fb000 	C:\Windows\System32\bcryptPrimitives.dll
0x00007ff818f60000 - 0x00007ff818f6e000 	c:\Users\ASUS\.vscode\extensions\redhat.java-1.38.0-win32-x64\jre\17.0.13-win32-x86_64\bin\instrument.dll
0x00007ffff4040000 - 0x00007ffff4065000 	c:\Users\ASUS\.vscode\extensions\redhat.java-1.38.0-win32-x64\jre\17.0.13-win32-x86_64\bin\java.dll
0x00007ffffa9a0000 - 0x00007ffffa9b8000 	c:\Users\ASUS\.vscode\extensions\redhat.java-1.38.0-win32-x64\jre\17.0.13-win32-x86_64\bin\zip.dll
0x00007ff83fb80000 - 0x00007ff8403f8000 	C:\Windows\System32\SHELL32.dll
0x00007ff83adf0000 - 0x00007ff83b6f8000 	C:\Windows\SYSTEM32\windows.storage.dll
0x00007ff83acb0000 - 0x00007ff83adef000 	C:\Windows\SYSTEM32\wintypes.dll
0x00007ff83fa80000 - 0x00007ff83fb7a000 	C:\Windows\System32\SHCORE.dll
0x00007ff83fa10000 - 0x00007ff83fa6e000 	C:\Windows\System32\shlwapi.dll
0x00007ff83d870000 - 0x00007ff83d89b000 	C:\Windows\SYSTEM32\profapi.dll
0x00007ff834ba0000 - 0x00007ff834bb9000 	C:\Users\ASUS\.vscode\extensions\redhat.java-1.38.0-win32-x64\jre\17.0.13-win32-x86_64\bin\net.dll
0x00007ff838af0000 - 0x00007ff838c26000 	C:\Windows\SYSTEM32\WINHTTP.dll
0x00007ff83c590000 - 0x00007ff83c5f9000 	C:\Windows\system32\mswsock.dll
0x00007ff834b80000 - 0x00007ff834b96000 	C:\Users\ASUS\.vscode\extensions\redhat.java-1.38.0-win32-x64\jre\17.0.13-win32-x86_64\bin\nio.dll
0x00007ff834b60000 - 0x00007ff834b70000 	c:\Users\ASUS\.vscode\extensions\redhat.java-1.38.0-win32-x64\jre\17.0.13-win32-x86_64\bin\verify.dll
0x00007ff8191b0000 - 0x00007ff8191f5000 	C:\Users\ASUS\AppData\Roaming\Code\User\globalStorage\redhat.java\1.38.0\config_win\org.eclipse.equinox.launcher\org.eclipse.equinox.launcher.win32.win32.x86_64_1.2.1100.v20240722-2106\eclipse_11904.dll
0x00007ff83e3b0000 - 0x00007ff83e555000 	C:\Windows\System32\ole32.dll
0x00007ff83d5e0000 - 0x00007ff83d5fb000 	C:\Windows\SYSTEM32\CRYPTSP.dll
0x00007ff83c3c0000 - 0x00007ff83c3f5000 	C:\Windows\system32\rsaenh.dll
0x00007ff83c6a0000 - 0x00007ff83c6c8000 	C:\Windows\SYSTEM32\USERENV.dll
0x00007ff83ca00000 - 0x00007ff83ca0c000 	C:\Windows\SYSTEM32\CRYPTBASE.dll
0x00007ff83bba0000 - 0x00007ff83bbcd000 	C:\Windows\SYSTEM32\IPHLPAPI.DLL
0x00007ff83f5e0000 - 0x00007ff83f5e9000 	C:\Windows\System32\NSI.dll
0x00007ff837510000 - 0x00007ff837529000 	C:\Windows\SYSTEM32\dhcpcsvc6.DLL
0x00007ff8370d0000 - 0x00007ff8370ef000 	C:\Windows\SYSTEM32\dhcpcsvc.DLL
0x00007ff83bbd0000 - 0x00007ff83bcd2000 	C:\Windows\SYSTEM32\DNSAPI.dll
0x00007ff819160000 - 0x00007ff8191a9000 	C:\Users\ASUS\AppData\Local\Temp\jna-2018896\jna14153121489777027433.dll
0x00007ff83fa70000 - 0x00007ff83fa78000 	C:\Windows\System32\PSAPI.DLL

dbghelp: loaded successfully - version: 4.0.5 - missing functions: none
symbol engine: initialized successfully - sym options: 0x614 - pdb path: .;c:\Users\ASUS\.vscode\extensions\redhat.java-1.38.0-win32-x64\jre\17.0.13-win32-x86_64\bin;C:\Windows\SYSTEM32;C:\Windows\WinSxS\amd64_microsoft.windows.common-controls_6595b64144ccf1df_6.0.22621.4541_none_2710d1c57384c085;c:\Users\ASUS\.vscode\extensions\redhat.java-1.38.0-win32-x64\jre\17.0.13-win32-x86_64\bin\server;C:\Users\ASUS\AppData\Roaming\Code\User\globalStorage\redhat.java\1.38.0\config_win\org.eclipse.equinox.launcher\org.eclipse.equinox.launcher.win32.win32.x86_64_1.2.1100.v20240722-2106;C:\Users\ASUS\AppData\Local\Temp\jna-2018896

VM Arguments:
jvm_args: --add-modules=ALL-SYSTEM --add-opens=java.base/java.util=ALL-UNNAMED --add-opens=java.base/java.lang=ALL-UNNAMED --add-opens=java.base/sun.nio.fs=ALL-UNNAMED -Declipse.application=org.eclipse.jdt.ls.core.id1 -Dosgi.bundles.defaultStartLevel=4 -Declipse.product=org.eclipse.jdt.ls.core.product -Djava.import.generatesMetadataFilesAtProjectRoot=false -DDetectVMInstallationsJob.disabled=true -Dfile.encoding=utf8 -XX:+UseParallelGC -XX:GCTimeRatio=4 -XX:AdaptiveSizePolicyWeight=90 -Dsun.zip.disableMemoryMapping=true -Xmx1G -Xms100m -Xlog:disable -javaagent:c:\Users\ASUS\.vscode\extensions\redhat.java-1.38.0-win32-x64\lombok\lombok-1.18.34.jar -XX:+HeapDumpOnOutOfMemoryError -XX:HeapDumpPath=c:\Users\ASUS\AppData\Roaming\Code\User\workspaceStorage\13dd09e2ea5d8ae66ef7eb42a20b93dc\redhat.java -Daether.dependencyCollector.impl=bf 
java_command: c:\Users\ASUS\.vscode\extensions\redhat.java-1.38.0-win32-x64\server\plugins\org.eclipse.equinox.launcher_1.6.900.v20240613-2009.jar -configuration c:\Users\ASUS\AppData\Roaming\Code\User\globalStorage\redhat.java\1.38.0\config_win -data c:\Users\ASUS\AppData\Roaming\Code\User\workspaceStorage\13dd09e2ea5d8ae66ef7eb42a20b93dc\redhat.java\jdt_ws --pipe=\\.\pipe\lsp-3e3d525d922606b68af51e1e9e010429-sock
java_class_path (initial): c:\Users\ASUS\.vscode\extensions\redhat.java-1.38.0-win32-x64\server\plugins\org.eclipse.equinox.launcher_1.6.900.v20240613-2009.jar
Launcher Type: SUN_STANDARD

[Global flags]
    uintx AdaptiveSizePolicyWeight                 = 90                                        {product} {command line}
     intx CICompilerCount                          = 12                                        {product} {ergonomic}
    uintx GCTimeRatio                              = 4                                         {product} {command line}
     bool HeapDumpOnOutOfMemoryError               = true                                   {manageable} {command line}
    ccstr HeapDumpPath                             = c:\Users\ASUS\AppData\Roaming\Code\User\workspaceStorage\13dd09e2ea5d8ae66ef7eb42a20b93dc\redhat.java         {manageable} {command line}
   size_t InitialHeapSize                          = 104857600                                 {product} {command line}
   size_t MaxHeapSize                              = 1073741824                                {product} {command line}
   size_t MaxNewSize                               = 357564416                                 {product} {ergonomic}
   size_t MinHeapDeltaBytes                        = 524288                                    {product} {ergonomic}
   size_t MinHeapSize                              = 104857600                                 {product} {command line}
   size_t NewSize                                  = 34603008                                  {product} {ergonomic}
    uintx NonNMethodCodeHeapSize                   = 7602480                                {pd product} {ergonomic}
    uintx NonProfiledCodeHeapSize                  = 122027880                              {pd product} {ergonomic}
   size_t OldSize                                  = 70254592                                  {product} {ergonomic}
    uintx ProfiledCodeHeapSize                     = 122027880                              {pd product} {ergonomic}
    uintx ReservedCodeCacheSize                    = 251658240                              {pd product} {ergonomic}
     bool SegmentedCodeCache                       = true                                      {product} {ergonomic}
   size_t SoftMaxHeapSize                          = 1073741824                             {manageable} {ergonomic}
     bool UseCompressedClassPointers               = true                           {product lp64_product} {ergonomic}
     bool UseCompressedOops                        = true                           {product lp64_product} {ergonomic}
     bool UseLargePagesIndividualAllocation        = false                                  {pd product} {ergonomic}
     bool UseParallelGC                            = true                                      {product} {command line}

Logging:
Log output configuration:
 #0: stdout all=off uptime,level,tags
 #1: stderr all=off uptime,level,tags

Environment Variables:
PATH=C:\Program Files\Common Files\Oracle\Java\javapath;C:\Windows\system32;C:\Windows;C:\Windows\System32\Wbem;C:\Windows\System32\WindowsPowerShell\v1.0\;C:\Windows\System32\OpenSSH\;C:\Program Files (x86)\NVIDIA Corporation\PhysX\Common;C:\Program Files\NVIDIA Corporation\NVIDIA NvDLISR;C:\Program Files\Git\cmd;C:\Program Files\Git\mingw64\bin;C:\Program Files\Git\usr\bin;C:\Users\ASUS\AppData\Local\Microsoft\WindowsApps;C:\MinGW\bin;C:\Users\ASUS\AppData\Local\Programs\Microsoft VS Code\bin
USERNAME=ASUS
OS=Windows_NT
PROCESSOR_IDENTIFIER=Intel64 Family 6 Model 154 Stepping 3, GenuineIntel
TMP=C:\Users\ASUS\AppData\Local\Temp
TEMP=C:\Users\ASUS\AppData\Local\Temp



Periodic native trim disabled


---------------  S Y S T E M  ---------------

OS:
 Windows 11 , 64 bit Build 22621 (10.0.22621.4391)
OS uptime: 2 days 10:41 hours
Hyper-V role detected

CPU: total 16 (initial active 16) (8 cores per cpu, 2 threads per core) family 6 model 154 stepping 3 microcode 0x423, cx8, cmov, fxsr, ht, mmx, 3dnowpref, sse, sse2, sse3, ssse3, sse4.1, sse4.2, popcnt, lzcnt, tsc, tscinvbit, avx, avx2, aes, erms, clmul, bmi1, bmi2, adx, sha, fma, vzeroupper, clflush, clflushopt, clwb, hv
Processor Information for processor 0
  Max Mhz: 2500, Current Mhz: 2500, Mhz Limit: 2500
Processor Information for processor 1
  Max Mhz: 2500, Current Mhz: 2500, Mhz Limit: 2500
Processor Information for processor 2
  Max Mhz: 2500, Current Mhz: 2500, Mhz Limit: 2500
Processor Information for processor 3
  Max Mhz: 2500, Current Mhz: 1532, Mhz Limit: 2500
Processor Information for processor 4
  Max Mhz: 2500, Current Mhz: 2500, Mhz Limit: 2500
Processor Information for processor 5
  Max Mhz: 2500, Current Mhz: 2500, Mhz Limit: 2500
Processor Information for processor 6
  Max Mhz: 2500, Current Mhz: 2500, Mhz Limit: 2500
Processor Information for processor 7
  Max Mhz: 2500, Current Mhz: 2500, Mhz Limit: 2500
Processor Information for processor 8
  Max Mhz: 2500, Current Mhz: 2500, Mhz Limit: 2500
Processor Information for processor 9
  Max Mhz: 2500, Current Mhz: 2500, Mhz Limit: 2500
Processor Information for processor 10
  Max Mhz: 2500, Current Mhz: 2500, Mhz Limit: 2500
Processor Information for processor 11
  Max Mhz: 2500, Current Mhz: 2500, Mhz Limit: 2500
Processor Information for processor 12
  Max Mhz: 2500, Current Mhz: 2500, Mhz Limit: 2500
Processor Information for processor 13
  Max Mhz: 2500, Current Mhz: 2500, Mhz Limit: 2500
Processor Information for processor 14
  Max Mhz: 2500, Current Mhz: 1527, Mhz Limit: 2500
Processor Information for processor 15
  Max Mhz: 2500, Current Mhz: 1527, Mhz Limit: 2500

Memory: 4k page, system-wide physical 7812M (578M free)
TotalPageFile size 17009M (AvailPageFile size 3159M)
current process WorkingSet (physical memory assigned to process): 559M, peak: 559M
current process commit charge ("private bytes"): 556M, peak: 556M

vm_info: OpenJDK 64-Bit Server VM (17.0.13+11) for windows-amd64 JRE (17.0.13+11), built on Oct 16 2024 00:10:08 by "admin" with MS VC++ 17.7 (VS2022)

END.
