#
# A fatal error has been detected by the Java Runtime Environment:
#
#  EXCEPTION_ACCESS_VIOLATION (0xc0000005) at pc=0x00007ff80794c5c8, pid=18680, tid=20368
#
# JRE version: OpenJDK Runtime Environment Temurin-17.0.13+11 (17.0.13+11) (build 17.0.13+11)
# Java VM: OpenJDK 64-Bit Server VM Temurin-17.0.13+11 (17.0.13+11, mixed mode, tiered, compressed oops, compressed class ptrs, parallel gc, windows-amd64)
# Problematic frame:
# V  [jvm.dll+0xc5c8]
#
# No core dump will be written. Minidumps are not enabled by default on client versions of Windows
#
# If you would like to submit a bug report, please visit:
#   https://github.com/adoptium/adoptium-support/issues
#

---------------  S U M M A R Y ------------

Command Line: --add-modules=ALL-SYSTEM --add-opens=java.base/java.util=ALL-UNNAMED --add-opens=java.base/java.lang=ALL-UNNAMED --add-opens=java.base/sun.nio.fs=ALL-UNNAMED -Declipse.application=org.eclipse.jdt.ls.core.id1 -Dosgi.bundles.defaultStartLevel=4 -Declipse.product=org.eclipse.jdt.ls.core.product -Djava.import.generatesMetadataFilesAtProjectRoot=false -DDetectVMInstallationsJob.disabled=true -Dfile.encoding=utf8 -XX:+UseParallelGC -XX:GCTimeRatio=4 -XX:AdaptiveSizePolicyWeight=90 -Dsun.zip.disableMemoryMapping=true -Xmx1G -Xms100m -Xlog:disable -javaagent:c:\Users\ASUS\.vscode\extensions\redhat.java-1.37.0-win32-x64\lombok\lombok-1.18.34.jar -XX:+HeapDumpOnOutOfMemoryError -XX:HeapDumpPath=c:\Users\ASUS\AppData\Roaming\Code\User\workspaceStorage\13dd09e2ea5d8ae66ef7eb42a20b93dc\redhat.java -Daether.dependencyCollector.impl=bf c:\Users\ASUS\.vscode\extensions\redhat.java-1.37.0-win32-x64\server\plugins\org.eclipse.equinox.launcher_1.6.900.v20240613-2009.jar -configuration c:\Users\ASUS\AppData\Roaming\Code\User\globalStorage\redhat.java\1.37.0\config_win -data c:\Users\ASUS\AppData\Roaming\Code\User\workspaceStorage\13dd09e2ea5d8ae66ef7eb42a20b93dc\redhat.java\jdt_ws --pipe=\\.\pipe\lsp-e6dfd464ee8d2d104c8de1f09bfb2205-sock

Host: 12th Gen Intel(R) Core(TM) i5-12500H, 16 cores, 7G,  Windows 11 , 64 bit Build 22621 (10.0.22621.4391)
Time: Wed Dec 18 23:08:06 2024 India Standard Time elapsed time: 5.495433 seconds (0d 0h 0m 5s)

---------------  T H R E A D  ---------------

Current thread (0x00000218e9acc340):  GCTaskThread "GC Thread#4" [stack: 0x00000097b6f00000,0x00000097b7000000] [id=20368]

Stack: [0x00000097b6f00000,0x00000097b7000000],  sp=0x00000097b6fff498,  free space=1021k
Native frames: (J=compiled Java code, j=interpreted, Vv=VM code, C=native code)
V  [jvm.dll+0xc5c8]


siginfo: EXCEPTION_ACCESS_VIOLATION (0xc0000005), reading address 0x0000000000000008


Registers:
RAX=0x0000000000000001, RBX=0x0000000000000000, RCX=0x0000000000000003, RDX=0x00000000eb43b720
RSP=0x00000097b6fff498, RBP=0x0000000000000000, RSI=0x00000000eb43b720, RDI=0x00000218e2051680
R8 =0x0000000000000000, R9 =0x000000000000000c, R10=0x0000000000000000, R11=0x00000218e2051680
R12=0x0000000000000000, R13=0x0000000000000000, R14=0x00000218e2051680, R15=0x000000000000000c
RIP=0x00007ff80794c5c8, EFLAGS=0x0000000000010246


Register to memory mapping:

RIP=0x00007ff80794c5c8 jvm.dll
RAX=0x0000000000000001 is an unknown value
RBX=0x0 is NULL
RCX=0x0000000000000003 is an unknown value
RDX=0x00000000eb43b720 points into unknown readable memory: 0x0000000000000000 | 00 00 00 00 00 00 00 00
RSP=0x00000097b6fff498 points into unknown readable memory: 0x00007ff807fff3b1 | b1 f3 ff 07 f8 7f 00 00
RBP=0x0 is NULL
RSI=0x00000000eb43b720 points into unknown readable memory: 0x0000000000000000 | 00 00 00 00 00 00 00 00
RDI=0x00000218e2051680 points into unknown readable memory: 0x00007ff8082f70a8 | a8 70 2f 08 f8 7f 00 00
R8 =0x0 is NULL
R9 =0x000000000000000c is an unknown value
R10=0x0 is NULL
R11=0x00000218e2051680 points into unknown readable memory: 0x00007ff8082f70a8 | a8 70 2f 08 f8 7f 00 00
R12=0x0 is NULL
R13=0x0 is NULL
R14=0x00000218e2051680 points into unknown readable memory: 0x00007ff8082f70a8 | a8 70 2f 08 f8 7f 00 00
R15=0x000000000000000c is an unknown value


Top of Stack: (sp=0x00000097b6fff498)
0x00000097b6fff498:   00007ff807fff3b1 0000000000000001
0x00000097b6fff4a8:   00000000ec0e8e00 00007ff8082f62a0
0x00000097b6fff4b8:   00000218ce1f7000 00000218e2051680
0x00000097b6fff4c8:   00000218ce1ec3f0 00000000c352fc60
0x00000097b6fff4d8:   00007ff807fff895 00000000ebe6a540
0x00000097b6fff4e8:   0000000000001000 000000000000000c
0x00000097b6fff4f8:   0000000000000000 0000000000000007
0x00000097b6fff508:   0000000000000010 00000218e2051680
0x00000097b6fff518:   00000000ebe70010 0000000000000000
0x00000097b6fff528:   00007ff808000220 0000000000000001
0x00000097b6fff538:   0000000000000005 0000000000000000
0x00000097b6fff548:   00000218e9982970 00000000c3263124
0x00000097b6fff558:   00000097b5aff378 0000000000000007
0x00000097b6fff568:   00000218e9982970 0000000000000005
0x00000097b6fff578:   0000000000000007 00000097b5aff3d0
0x00000097b6fff588:   0000000000000000 00000218e2051680
0x00000097b6fff598:   00007ff808002ef9 00000218e2051680
0x00000097b6fff5a8:   00000218e2051601 00001fec00000f10
0x00000097b6fff5b8:   00000097b5aff3d0 00000097b5aff270
0x00000097b6fff5c8:   00007ff80800332f 00000218e2051680
0x00000097b6fff5d8:   00000097b6fff669 00000000c3263125
0x00000097b6fff5e8:   00000097b5aff3b0 00000218e2051680
0x00000097b6fff5f8:   0000000000000007 000000000000000d
0x00000097b6fff608:   0000000005750000 0000000700000002
0x00000097b6fff618:   00000218e2051680 00007ff8082f7340
0x00000097b6fff628:   00000218e2051680 00000097b5aff270
0x00000097b6fff638:   00000218e73dd750 00000000000003d8
0x00000097b6fff648:   00000218e73dd760 00000218e73ddb38
0x00000097b6fff658:   00007ff8082f7330 0000000000000007
0x00000097b6fff668:   0000000000000000 0000000000000000
0x00000097b6fff678:   0000000000000000 0000000000000000
0x00000097b6fff688:   0000eb18a8e52fba 0000000000000000 

Instructions: (pc=0x00007ff80794c5c8)
0x00007ff80794c4c8:   cc cc cc cc cc cc cc cc 48 8b 01 c3 cc cc cc cc
0x00007ff80794c4d8:   cc cc cc cc cc cc cc cc 4c 8b 01 4c 8b c9 48 8b
0x00007ff80794c4e8:   0d e3 f6 b6 00 ba 44 60 08 00 e9 a9 f1 ff ff cc
0x00007ff80794c4f8:   cc cc cc cc cc cc cc cc 48 89 5c 24 08 57 48 83
0x00007ff80794c508:   ec 20 48 8b 39 48 8b d9 48 85 3d 71 e4 bb 00 75
0x00007ff80794c518:   0e 48 8b c7 48 8b 5c 24 30 48 83 c4 20 5f c3 48
0x00007ff80794c528:   8b cf e8 91 ea 85 00 48 8b d0 48 85 c0 74 20 48
0x00007ff80794c538:   8b c7 f0 48 0f b1 13 74 16 48 85 05 40 e4 bb 00
0x00007ff80794c548:   74 0d 48 8b c8 f0 48 0f b1 13 48 3b c1 75 ea 48
0x00007ff80794c558:   8b 5c 24 30 48 8b c2 48 83 c4 20 5f c3 cc cc cc
0x00007ff80794c568:   cc cc cc cc cc cc cc cc 4c 8b 01 4c 8b c9 48 8b
0x00007ff80794c578:   0d 53 f6 b6 00 ba 64 60 08 00 e9 19 f1 ff ff cc
0x00007ff80794c588:   cc cc cc cc cc cc cc cc 8b 05 72 3d b1 00 c3 cc
0x00007ff80794c598:   cc cc cc cc cc cc cc cc 0f b6 05 f1 fe b7 00 48
0x00007ff80794c5a8:   8b d1 84 c0 74 16 44 8b 41 08 8b 0d 50 3d b1 00
0x00007ff80794c5b8:   49 d3 e0 4c 03 05 3e 3d b1 00 eb 04 4c 8b 41 08
0x00007ff80794c5c8:   45 8b 48 08 45 85 c9 7e 0e 41 f6 c1 01 75 53 41
0x00007ff80794c5d8:   c1 f9 03 41 8b c1 c3 79 49 84 c0 41 b8 0c 00 00
0x00007ff80794c5e8:   00 8b 05 55 4c b1 00 b9 10 00 00 00 41 0f 45 c8
0x00007ff80794c5f8:   ff c8 48 98 48 63 14 11 41 8b c9 83 e1 3f 48 d3
0x00007ff80794c608:   e2 41 8b c9 48 c1 f9 10 44 0f b6 c1 48 8d 0c 10
0x00007ff80794c618:   48 f7 d0 4c 03 c1 48 c1 e8 03 49 c1 e8 03 41 23
0x00007ff80794c628:   c0 c3 49 8b 00 49 8b c8 48 ff a0 00 01 00 00 cc
0x00007ff80794c638:   cc cc cc cc cc cc cc cc 8b 44 24 30 45 03 c9 44
0x00007ff80794c648:   2b 4c 24 28 83 c0 0b 44 03 ca 45 03 c8 41 03 c1
0x00007ff80794c658:   c3 cc cc cc cc cc cc cc 4c 8b ca 48 8b d1 45 8b
0x00007ff80794c668:   41 08 45 85 c0 7e 0e 41 f6 c0 01 75 56 41 c1 f8
0x00007ff80794c678:   03 41 8b c0 c3 79 4c 80 3d 12 fe b7 00 00 b8 0c
0x00007ff80794c688:   00 00 00 b9 10 00 00 00 0f 45 c8 8b 05 ab 4b b1
0x00007ff80794c698:   00 ff c8 48 98 48 63 14 11 41 8b c8 83 e1 3f 48
0x00007ff80794c6a8:   d3 e2 41 8b c8 48 c1 f9 10 44 0f b6 c1 48 8d 0c
0x00007ff80794c6b8:   10 48 f7 d0 4c 03 c1 48 c1 e8 03 49 c1 e8 03 41 


Stack slot to memory mapping:
stack at sp + 0 slots: 0x00007ff807fff3b1 jvm.dll
stack at sp + 1 slots: 0x0000000000000001 is an unknown value
stack at sp + 2 slots: 0x00000000ec0e8e00 is an oop: [C 
{0x00000000ec0e8e00} - klass: {type array char}
 - length: 201
stack at sp + 3 slots: 0x00007ff8082f62a0 jvm.dll
stack at sp + 4 slots: 0x00000218ce1f7000 points into unknown readable memory: 0x00007ff8082f7e10 | 10 7e 2f 08 f8 7f 00 00
stack at sp + 5 slots: 0x00000218e2051680 points into unknown readable memory: 0x00007ff8082f70a8 | a8 70 2f 08 f8 7f 00 00
stack at sp + 6 slots: 0x00000218ce1ec3f0 points into unknown readable memory: 0x00007ff8082f1a50 | 50 1a 2f 08 f8 7f 00 00
stack at sp + 7 slots: 0x00000000c352fc60 is an oop: [C 
{0x00000000c352fc60} - klass: {type array char}
 - length: 201


---------------  P R O C E S S  ---------------

Threads class SMR info:
_java_thread_list=0x00000218f7c13b80, length=70, elements={
0x00000218ce1de1f0, 0x00000218e206a030, 0x00000218e206b2a0, 0x00000218ce28af60,
0x00000218ce28b930, 0x00000218ce28cba0, 0x00000218ce28d670, 0x00000218e7220ad0,
0x00000218e7225cc0, 0x00000218e72365b0, 0x00000218e7356010, 0x00000218ce243910,
0x00000218e73af110, 0x00000218e93032b0, 0x00000218e93dc550, 0x00000218e9c12080,
0x00000218e9d63ea0, 0x00000218e9a545a0, 0x00000218e9d92450, 0x00000218e9f0f2d0,
0x00000218e9d22470, 0x00000218e9d21540, 0x00000218e9d22980, 0x00000218e9d1f6e0,
0x00000218e9d1fbf0, 0x00000218e9d21f60, 0x00000218ea6d3030, 0x00000218eb3b3860,
0x00000218e9d21a50, 0x00000218e9d20100, 0x00000218e9d20b20, 0x00000218e9d20610,
0x00000218e9d21030, 0x00000218ea9ed5a0, 0x00000218ea9edab0, 0x00000218ea9e7570,
0x00000218ea9e7a80, 0x00000218ea9e98e0, 0x00000218ea9ebc50, 0x00000218ea9eb740,
0x00000218ea9ea810, 0x00000218ea9e7f90, 0x00000218ea9ec670, 0x00000218ea9e84a0,
0x00000218ea9ec160, 0x00000218ea9e9df0, 0x00000218ea9ecb80, 0x00000218ea9e7060,
0x00000218ea9ed090, 0x00000218ea9edfc0, 0x00000218ebea0610, 0x00000218ea9ee4d0,
0x00000218ea9ee9e0, 0x00000218ea9e89b0, 0x00000218ea9e8ec0, 0x00000218ea9ead20,
0x00000218ea9e93d0, 0x00000218ea9eb230, 0x00000218e9d1f1d0, 0x00000218f5311610,
0x00000218f530f7b0, 0x00000218f5311b20, 0x00000218f530cf30, 0x00000218f530b0d0,
0x00000218f530f2a0, 0x00000218f530baf0, 0x00000218f530ca20, 0x00000218f530c510,
0x00000218f530d440, 0x00000218f530d950
}

Java Threads: ( => current thread )
  0x00000218ce1de1f0 JavaThread "main" [_thread_blocked, id=2984, stack(0x00000097b5800000,0x00000097b5900000)]
  0x00000218e206a030 JavaThread "Reference Handler" daemon [_thread_blocked, id=24840, stack(0x00000097b5b00000,0x00000097b5c00000)]
  0x00000218e206b2a0 JavaThread "Finalizer" daemon [_thread_blocked, id=23368, stack(0x00000097b5c00000,0x00000097b5d00000)]
  0x00000218ce28af60 JavaThread "Signal Dispatcher" daemon [_thread_blocked, id=16776, stack(0x00000097b5d00000,0x00000097b5e00000)]
  0x00000218ce28b930 JavaThread "Attach Listener" daemon [_thread_blocked, id=17088, stack(0x00000097b5e00000,0x00000097b5f00000)]
  0x00000218ce28cba0 JavaThread "Service Thread" daemon [_thread_blocked, id=19720, stack(0x00000097b5f00000,0x00000097b6000000)]
  0x00000218ce28d670 JavaThread "Monitor Deflation Thread" daemon [_thread_blocked, id=26252, stack(0x00000097b6000000,0x00000097b6100000)]
  0x00000218e7220ad0 JavaThread "C2 CompilerThread0" daemon [_thread_blocked, id=26592, stack(0x00000097b6100000,0x00000097b6200000)]
  0x00000218e7225cc0 JavaThread "C1 CompilerThread0" daemon [_thread_blocked, id=12964, stack(0x00000097b6200000,0x00000097b6300000)]
  0x00000218e72365b0 JavaThread "Sweeper thread" daemon [_thread_blocked, id=18788, stack(0x00000097b6300000,0x00000097b6400000)]
  0x00000218e7356010 JavaThread "Common-Cleaner" daemon [_thread_blocked, id=12128, stack(0x00000097b6400000,0x00000097b6500000)]
  0x00000218ce243910 JavaThread "C1 CompilerThread1" daemon [_thread_blocked, id=22184, stack(0x00000097b6500000,0x00000097b6600000)]
  0x00000218e73af110 JavaThread "C1 CompilerThread2" daemon [_thread_blocked, id=7288, stack(0x00000097b6600000,0x00000097b6700000)]
  0x00000218e93032b0 JavaThread "C1 CompilerThread3" daemon [_thread_blocked, id=24152, stack(0x00000097b6900000,0x00000097b6a00000)]
  0x00000218e93dc550 JavaThread "Notification Thread" daemon [_thread_blocked, id=1576, stack(0x00000097b6a00000,0x00000097b6b00000)]
  0x00000218e9c12080 JavaThread "Active Thread: Equinox Container: 1197191a-86ca-4133-a1c1-f7c55d9294ef" [_thread_blocked, id=15724, stack(0x00000097b7100000,0x00000097b7200000)]
  0x00000218e9d63ea0 JavaThread "Refresh Thread: Equinox Container: 1197191a-86ca-4133-a1c1-f7c55d9294ef" daemon [_thread_blocked, id=17444, stack(0x00000097b7200000,0x00000097b7300000)]
  0x00000218e9a545a0 JavaThread "Framework Event Dispatcher: Equinox Container: 1197191a-86ca-4133-a1c1-f7c55d9294ef" daemon [_thread_blocked, id=22272, stack(0x00000097b7500000,0x00000097b7600000)]
  0x00000218e9d92450 JavaThread "Start Level: Equinox Container: 1197191a-86ca-4133-a1c1-f7c55d9294ef" daemon [_thread_blocked, id=11044, stack(0x00000097b7600000,0x00000097b7700000)]
  0x00000218e9f0f2d0 JavaThread "Bundle File Closer" daemon [_thread_blocked, id=17264, stack(0x00000097b7800000,0x00000097b7900000)]
  0x00000218e9d22470 JavaThread "SCR Component Actor" daemon [_thread_blocked, id=13904, stack(0x00000097b7b00000,0x00000097b7c00000)]
  0x00000218e9d21540 JavaThread "SCR Component Registry" daemon [_thread_blocked, id=19980, stack(0x00000097b7c00000,0x00000097b7d00000)]
  0x00000218e9d22980 JavaThread "Worker-JM" [_thread_blocked, id=18724, stack(0x00000097b7e00000,0x00000097b7f00000)]
  0x00000218e9d1f6e0 JavaThread "JNA Cleaner" daemon [_thread_blocked, id=24852, stack(0x00000097b6700000,0x00000097b6800000)]
  0x00000218e9d1fbf0 JavaThread "Worker-0: Updating Maven Dependencies" [_thread_blocked, id=12108, stack(0x00000097b6800000,0x00000097b6900000)]
  0x00000218e9d21f60 JavaThread "Worker-1" [_thread_blocked, id=24232, stack(0x00000097b7f00000,0x00000097b8000000)]
  0x00000218ea6d3030 JavaThread "C2 CompilerThread1" daemon [_thread_in_native, id=27032, stack(0x00000097b8100000,0x00000097b8200000)]
  0x00000218eb3b3860 JavaThread "C2 CompilerThread2" daemon [_thread_blocked, id=24880, stack(0x00000097b8200000,0x00000097b8300000)]
  0x00000218e9d21a50 JavaThread "Java indexing" daemon [_thread_blocked, id=11848, stack(0x00000097b8300000,0x00000097b8400000)]
  0x00000218e9d20100 JavaThread "Thread-2" daemon [_thread_in_native, id=1604, stack(0x00000097b8400000,0x00000097b8500000)]
  0x00000218e9d20b20 JavaThread "Thread-3" daemon [_thread_in_native, id=3332, stack(0x00000097b8500000,0x00000097b8600000)]
  0x00000218e9d20610 JavaThread "Thread-4" daemon [_thread_in_native, id=11064, stack(0x00000097b8600000,0x00000097b8700000)]
  0x00000218e9d21030 JavaThread "Thread-5" daemon [_thread_in_native, id=12192, stack(0x00000097b8700000,0x00000097b8800000)]
  0x00000218ea9ed5a0 JavaThread "Thread-6" daemon [_thread_in_native, id=10088, stack(0x00000097b8800000,0x00000097b8900000)]
  0x00000218ea9edab0 JavaThread "Thread-7" daemon [_thread_in_native, id=13576, stack(0x00000097b8900000,0x00000097b8a00000)]
  0x00000218ea9e7570 JavaThread "Thread-8" daemon [_thread_in_native, id=19032, stack(0x00000097b8a00000,0x00000097b8b00000)]
  0x00000218ea9e7a80 JavaThread "Thread-9" daemon [_thread_in_native, id=9568, stack(0x00000097b8b00000,0x00000097b8c00000)]
  0x00000218ea9e98e0 JavaThread "Thread-10" daemon [_thread_in_native, id=10396, stack(0x00000097b8c00000,0x00000097b8d00000)]
  0x00000218ea9ebc50 JavaThread "Thread-11" daemon [_thread_in_native, id=20752, stack(0x00000097b8d00000,0x00000097b8e00000)]
  0x00000218ea9eb740 JavaThread "Thread-12" daemon [_thread_in_native, id=3132, stack(0x00000097b8e00000,0x00000097b8f00000)]
  0x00000218ea9ea810 JavaThread "Thread-13" daemon [_thread_in_native, id=13596, stack(0x00000097b8f00000,0x00000097b9000000)]
  0x00000218ea9e7f90 JavaThread "Thread-14" daemon [_thread_in_native, id=23468, stack(0x00000097b9000000,0x00000097b9100000)]
  0x00000218ea9ec670 JavaThread "Thread-15" daemon [_thread_in_native, id=12212, stack(0x00000097b9100000,0x00000097b9200000)]
  0x00000218ea9e84a0 JavaThread "Thread-16" daemon [_thread_in_native, id=16088, stack(0x00000097b9200000,0x00000097b9300000)]
  0x00000218ea9ec160 JavaThread "Thread-17" daemon [_thread_in_native, id=21928, stack(0x00000097b9300000,0x00000097b9400000)]
  0x00000218ea9e9df0 JavaThread "Thread-18" daemon [_thread_in_native, id=21784, stack(0x00000097b9400000,0x00000097b9500000)]
  0x00000218ea9ecb80 JavaThread "pool-2-thread-1" [_thread_blocked, id=24560, stack(0x00000097b9500000,0x00000097b9600000)]
  0x00000218ea9e7060 JavaThread "Worker-2: Java indexing... " [_thread_blocked, id=26472, stack(0x00000097b9600000,0x00000097b9700000)]
  0x00000218ea9ed090 JavaThread "Worker-3: Repository registry initialization" [_thread_blocked, id=21364, stack(0x00000097b9700000,0x00000097b9800000)]
  0x00000218ea9edfc0 JavaThread "Worker-4: Building" [_thread_blocked, id=24856, stack(0x00000097b9800000,0x00000097b9900000)]
  0x00000218ebea0610 JavaThread "C2 CompilerThread3" daemon [_thread_blocked, id=5744, stack(0x00000097b9900000,0x00000097b9a00000)]
  0x00000218ea9ee4d0 JavaThread "WorkspaceEventsHandler" [_thread_blocked, id=11968, stack(0x00000097b9a00000,0x00000097b9b00000)]
  0x00000218ea9ee9e0 JavaThread "pool-1-thread-1" [_thread_blocked, id=11592, stack(0x00000097b9b00000,0x00000097b9c00000)]
  0x00000218ea9e89b0 JavaThread "Worker-5" [_thread_blocked, id=21088, stack(0x00000097b9c00000,0x00000097b9d00000)]
  0x00000218ea9e8ec0 JavaThread "Worker-6" [_thread_blocked, id=21092, stack(0x00000097b9d00000,0x00000097b9e00000)]
  0x00000218ea9ead20 JavaThread "LocalFile Deleter" daemon [_thread_blocked, id=22692, stack(0x00000097b9e00000,0x00000097b9f00000)]
  0x00000218ea9e93d0 JavaThread "LocalFile Deleter" daemon [_thread_blocked, id=16336, stack(0x00000097b9f00000,0x00000097ba000000)]
  0x00000218ea9eb230 JavaThread "Compiler Source File Reader" daemon [_thread_blocked, id=3728, stack(0x00000097ba000000,0x00000097ba100000)]
  0x00000218e9d1f1d0 JavaThread "Compiler Source File Reader" daemon [_thread_blocked, id=16496, stack(0x00000097ba100000,0x00000097ba200000)]
  0x00000218f5311610 JavaThread "Compiler Source File Reader" daemon [_thread_blocked, id=11740, stack(0x00000097ba200000,0x00000097ba300000)]
  0x00000218f530f7b0 JavaThread "Compiler Source File Reader" daemon [_thread_blocked, id=12024, stack(0x00000097ba300000,0x00000097ba400000)]
  0x00000218f5311b20 JavaThread "Compiler Source File Reader" daemon [_thread_blocked, id=19084, stack(0x00000097ba400000,0x00000097ba500000)]
  0x00000218f530cf30 JavaThread "Compiler Source File Reader" daemon [_thread_blocked, id=25844, stack(0x00000097ba500000,0x00000097ba600000)]
  0x00000218f530b0d0 JavaThread "Compiler Source File Reader" daemon [_thread_blocked, id=18808, stack(0x00000097ba600000,0x00000097ba700000)]
  0x00000218f530f2a0 JavaThread "Compiler Source File Reader" daemon [_thread_blocked, id=18836, stack(0x00000097ba700000,0x00000097ba800000)]
  0x00000218f530baf0 JavaThread "Compiler Source File Reader" daemon [_thread_blocked, id=25192, stack(0x00000097ba800000,0x00000097ba900000)]
  0x00000218f530ca20 JavaThread "Compiler Source File Reader" daemon [_thread_blocked, id=25620, stack(0x00000097ba900000,0x00000097baa00000)]
  0x00000218f530c510 JavaThread "Compiler Source File Reader" daemon [_thread_blocked, id=15176, stack(0x00000097baa00000,0x00000097bab00000)]
  0x00000218f530d440 JavaThread "Compiler Source File Reader" daemon [_thread_blocked, id=21176, stack(0x00000097bab00000,0x00000097bac00000)]
  0x00000218f530d950 JavaThread "Compiler Source File Reader" daemon [_thread_blocked, id=11868, stack(0x00000097bac00000,0x00000097bad00000)]

Other Threads:
  0x00000218e71f6600 VMThread "VM Thread" [stack: 0x00000097b5a00000,0x00000097b5b00000] [id=14896]
  0x00000218e93d7a60 WatcherThread [stack: 0x00000097b6b00000,0x00000097b6c00000] [id=26600]
  0x00000218ce1f4e10 GCTaskThread "GC Thread#0" [stack: 0x00000097b5900000,0x00000097b5a00000] [id=3284]
  0x00000218e99f7a40 GCTaskThread "GC Thread#1" [stack: 0x00000097b6c00000,0x00000097b6d00000] [id=27400]
  0x00000218e99f7d00 GCTaskThread "GC Thread#2" [stack: 0x00000097b6d00000,0x00000097b6e00000] [id=23720]
  0x00000218e9acc080 GCTaskThread "GC Thread#3" [stack: 0x00000097b6e00000,0x00000097b6f00000] [id=3364]
=>0x00000218e9acc340 GCTaskThread "GC Thread#4" [stack: 0x00000097b6f00000,0x00000097b7000000] [id=20368]
  0x00000218e9acc600 GCTaskThread "GC Thread#5" [stack: 0x00000097b7000000,0x00000097b7100000] [id=14348]
  0x00000218e9da5d10 GCTaskThread "GC Thread#6" [stack: 0x00000097b7300000,0x00000097b7400000] [id=24896]
  0x00000218e9da5fd0 GCTaskThread "GC Thread#7" [stack: 0x00000097b7400000,0x00000097b7500000] [id=24308]
  0x00000218e9f185b0 GCTaskThread "GC Thread#8" [stack: 0x00000097b7900000,0x00000097b7a00000] [id=16892]
  0x00000218e9f18870 GCTaskThread "GC Thread#9" [stack: 0x00000097b7a00000,0x00000097b7b00000] [id=27144]
  0x00000218ea4c26c0 GCTaskThread "GC Thread#10" [stack: 0x00000097b7700000,0x00000097b7800000] [id=19172]
  0x00000218ea4dbbe0 GCTaskThread "GC Thread#11" [stack: 0x00000097b7d00000,0x00000097b7e00000] [id=26628]
  0x00000218e9f14050 GCTaskThread "GC Thread#12" [stack: 0x00000097b8000000,0x00000097b8100000] [id=12824]

Threads with active compile tasks:
C2 CompilerThread0     5529 6368       4       java.net.URI::quote (214 bytes)
C2 CompilerThread1     5529 5849 %     4       org.eclipse.jdt.internal.core.search.indexing.BinaryIndexer::extractReferenceFromConstantPool @ 324 (358 bytes)
C2 CompilerThread2     5529 6462       4       org.eclipse.jdt.internal.core.search.indexing.AbstractIndexer::addMethodDeclaration (105 bytes)
C2 CompilerThread3     5529 5875 % !   4       org.eclipse.jdt.internal.compiler.classfmt.ClassFileReader::<init> @ 63 (2119 bytes)

VM state: at safepoint (normal execution)

VM Mutex/Monitor currently owned by a thread:  ([mutex/lock_event])
[0x00000218ce1da820] Threads_lock - owner thread: 0x00000218e71f6600
[0x00000218ce1daaf0] Heap_lock - owner thread: 0x00000218ea9edfc0

Heap address: 0x00000000c0000000, size: 1024 MB, Compressed Oops mode: 32-bit

CDS archive(s) not mapped
Compressed class space mapped at: 0x0000000100000000-0x0000000140000000, reserved size: 1073741824
Narrow klass base: 0x0000000000000000, Narrow klass shift: 3, Narrow klass range: 0x140000000

GC Precious Log:
 CPUs: 16 total, 16 available
 Memory: 7812M
 Large Page Support: Disabled
 NUMA Support: Disabled
 Compressed Oops: Enabled (32-bit)
 Alignments: Space 512K, Generation 512K, Heap 2M
 Heap Min Capacity: 100M
 Heap Initial Capacity: 100M
 Heap Max Capacity: 1G
 Pre-touch: Disabled
 Parallel Workers: 13

Heap:
 PSYoungGen      total 19968K, used 19636K [0x00000000eab00000, 0x00000000ec280000, 0x0000000100000000)
  eden space 16896K, 99% used [0x00000000eab00000,0x00000000ebb77640,0x00000000ebb80000)
  from space 3072K, 90% used [0x00000000ebf80000,0x00000000ec235c40,0x00000000ec280000)
  to   space 3072K, 91% used [0x00000000ebc80000,0x00000000ebf42540,0x00000000ebf80000)
 ParOldGen       total 68608K, used 55001K [0x00000000c0000000, 0x00000000c4300000, 0x00000000eab00000)
  object space 68608K, 80% used [0x00000000c0000000,0x00000000c35b6490,0x00000000c4300000)
 Metaspace       used 50729K, committed 51712K, reserved 1114112K
  class space    used 5289K, committed 5760K, reserved 1048576K

Card table byte_map: [0x00000218cdba0000,0x00000218cddb0000] _byte_map_base: 0x00000218cd5a0000

Marking Bits: (ParMarkBitMap*) 0x00007ff8084e6940
 Begin Bits: [0x00000218dfe70000, 0x00000218e0e70000)
 End Bits:   [0x00000218e0e70000, 0x00000218e1e70000)

Polling page: 0x00000218cd990000

Metaspace:

Usage:
  Non-class:     44.37 MB used.
      Class:      5.17 MB used.
       Both:     49.54 MB used.

Virtual space:
  Non-class space:       64.00 MB reserved,      44.88 MB ( 70%) committed,  1 nodes.
      Class space:        1.00 GB reserved,       5.62 MB ( <1%) committed,  1 nodes.
             Both:        1.06 GB reserved,      50.50 MB (  5%) committed. 

Chunk freelists:
   Non-Class:  3.00 MB
       Class:  10.36 MB
        Both:  13.36 MB

MaxMetaspaceSize: unlimited
CompressedClassSpaceSize: 1.00 GB
Initial GC threshold: 21.00 MB
Current GC threshold: 58.38 MB
CDS: off
MetaspaceReclaimPolicy: balanced
 - commit_granule_bytes: 65536.
 - commit_granule_words: 8192.
 - virtual_space_node_default_size: 8388608.
 - enlarge_chunks_in_place: 1.
 - new_chunks_are_fully_committed: 0.
 - uncommit_free_chunks: 1.
 - use_allocation_guard: 0.
 - handle_deallocations: 1.


Internal statistics:

num_allocs_failed_limit: 6.
num_arena_births: 590.
num_arena_deaths: 14.
num_vsnodes_births: 2.
num_vsnodes_deaths: 0.
num_space_committed: 808.
num_space_uncommitted: 0.
num_chunks_returned_to_freelist: 20.
num_chunks_taken_from_freelist: 2550.
num_chunk_merges: 10.
num_chunk_splits: 1556.
num_chunks_enlarged: 874.
num_inconsistent_stats: 0.

CodeHeap 'non-profiled nmethods': size=119168Kb used=2231Kb max_used=2459Kb free=116937Kb
 bounds [0x00000218d8a10000, 0x00000218d8ca0000, 0x00000218dfe70000]
CodeHeap 'profiled nmethods': size=119104Kb used=10972Kb max_used=12594Kb free=108131Kb
 bounds [0x00000218d0e70000, 0x00000218d1ac0000, 0x00000218d82c0000]
CodeHeap 'non-nmethods': size=7488Kb used=3013Kb max_used=3076Kb free=4474Kb
 bounds [0x00000218d82c0000, 0x00000218d85d0000, 0x00000218d8a10000]
 total_blobs=6104 nmethods=5445 adapters=570
 compilation: enabled
              stopped_count=0, restarted_count=0
 full_count=0

Compilation events (20 events):
Event: 5.456 Thread 0x00000218ce243910 nmethod 6455 0x00000218d19bdb90 code [0x00000218d19bde60, 0x00000218d19be688]
Event: 5.456 Thread 0x00000218ce243910 6458   !   2       lombok.launch.ShadowClassLoader::getResourceFromLocation (243 bytes)
Event: 5.457 Thread 0x00000218e93032b0 nmethod 6454 0x00000218d17dea10 code [0x00000218d17ded40, 0x00000218d17df718]
Event: 5.457 Thread 0x00000218e73af110 nmethod 6456 0x00000218d19a5e10 code [0x00000218d19a6060, 0x00000218d19a6818]
Event: 5.457 Thread 0x00000218e7225cc0 nmethod 6459 0x00000218d19b6910 code [0x00000218d19b6bc0, 0x00000218d19b7348]
Event: 5.461 Thread 0x00000218e7225cc0 6460       2       org.eclipse.jdt.internal.core.search.indexing.AbstractIndexer::addInterfaceDeclaration (86 bytes)
Event: 5.462 Thread 0x00000218ce243910 nmethod 6458 0x00000218d10fa110 code [0x00000218d10fa5a0, 0x00000218d10fb6a8]
Event: 5.463 Thread 0x00000218e7225cc0 nmethod 6460 0x00000218d1a73810 code [0x00000218d1a73a40, 0x00000218d1a73f68]
Event: 5.475 Thread 0x00000218e7225cc0 6461   !   2       jdk.internal.loader.URLClassPath::check (125 bytes)
Event: 5.477 Thread 0x00000218e7225cc0 nmethod 6461 0x00000218d19b5f10 code [0x00000218d19b6140, 0x00000218d19b65a8]
Event: 5.482 Thread 0x00000218e7225cc0 6463       2       com.google.common.collect.ImmutableSet::copyOf (90 bytes)
Event: 5.483 Thread 0x00000218e7225cc0 nmethod 6463 0x00000218d1a72d90 code [0x00000218d1a72fc0, 0x00000218d1a73558]
Event: 5.485 Thread 0x00000218e7225cc0 6464       2       sun.reflect.generics.parser.SignatureParser::parseZeroOrMoreFormalTypeParameters (19 bytes)
Event: 5.485 Thread 0x00000218eb3b3860 nmethod 6406 0x00000218d8c4c210 code [0x00000218d8c4c400, 0x00000218d8c4d358]
Event: 5.485 Thread 0x00000218e93032b0 6465       2       java.lang.Class::getTypeParameters (19 bytes)
Event: 5.485 Thread 0x00000218e73af110 6466       2       sun.reflect.generics.repository.GenericDeclRepository::getTypeParameters (27 bytes)
Event: 5.485 Thread 0x00000218eb3b3860 6462       4       org.eclipse.jdt.internal.core.search.indexing.AbstractIndexer::addMethodDeclaration (105 bytes)
Event: 5.485 Thread 0x00000218e7225cc0 nmethod 6464 0x00000218d17de590 code [0x00000218d17de740, 0x00000218d17de958]
Event: 5.486 Thread 0x00000218e93032b0 nmethod 6465 0x00000218d19bd410 code [0x00000218d19bd5e0, 0x00000218d19bd888]
Event: 5.486 Thread 0x00000218e73af110 nmethod 6466 0x00000218d130e810 code [0x00000218d130e9c0, 0x00000218d130eb98]

GC Heap History (20 events):
Event: 4.770 GC heap after
{Heap after GC invocations=19 (full 2):
 PSYoungGen      total 22016K, used 2780K [0x00000000eab00000, 0x00000000ec580000, 0x0000000100000000)
  eden space 18944K, 0% used [0x00000000eab00000,0x00000000eab00000,0x00000000ebd80000)
  from space 3072K, 90% used [0x00000000ebd80000,0x00000000ec037350,0x00000000ec080000)
  to   space 4096K, 0% used [0x00000000ec180000,0x00000000ec180000,0x00000000ec580000)
 ParOldGen       total 68608K, used 26790K [0x00000000c0000000, 0x00000000c4300000, 0x00000000eab00000)
  object space 68608K, 39% used [0x00000000c0000000,0x00000000c1a29ba8,0x00000000c4300000)
 Metaspace       used 45167K, committed 46080K, reserved 1114112K
  class space    used 4591K, committed 4992K, reserved 1048576K
}
Event: 4.868 GC heap before
{Heap before GC invocations=20 (full 2):
 PSYoungGen      total 22016K, used 21724K [0x00000000eab00000, 0x00000000ec580000, 0x0000000100000000)
  eden space 18944K, 100% used [0x00000000eab00000,0x00000000ebd80000,0x00000000ebd80000)
  from space 3072K, 90% used [0x00000000ebd80000,0x00000000ec037350,0x00000000ec080000)
  to   space 4096K, 0% used [0x00000000ec180000,0x00000000ec180000,0x00000000ec580000)
 ParOldGen       total 68608K, used 26790K [0x00000000c0000000, 0x00000000c4300000, 0x00000000eab00000)
  object space 68608K, 39% used [0x00000000c0000000,0x00000000c1a29ba8,0x00000000c4300000)
 Metaspace       used 46118K, committed 47104K, reserved 1114112K
  class space    used 4704K, committed 5120K, reserved 1048576K
}
Event: 4.871 GC heap after
{Heap after GC invocations=20 (full 2):
 PSYoungGen      total 23040K, used 3518K [0x00000000eab00000, 0x00000000ec580000, 0x0000000100000000)
  eden space 18944K, 0% used [0x00000000eab00000,0x00000000eab00000,0x00000000ebd80000)
  from space 4096K, 85% used [0x00000000ec180000,0x00000000ec4ef930,0x00000000ec580000)
  to   space 4096K, 0% used [0x00000000ebd80000,0x00000000ebd80000,0x00000000ec180000)
 ParOldGen       total 68608K, used 29322K [0x00000000c0000000, 0x00000000c4300000, 0x00000000eab00000)
  object space 68608K, 42% used [0x00000000c0000000,0x00000000c1ca2b18,0x00000000c4300000)
 Metaspace       used 46118K, committed 47104K, reserved 1114112K
  class space    used 4704K, committed 5120K, reserved 1048576K
}
Event: 4.934 GC heap before
{Heap before GC invocations=21 (full 2):
 PSYoungGen      total 23040K, used 22462K [0x00000000eab00000, 0x00000000ec580000, 0x0000000100000000)
  eden space 18944K, 100% used [0x00000000eab00000,0x00000000ebd80000,0x00000000ebd80000)
  from space 4096K, 85% used [0x00000000ec180000,0x00000000ec4ef930,0x00000000ec580000)
  to   space 4096K, 0% used [0x00000000ebd80000,0x00000000ebd80000,0x00000000ec180000)
 ParOldGen       total 68608K, used 29322K [0x00000000c0000000, 0x00000000c4300000, 0x00000000eab00000)
  object space 68608K, 42% used [0x00000000c0000000,0x00000000c1ca2b18,0x00000000c4300000)
 Metaspace       used 46981K, committed 48000K, reserved 1114112K
  class space    used 4782K, committed 5248K, reserved 1048576K
}
Event: 4.938 GC heap after
{Heap after GC invocations=21 (full 2):
 PSYoungGen      total 23040K, used 3700K [0x00000000eab00000, 0x00000000ec580000, 0x0000000100000000)
  eden space 18944K, 0% used [0x00000000eab00000,0x00000000eab00000,0x00000000ebd80000)
  from space 4096K, 90% used [0x00000000ebd80000,0x00000000ec11d198,0x00000000ec180000)
  to   space 4096K, 0% used [0x00000000ec180000,0x00000000ec180000,0x00000000ec580000)
 ParOldGen       total 68608K, used 32440K [0x00000000c0000000, 0x00000000c4300000, 0x00000000eab00000)
  object space 68608K, 47% used [0x00000000c0000000,0x00000000c1fae330,0x00000000c4300000)
 Metaspace       used 46981K, committed 48000K, reserved 1114112K
  class space    used 4782K, committed 5248K, reserved 1048576K
}
Event: 5.011 GC heap before
{Heap before GC invocations=22 (full 2):
 PSYoungGen      total 23040K, used 22644K [0x00000000eab00000, 0x00000000ec580000, 0x0000000100000000)
  eden space 18944K, 100% used [0x00000000eab00000,0x00000000ebd80000,0x00000000ebd80000)
  from space 4096K, 90% used [0x00000000ebd80000,0x00000000ec11d198,0x00000000ec180000)
  to   space 4096K, 0% used [0x00000000ec180000,0x00000000ec180000,0x00000000ec580000)
 ParOldGen       total 68608K, used 32440K [0x00000000c0000000, 0x00000000c4300000, 0x00000000eab00000)
  object space 68608K, 47% used [0x00000000c0000000,0x00000000c1fae330,0x00000000c4300000)
 Metaspace       used 47897K, committed 48960K, reserved 1114112K
  class space    used 4907K, committed 5376K, reserved 1048576K
}
Event: 5.014 GC heap after
{Heap after GC invocations=22 (full 2):
 PSYoungGen      total 21504K, used 2497K [0x00000000eab00000, 0x00000000ec400000, 0x0000000100000000)
  eden space 18944K, 0% used [0x00000000eab00000,0x00000000eab00000,0x00000000ebd80000)
  from space 2560K, 97% used [0x00000000ec180000,0x00000000ec3f0678,0x00000000ec400000)
  to   space 3072K, 0% used [0x00000000ebe00000,0x00000000ebe00000,0x00000000ec100000)
 ParOldGen       total 68608K, used 35938K [0x00000000c0000000, 0x00000000c4300000, 0x00000000eab00000)
  object space 68608K, 52% used [0x00000000c0000000,0x00000000c2318a78,0x00000000c4300000)
 Metaspace       used 47897K, committed 48960K, reserved 1114112K
  class space    used 4907K, committed 5376K, reserved 1048576K
}
Event: 5.075 GC heap before
{Heap before GC invocations=23 (full 2):
 PSYoungGen      total 21504K, used 21441K [0x00000000eab00000, 0x00000000ec400000, 0x0000000100000000)
  eden space 18944K, 100% used [0x00000000eab00000,0x00000000ebd80000,0x00000000ebd80000)
  from space 2560K, 97% used [0x00000000ec180000,0x00000000ec3f0678,0x00000000ec400000)
  to   space 3072K, 0% used [0x00000000ebe00000,0x00000000ebe00000,0x00000000ec100000)
 ParOldGen       total 68608K, used 35938K [0x00000000c0000000, 0x00000000c4300000, 0x00000000eab00000)
  object space 68608K, 52% used [0x00000000c0000000,0x00000000c2318a78,0x00000000c4300000)
 Metaspace       used 48099K, committed 49152K, reserved 1114112K
  class space    used 4939K, committed 5376K, reserved 1048576K
}
Event: 5.077 GC heap after
{Heap after GC invocations=23 (full 2):
 PSYoungGen      total 22016K, used 3070K [0x00000000eab00000, 0x00000000ec980000, 0x0000000100000000)
  eden space 18944K, 0% used [0x00000000eab00000,0x00000000eab00000,0x00000000ebd80000)
  from space 3072K, 99% used [0x00000000ebe00000,0x00000000ec0ff910,0x00000000ec100000)
  to   space 6144K, 0% used [0x00000000ec380000,0x00000000ec380000,0x00000000ec980000)
 ParOldGen       total 68608K, used 38085K [0x00000000c0000000, 0x00000000c4300000, 0x00000000eab00000)
  object space 68608K, 55% used [0x00000000c0000000,0x00000000c2531780,0x00000000c4300000)
 Metaspace       used 48099K, committed 49152K, reserved 1114112K
  class space    used 4939K, committed 5376K, reserved 1048576K
}
Event: 5.160 GC heap before
{Heap before GC invocations=24 (full 2):
 PSYoungGen      total 22016K, used 22014K [0x00000000eab00000, 0x00000000ec980000, 0x0000000100000000)
  eden space 18944K, 100% used [0x00000000eab00000,0x00000000ebd80000,0x00000000ebd80000)
  from space 3072K, 99% used [0x00000000ebe00000,0x00000000ec0ff910,0x00000000ec100000)
  to   space 6144K, 0% used [0x00000000ec380000,0x00000000ec380000,0x00000000ec980000)
 ParOldGen       total 68608K, used 38085K [0x00000000c0000000, 0x00000000c4300000, 0x00000000eab00000)
  object space 68608K, 55% used [0x00000000c0000000,0x00000000c2531780,0x00000000c4300000)
 Metaspace       used 48754K, committed 49792K, reserved 1114112K
  class space    used 5011K, committed 5504K, reserved 1048576K
}
Event: 5.164 GC heap after
{Heap after GC invocations=24 (full 2):
 PSYoungGen      total 23040K, used 3592K [0x00000000eab00000, 0x00000000ec780000, 0x0000000100000000)
  eden space 18944K, 0% used [0x00000000eab00000,0x00000000eab00000,0x00000000ebd80000)
  from space 4096K, 87% used [0x00000000ec380000,0x00000000ec7023a0,0x00000000ec780000)
  to   space 4608K, 0% used [0x00000000ebe80000,0x00000000ebe80000,0x00000000ec300000)
 ParOldGen       total 68608K, used 40889K [0x00000000c0000000, 0x00000000c4300000, 0x00000000eab00000)
  object space 68608K, 59% used [0x00000000c0000000,0x00000000c27ee6f0,0x00000000c4300000)
 Metaspace       used 48754K, committed 49792K, reserved 1114112K
  class space    used 5011K, committed 5504K, reserved 1048576K
}
Event: 5.235 GC heap before
{Heap before GC invocations=25 (full 2):
 PSYoungGen      total 23040K, used 22536K [0x00000000eab00000, 0x00000000ec780000, 0x0000000100000000)
  eden space 18944K, 100% used [0x00000000eab00000,0x00000000ebd80000,0x00000000ebd80000)
  from space 4096K, 87% used [0x00000000ec380000,0x00000000ec7023a0,0x00000000ec780000)
  to   space 4608K, 0% used [0x00000000ebe80000,0x00000000ebe80000,0x00000000ec300000)
 ParOldGen       total 68608K, used 40889K [0x00000000c0000000, 0x00000000c4300000, 0x00000000eab00000)
  object space 68608K, 59% used [0x00000000c0000000,0x00000000c27ee6f0,0x00000000c4300000)
 Metaspace       used 49348K, committed 50432K, reserved 1114112K
  class space    used 5095K, committed 5568K, reserved 1048576K
}
Event: 5.240 GC heap after
{Heap after GC invocations=25 (full 2):
 PSYoungGen      total 22528K, used 3389K [0x00000000eab00000, 0x00000000ec480000, 0x0000000100000000)
  eden space 18944K, 0% used [0x00000000eab00000,0x00000000eab00000,0x00000000ebd80000)
  from space 3584K, 94% used [0x00000000ebe80000,0x00000000ec1cf628,0x00000000ec200000)
  to   space 2560K, 0% used [0x00000000ec200000,0x00000000ec200000,0x00000000ec480000)
 ParOldGen       total 68608K, used 44135K [0x00000000c0000000, 0x00000000c4300000, 0x00000000eab00000)
  object space 68608K, 64% used [0x00000000c0000000,0x00000000c2b19ee0,0x00000000c4300000)
 Metaspace       used 49348K, committed 50432K, reserved 1114112K
  class space    used 5095K, committed 5568K, reserved 1048576K
}
Event: 5.307 GC heap before
{Heap before GC invocations=26 (full 2):
 PSYoungGen      total 22528K, used 22333K [0x00000000eab00000, 0x00000000ec480000, 0x0000000100000000)
  eden space 18944K, 100% used [0x00000000eab00000,0x00000000ebd80000,0x00000000ebd80000)
  from space 3584K, 94% used [0x00000000ebe80000,0x00000000ec1cf628,0x00000000ec200000)
  to   space 2560K, 0% used [0x00000000ec200000,0x00000000ec200000,0x00000000ec480000)
 ParOldGen       total 68608K, used 44135K [0x00000000c0000000, 0x00000000c4300000, 0x00000000eab00000)
  object space 68608K, 64% used [0x00000000c0000000,0x00000000c2b19ee0,0x00000000c4300000)
 Metaspace       used 49727K, committed 50752K, reserved 1114112K
  class space    used 5136K, committed 5568K, reserved 1048576K
}
Event: 5.310 GC heap after
{Heap after GC invocations=26 (full 2):
 PSYoungGen      total 19456K, used 2541K [0x00000000eab00000, 0x00000000eca80000, 0x0000000100000000)
  eden space 16896K, 0% used [0x00000000eab00000,0x00000000eab00000,0x00000000ebb80000)
  from space 2560K, 99% used [0x00000000ec200000,0x00000000ec47b448,0x00000000ec480000)
  to   space 6656K, 0% used [0x00000000ebb80000,0x00000000ebb80000,0x00000000ec200000)
 ParOldGen       total 68608K, used 47666K [0x00000000c0000000, 0x00000000c4300000, 0x00000000eab00000)
  object space 68608K, 69% used [0x00000000c0000000,0x00000000c2e8ca40,0x00000000c4300000)
 Metaspace       used 49727K, committed 50752K, reserved 1114112K
  class space    used 5136K, committed 5568K, reserved 1048576K
}
Event: 5.368 GC heap before
{Heap before GC invocations=27 (full 2):
 PSYoungGen      total 19456K, used 19429K [0x00000000eab00000, 0x00000000eca80000, 0x0000000100000000)
  eden space 16896K, 99% used [0x00000000eab00000,0x00000000ebb7e300,0x00000000ebb80000)
  from space 2560K, 99% used [0x00000000ec200000,0x00000000ec47b448,0x00000000ec480000)
  to   space 6656K, 0% used [0x00000000ebb80000,0x00000000ebb80000,0x00000000ec200000)
 ParOldGen       total 68608K, used 47666K [0x00000000c0000000, 0x00000000c4300000, 0x00000000eab00000)
  object space 68608K, 69% used [0x00000000c0000000,0x00000000c2e8ca40,0x00000000c4300000)
 Metaspace       used 50042K, committed 51008K, reserved 1114112K
  class space    used 5189K, committed 5632K, reserved 1048576K
}
Event: 5.371 GC heap after
{Heap after GC invocations=27 (full 2):
 PSYoungGen      total 19456K, used 2550K [0x00000000eab00000, 0x00000000ec380000, 0x0000000100000000)
  eden space 16896K, 0% used [0x00000000eab00000,0x00000000eab00000,0x00000000ebb80000)
  from space 2560K, 99% used [0x00000000ebb80000,0x00000000ebdfd858,0x00000000ebe00000)
  to   space 4096K, 0% used [0x00000000ebf80000,0x00000000ebf80000,0x00000000ec380000)
 ParOldGen       total 68608K, used 50168K [0x00000000c0000000, 0x00000000c4300000, 0x00000000eab00000)
  object space 68608K, 73% used [0x00000000c0000000,0x00000000c30fe1f8,0x00000000c4300000)
 Metaspace       used 50042K, committed 51008K, reserved 1114112K
  class space    used 5189K, committed 5632K, reserved 1048576K
}
Event: 5.428 GC heap before
{Heap before GC invocations=28 (full 2):
 PSYoungGen      total 19456K, used 19446K [0x00000000eab00000, 0x00000000ec380000, 0x0000000100000000)
  eden space 16896K, 100% used [0x00000000eab00000,0x00000000ebb80000,0x00000000ebb80000)
  from space 2560K, 99% used [0x00000000ebb80000,0x00000000ebdfd858,0x00000000ebe00000)
  to   space 4096K, 0% used [0x00000000ebf80000,0x00000000ebf80000,0x00000000ec380000)
 ParOldGen       total 68608K, used 50168K [0x00000000c0000000, 0x00000000c4300000, 0x00000000eab00000)
  object space 68608K, 73% used [0x00000000c0000000,0x00000000c30fe1f8,0x00000000c4300000)
 Metaspace       used 50306K, committed 51328K, reserved 1114112K
  class space    used 5240K, committed 5696K, reserved 1048576K
}
Event: 5.430 GC heap after
{Heap after GC invocations=28 (full 2):
 PSYoungGen      total 19968K, used 2775K [0x00000000eab00000, 0x00000000ec280000, 0x0000000100000000)
  eden space 16896K, 0% used [0x00000000eab00000,0x00000000eab00000,0x00000000ebb80000)
  from space 3072K, 90% used [0x00000000ebf80000,0x00000000ec235c40,0x00000000ec280000)
  to   space 3072K, 0% used [0x00000000ebc80000,0x00000000ebc80000,0x00000000ebf80000)
 ParOldGen       total 68608K, used 52511K [0x00000000c0000000, 0x00000000c4300000, 0x00000000eab00000)
  object space 68608K, 76% used [0x00000000c0000000,0x00000000c3347e90,0x00000000c4300000)
 Metaspace       used 50306K, committed 51328K, reserved 1114112K
  class space    used 5240K, committed 5696K, reserved 1048576K
}
Event: 5.487 GC heap before
{Heap before GC invocations=29 (full 2):
 PSYoungGen      total 19968K, used 19636K [0x00000000eab00000, 0x00000000ec280000, 0x0000000100000000)
  eden space 16896K, 99% used [0x00000000eab00000,0x00000000ebb77640,0x00000000ebb80000)
  from space 3072K, 90% used [0x00000000ebf80000,0x00000000ec235c40,0x00000000ec280000)
  to   space 3072K, 0% used [0x00000000ebc80000,0x00000000ebc80000,0x00000000ebf80000)
 ParOldGen       total 68608K, used 52511K [0x00000000c0000000, 0x00000000c4300000, 0x00000000eab00000)
  object space 68608K, 76% used [0x00000000c0000000,0x00000000c3347e90,0x00000000c4300000)
 Metaspace       used 50729K, committed 51712K, reserved 1114112K
  class space    used 5289K, committed 5760K, reserved 1048576K
}

Dll operation events (10 events):
Event: 0.012 Loaded shared library c:\Users\ASUS\.vscode\extensions\redhat.java-1.37.0-win32-x64\jre\17.0.13-win32-x86_64\bin\java.dll
Event: 0.141 Loaded shared library c:\Users\ASUS\.vscode\extensions\redhat.java-1.37.0-win32-x64\jre\17.0.13-win32-x86_64\bin\zip.dll
Event: 0.144 Loaded shared library C:\Users\ASUS\.vscode\extensions\redhat.java-1.37.0-win32-x64\jre\17.0.13-win32-x86_64\bin\instrument.dll
Event: 0.156 Loaded shared library C:\Users\ASUS\.vscode\extensions\redhat.java-1.37.0-win32-x64\jre\17.0.13-win32-x86_64\bin\net.dll
Event: 0.158 Loaded shared library C:\Users\ASUS\.vscode\extensions\redhat.java-1.37.0-win32-x64\jre\17.0.13-win32-x86_64\bin\nio.dll
Event: 0.164 Loaded shared library C:\Users\ASUS\.vscode\extensions\redhat.java-1.37.0-win32-x64\jre\17.0.13-win32-x86_64\bin\zip.dll
Event: 0.180 Loaded shared library C:\Users\ASUS\.vscode\extensions\redhat.java-1.37.0-win32-x64\jre\17.0.13-win32-x86_64\bin\jimage.dll
Event: 0.246 Loaded shared library c:\Users\ASUS\.vscode\extensions\redhat.java-1.37.0-win32-x64\jre\17.0.13-win32-x86_64\bin\verify.dll
Event: 1.175 Loaded shared library C:\Users\ASUS\AppData\Roaming\Code\User\globalStorage\redhat.java\1.37.0\config_win\org.eclipse.equinox.launcher\org.eclipse.equinox.launcher.win32.win32.x86_64_1.2.1100.v20240722-2106\eclipse_11904.dll
Event: 2.660 Loaded shared library C:\Users\ASUS\AppData\Local\Temp\jna-2018896\jna7965123815468987667.dll

Deoptimization events (20 events):
Event: 5.459 Thread 0x00000218e9d21a50 DEOPT PACKING pc=0x00000218d18cc2e3 sp=0x00000097b83fea10
Event: 5.459 Thread 0x00000218e9d21a50 DEOPT UNPACKING pc=0x00000218d8316e43 sp=0x00000097b83fdeb0 mode 0
Event: 5.463 Thread 0x00000218e9d21a50 DEOPT PACKING pc=0x00000218d18cc2e3 sp=0x00000097b83fea10
Event: 5.463 Thread 0x00000218e9d21a50 DEOPT UNPACKING pc=0x00000218d8316e43 sp=0x00000097b83fdeb0 mode 0
Event: 5.465 Thread 0x00000218e9d21a50 DEOPT PACKING pc=0x00000218d18cc2e3 sp=0x00000097b83fea90
Event: 5.465 Thread 0x00000218e9d21a50 DEOPT UNPACKING pc=0x00000218d8316e43 sp=0x00000097b83fdf30 mode 0
Event: 5.467 Thread 0x00000218e9d21a50 DEOPT PACKING pc=0x00000218d107300b sp=0x00000097b83fe810
Event: 5.467 Thread 0x00000218e9d21a50 DEOPT UNPACKING pc=0x00000218d8316e43 sp=0x00000097b83fdd48 mode 0
Event: 5.469 Thread 0x00000218e9d21a50 DEOPT PACKING pc=0x00000218d18cc2e3 sp=0x00000097b83fe9a0
Event: 5.469 Thread 0x00000218e9d21a50 DEOPT UNPACKING pc=0x00000218d8316e43 sp=0x00000097b83fde40 mode 0
Event: 5.477 Thread 0x00000218e9d21a50 DEOPT PACKING pc=0x00000218d18cc2e3 sp=0x00000097b83feb20
Event: 5.477 Thread 0x00000218e9d21a50 DEOPT UNPACKING pc=0x00000218d8316e43 sp=0x00000097b83fdfc0 mode 0
Event: 5.482 Thread 0x00000218e9d21a50 DEOPT PACKING pc=0x00000218d18cc2e3 sp=0x00000097b83fea10
Event: 5.482 Thread 0x00000218e9d21a50 DEOPT UNPACKING pc=0x00000218d8316e43 sp=0x00000097b83fdeb0 mode 0
Event: 5.485 Thread 0x00000218e9d21a50 Uncommon trap: trap_request=0xffffff6e fr.pc=0x00000218d8c4ceb4 relative=0x0000000000000ab4
Event: 5.485 Thread 0x00000218e9d21a50 Uncommon trap: reason=loop_limit_check action=maybe_recompile pc=0x00000218d8c4ceb4 method=org.eclipse.jdt.internal.compiler.util.HashtableOfObject.rehash()V @ 56 c2
Event: 5.485 Thread 0x00000218e9d21a50 DEOPT PACKING pc=0x00000218d8c4ceb4 sp=0x00000097b83fe990
Event: 5.485 Thread 0x00000218e9d21a50 DEOPT UNPACKING pc=0x00000218d83166a3 sp=0x00000097b83fe8c0 mode 2
Event: 5.487 Thread 0x00000218e9d21a50 DEOPT PACKING pc=0x00000218d107300b sp=0x00000097b83fe810
Event: 5.487 Thread 0x00000218e9d21a50 DEOPT UNPACKING pc=0x00000218d8316e43 sp=0x00000097b83fdd48 mode 0

Classes loaded (20 events):
Event: 4.683 Loading class java/util/stream/Streams$2
Event: 4.684 Loading class java/util/stream/Streams$2 done
Event: 4.854 Loading class java/lang/annotation/ElementType
Event: 4.854 Loading class java/lang/annotation/ElementType done
Event: 4.932 Loading class java/lang/ExceptionInInitializerError
Event: 4.932 Loading class java/lang/ExceptionInInitializerError done
Event: 4.976 Loading class java/lang/annotation/IncompleteAnnotationException
Event: 4.977 Loading class java/lang/annotation/IncompleteAnnotationException done
Event: 5.128 Loading class java/util/concurrent/ForkJoinTask$AdaptedCallable
Event: 5.128 Loading class java/util/concurrent/ForkJoinTask
Event: 5.128 Loading class java/util/concurrent/ForkJoinTask done
Event: 5.128 Loading class java/util/concurrent/ForkJoinTask$AdaptedCallable done
Event: 5.128 Loading class java/util/concurrent/ForkJoinTask$Aux
Event: 5.129 Loading class java/util/concurrent/ForkJoinTask$Aux done
Event: 5.129 Loading class java/util/concurrent/ForkJoinPool$DefaultForkJoinWorkerThreadFactory$1
Event: 5.129 Loading class java/util/concurrent/ForkJoinPool$DefaultForkJoinWorkerThreadFactory$1 done
Event: 5.415 Loading class sun/reflect/annotation/AnnotatedTypeFactory$AnnotatedParameterizedTypeImpl
Event: 5.415 Loading class java/lang/reflect/AnnotatedParameterizedType
Event: 5.415 Loading class java/lang/reflect/AnnotatedParameterizedType done
Event: 5.415 Loading class sun/reflect/annotation/AnnotatedTypeFactory$AnnotatedParameterizedTypeImpl done

Classes unloaded (7 events):
Event: 3.713 Thread 0x00000218e71f6600 Unloading class 0x0000000100252000 'java/lang/invoke/LambdaForm$MH+0x0000000100252000'
Event: 3.713 Thread 0x00000218e71f6600 Unloading class 0x0000000100251c00 'java/lang/invoke/LambdaForm$MH+0x0000000100251c00'
Event: 3.713 Thread 0x00000218e71f6600 Unloading class 0x0000000100251800 'java/lang/invoke/LambdaForm$MH+0x0000000100251800'
Event: 3.713 Thread 0x00000218e71f6600 Unloading class 0x0000000100251400 'java/lang/invoke/LambdaForm$MH+0x0000000100251400'
Event: 3.713 Thread 0x00000218e71f6600 Unloading class 0x0000000100251000 'java/lang/invoke/LambdaForm$BMH+0x0000000100251000'
Event: 3.713 Thread 0x00000218e71f6600 Unloading class 0x0000000100250c00 'java/lang/invoke/LambdaForm$DMH+0x0000000100250c00'
Event: 3.713 Thread 0x00000218e71f6600 Unloading class 0x000000010024c400 'java/lang/invoke/LambdaForm$DMH+0x000000010024c400'

Classes redefined (0 events):
No events

Internal exceptions (20 events):
Event: 4.304 Thread 0x00000218e9d21a50 Exception <a 'java/lang/NoSuchMethodError'{0x00000000ebe43430}: 'void java.lang.invoke.DirectMethodHandle$Holder.invokeStaticInit(java.lang.Object, java.lang.Object, java.lang.Object)'> (0x00000000ebe43430) 
thrown [s\src\hotspot\share\interpreter\linkResolver.cpp, line 759]
Event: 4.428 Thread 0x00000218ce1de1f0 Exception <a 'java/lang/NoSuchMethodError'{0x00000000eb7ffe60}: 'void java.lang.invoke.DirectMethodHandle$Holder.invokeSpecial(java.lang.Object, java.lang.Object, java.lang.Object, java.lang.Object, java.lang.Object, java.lang.Object)'> (0x00000000eb7ffe60) 
thrown [s\src\hotspot\share\interpreter\linkResolver.cpp, line 759]
Event: 4.431 Thread 0x00000218ce1de1f0 Exception <a 'java/lang/IncompatibleClassChangeError'{0x00000000eb8f3e90}: Found class java.lang.Object, but interface was expected> (0x00000000eb8f3e90) 
thrown [s\src\hotspot\share\interpreter\linkResolver.cpp, line 826]
Event: 4.661 Thread 0x00000218e9d21f60 Exception <a 'java/io/FileNotFoundException'{0x00000000eab16d40}> (0x00000000eab16d40) 
thrown [s\src\hotspot\share\prims\jni.cpp, line 516]
Event: 4.662 Thread 0x00000218e9d21f60 Exception <a 'java/io/FileNotFoundException'{0x00000000eab17d30}> (0x00000000eab17d30) 
thrown [s\src\hotspot\share\prims\jni.cpp, line 516]
Event: 4.662 Thread 0x00000218e9d21f60 Exception <a 'java/io/FileNotFoundException'{0x00000000eab18a80}> (0x00000000eab18a80) 
thrown [s\src\hotspot\share\prims\jni.cpp, line 516]
Event: 4.719 Thread 0x00000218ea9edfc0 Exception <a 'java/lang/NoSuchMethodError'{0x00000000eb6583b8}: 'java.lang.Object java.lang.invoke.DirectMethodHandle$Holder.newInvokeSpecial(java.lang.Object, java.lang.Object, java.lang.Object, java.lang.Object, java.lang.Object, java.lang.Object)'> (0x00000000eb6583b8) 
thrown [s\src\hotspot\share\interpreter\linkResolver.cpp, line 759]
Event: 4.749 Thread 0x00000218ea9ed090 Exception <a 'java/lang/NoSuchMethodError'{0x00000000ebacd378}: 'int java.lang.invoke.DirectMethodHandle$Holder.invokeStatic(java.lang.Object, java.lang.Object, java.lang.Object, java.lang.Object, java.lang.Object)'> (0x00000000ebacd378) 
thrown [s\src\hotspot\share\interpreter\linkResolver.cpp, line 759]
Event: 4.784 Thread 0x00000218ea9edfc0 Exception <a 'java/io/FileNotFoundException'{0x00000000ead0bc20}> (0x00000000ead0bc20) 
thrown [s\src\hotspot\share\prims\jni.cpp, line 516]
Event: 4.784 Thread 0x00000218ea9edfc0 Exception <a 'java/io/FileNotFoundException'{0x00000000ead0cc00}> (0x00000000ead0cc00) 
thrown [s\src\hotspot\share\prims\jni.cpp, line 516]
Event: 4.785 Thread 0x00000218ea9edfc0 Exception <a 'java/io/FileNotFoundException'{0x00000000ead4c6a0}> (0x00000000ead4c6a0) 
thrown [s\src\hotspot\share\prims\jni.cpp, line 516]
Event: 4.785 Thread 0x00000218ea9edfc0 Exception <a 'java/io/FileNotFoundException'{0x00000000ead4d948}> (0x00000000ead4d948) 
thrown [s\src\hotspot\share\prims\jni.cpp, line 516]
Event: 4.786 Thread 0x00000218ea9edfc0 Exception <a 'java/io/FileNotFoundException'{0x00000000ead4e948}> (0x00000000ead4e948) 
thrown [s\src\hotspot\share\prims\jni.cpp, line 516]
Event: 4.826 Thread 0x00000218ea9edfc0 Exception <a 'java/lang/NoSuchMethodError'{0x00000000eb50f098}: 'java.lang.Object java.lang.invoke.DirectMethodHandle$Holder.invokeVirtual(java.lang.Object, java.lang.Object, java.lang.Object)'> (0x00000000eb50f098) 
thrown [s\src\hotspot\share\interpreter\linkResolver.cpp, line 759]
Event: 4.977 Thread 0x00000218ea9ed090 Exception <a 'java/lang/NoClassDefFoundError'{0x00000000eb52c238}: javax/enterprise/inject/Typed> (0x00000000eb52c238) 
thrown [s\src\hotspot\share\classfile\systemDictionary.cpp, line 245]
Event: 5.125 Thread 0x00000218ea9edfc0 Exception <a 'sun/nio/fs/WindowsException'{0x00000000eb689ae8}> (0x00000000eb689ae8) 
thrown [s\src\hotspot\share\prims\jni.cpp, line 516]
Event: 5.159 Thread 0x00000218ea9edfc0 Exception <a 'sun/nio/fs/WindowsException'{0x00000000ebc6ba60}> (0x00000000ebc6ba60) 
thrown [s\src\hotspot\share\prims\jni.cpp, line 516]
Event: 5.181 Thread 0x00000218ea9edfc0 Exception <a 'sun/nio/fs/WindowsException'{0x00000000eaf02b48}> (0x00000000eaf02b48) 
thrown [s\src\hotspot\share\prims\jni.cpp, line 516]
Event: 5.187 Thread 0x00000218ea9edfc0 Exception <a 'sun/nio/fs/WindowsException'{0x00000000eb00d308}> (0x00000000eb00d308) 
thrown [s\src\hotspot\share\prims\jni.cpp, line 516]
Event: 5.194 Thread 0x00000218ea9edfc0 Exception <a 'sun/nio/fs/WindowsException'{0x00000000eb244438}> (0x00000000eb244438) 
thrown [s\src\hotspot\share\prims\jni.cpp, line 516]

VM Operations (20 events):
Event: 4.998 Executing VM operation: HandshakeAllThreads done
Event: 5.011 Executing VM operation: ParallelGCFailedAllocation
Event: 5.014 Executing VM operation: ParallelGCFailedAllocation done
Event: 5.075 Executing VM operation: ParallelGCFailedAllocation
Event: 5.077 Executing VM operation: ParallelGCFailedAllocation done
Event: 5.091 Executing VM operation: HandshakeAllThreads
Event: 5.091 Executing VM operation: HandshakeAllThreads done
Event: 5.160 Executing VM operation: ParallelGCFailedAllocation
Event: 5.164 Executing VM operation: ParallelGCFailedAllocation done
Event: 5.235 Executing VM operation: ParallelGCFailedAllocation
Event: 5.240 Executing VM operation: ParallelGCFailedAllocation done
Event: 5.307 Executing VM operation: ParallelGCFailedAllocation
Event: 5.311 Executing VM operation: ParallelGCFailedAllocation done
Event: 5.368 Executing VM operation: ParallelGCFailedAllocation
Event: 5.371 Executing VM operation: ParallelGCFailedAllocation done
Event: 5.428 Executing VM operation: ParallelGCFailedAllocation
Event: 5.430 Executing VM operation: ParallelGCFailedAllocation done
Event: 5.472 Executing VM operation: HandshakeAllThreads
Event: 5.472 Executing VM operation: HandshakeAllThreads done
Event: 5.487 Executing VM operation: ParallelGCFailedAllocation

Memory protections (0 events):
No events

Nmethod flushes (20 events):
Event: 5.007 Thread 0x00000218e72365b0 flushing  nmethod 0x00000218d19b9b10
Event: 5.007 Thread 0x00000218e72365b0 flushing  nmethod 0x00000218d19bd410
Event: 5.007 Thread 0x00000218e72365b0 flushing  nmethod 0x00000218d19c9d90
Event: 5.007 Thread 0x00000218e72365b0 flushing  nmethod 0x00000218d19de990
Event: 5.007 Thread 0x00000218e72365b0 flushing  nmethod 0x00000218d1a0b490
Event: 5.007 Thread 0x00000218e72365b0 flushing  nmethod 0x00000218d1a0cb90
Event: 5.007 Thread 0x00000218e72365b0 flushing  nmethod 0x00000218d1a12310
Event: 5.007 Thread 0x00000218e72365b0 flushing  nmethod 0x00000218d1a24f10
Event: 5.007 Thread 0x00000218e72365b0 flushing  nmethod 0x00000218d1a2a910
Event: 5.007 Thread 0x00000218e72365b0 flushing  nmethod 0x00000218d1a2b510
Event: 5.007 Thread 0x00000218e72365b0 flushing  nmethod 0x00000218d1a36290
Event: 5.007 Thread 0x00000218e72365b0 flushing  nmethod 0x00000218d1a44710
Event: 5.007 Thread 0x00000218e72365b0 flushing  nmethod 0x00000218d1a49b10
Event: 5.007 Thread 0x00000218e72365b0 flushing  nmethod 0x00000218d1a49e90
Event: 5.007 Thread 0x00000218e72365b0 flushing  nmethod 0x00000218d1a4a610
Event: 5.007 Thread 0x00000218e72365b0 flushing  nmethod 0x00000218d1a4c790
Event: 5.007 Thread 0x00000218e72365b0 flushing  nmethod 0x00000218d1a4cf90
Event: 5.007 Thread 0x00000218e72365b0 flushing  nmethod 0x00000218d1a5a310
Event: 5.007 Thread 0x00000218e72365b0 flushing  nmethod 0x00000218d1a61690
Event: 5.007 Thread 0x00000218e72365b0 flushing  nmethod 0x00000218d1a72a90

Events (20 events):
Event: 4.174 Thread 0x00000218ce243910 Thread added: 0x00000218ebea0610
Event: 4.495 Thread 0x00000218ce1de1f0 Thread added: 0x00000218ea9ee4d0
Event: 4.496 Thread 0x00000218ce1de1f0 Thread added: 0x00000218ea9ee9e0
Event: 4.683 Thread 0x00000218ea9edfc0 Thread added: 0x00000218ea9e89b0
Event: 4.760 Thread 0x00000218ea9e89b0 Thread added: 0x00000218ea9e8ec0
Event: 5.129 Thread 0x00000218ea9edfc0 Thread added: 0x00000218ea9ead20
Event: 5.159 Thread 0x00000218ea9ead20 Thread added: 0x00000218ea9e93d0
Event: 5.209 Thread 0x00000218ea9edfc0 Thread added: 0x00000218ea9eb230
Event: 5.210 Thread 0x00000218ea9edfc0 Thread added: 0x00000218e9d1f1d0
Event: 5.210 Thread 0x00000218ea9edfc0 Thread added: 0x00000218f5311610
Event: 5.210 Thread 0x00000218e9d1f1d0 Thread added: 0x00000218f530f7b0
Event: 5.210 Thread 0x00000218ea9eb230 Thread added: 0x00000218f5311b20
Event: 5.210 Thread 0x00000218f530f7b0 Thread added: 0x00000218f530cf30
Event: 5.211 Thread 0x00000218f5311610 Thread added: 0x00000218f530b0d0
Event: 5.211 Thread 0x00000218f530cf30 Thread added: 0x00000218f530f2a0
Event: 5.211 Thread 0x00000218ea9edfc0 Thread added: 0x00000218f530baf0
Event: 5.211 Thread 0x00000218ea9edfc0 Thread added: 0x00000218f530ca20
Event: 5.211 Thread 0x00000218f5311b20 Thread added: 0x00000218f530c510
Event: 5.212 Thread 0x00000218f530b0d0 Thread added: 0x00000218f530d440
Event: 5.212 Thread 0x00000218ea9edfc0 Thread added: 0x00000218f530d950


Dynamic libraries:
0x00007ff6d00e0000 - 0x00007ff6d00ee000 	c:\Users\ASUS\.vscode\extensions\redhat.java-1.37.0-win32-x64\jre\17.0.13-win32-x86_64\bin\java.exe
0x00007ff89ad10000 - 0x00007ff89af27000 	C:\Windows\SYSTEM32\ntdll.dll
0x00007ff898de0000 - 0x00007ff898ea4000 	C:\Windows\System32\KERNEL32.DLL
0x00007ff898240000 - 0x00007ff8985fa000 	C:\Windows\System32\KERNELBASE.dll
0x00007ff898600000 - 0x00007ff898711000 	C:\Windows\System32\ucrtbase.dll
0x00007ff84d580000 - 0x00007ff84d597000 	c:\Users\ASUS\.vscode\extensions\redhat.java-1.37.0-win32-x64\jre\17.0.13-win32-x86_64\bin\jli.dll
0x00007ff84d560000 - 0x00007ff84d57e000 	c:\Users\ASUS\.vscode\extensions\redhat.java-1.37.0-win32-x64\jre\17.0.13-win32-x86_64\bin\VCRUNTIME140.dll
0x00007ff8995b0000 - 0x00007ff89975e000 	C:\Windows\System32\USER32.dll
0x00007ff898940000 - 0x00007ff898966000 	C:\Windows\System32\win32u.dll
0x00007ff89ac40000 - 0x00007ff89ac69000 	C:\Windows\System32\GDI32.dll
0x00007ff897320000 - 0x00007ff8975b2000 	C:\Windows\WinSxS\amd64_microsoft.windows.common-controls_6595b64144ccf1df_6.0.22621.4541_none_2710d1c57384c085\COMCTL32.dll
0x00007ff898720000 - 0x00007ff89883b000 	C:\Windows\System32\gdi32full.dll
0x00007ff899860000 - 0x00007ff899907000 	C:\Windows\System32\msvcrt.dll
0x00007ff898970000 - 0x00007ff898a0a000 	C:\Windows\System32\msvcp_win.dll
0x00007ff89a390000 - 0x00007ff89a3c1000 	C:\Windows\System32\IMM32.DLL
0x00007ff877c70000 - 0x00007ff877c7c000 	c:\Users\ASUS\.vscode\extensions\redhat.java-1.37.0-win32-x64\jre\17.0.13-win32-x86_64\bin\vcruntime140_1.dll
0x00007ff83ab90000 - 0x00007ff83ac1d000 	c:\Users\ASUS\.vscode\extensions\redhat.java-1.37.0-win32-x64\jre\17.0.13-win32-x86_64\bin\msvcp140.dll
0x00007ff807940000 - 0x00007ff8085ab000 	c:\Users\ASUS\.vscode\extensions\redhat.java-1.37.0-win32-x64\jre\17.0.13-win32-x86_64\bin\server\jvm.dll
0x00007ff89a2d0000 - 0x00007ff89a382000 	C:\Windows\System32\ADVAPI32.dll
0x00007ff89a5c0000 - 0x00007ff89a667000 	C:\Windows\System32\sechost.dll
0x00007ff897fe0000 - 0x00007ff898008000 	C:\Windows\System32\bcrypt.dll
0x00007ff898fb0000 - 0x00007ff8990c4000 	C:\Windows\System32\RPCRT4.dll
0x00007ff89a540000 - 0x00007ff89a5b1000 	C:\Windows\System32\WS2_32.dll
0x00007ff8978f0000 - 0x00007ff89793d000 	C:\Windows\SYSTEM32\POWRPROF.dll
0x00007ff87f6d0000 - 0x00007ff87f6da000 	C:\Windows\SYSTEM32\VERSION.dll
0x00007ff891940000 - 0x00007ff891974000 	C:\Windows\SYSTEM32\WINMM.dll
0x00007ff8977a0000 - 0x00007ff8977b3000 	C:\Windows\SYSTEM32\UMPDC.dll
0x00007ff8967f0000 - 0x00007ff896808000 	C:\Windows\SYSTEM32\kernel.appcore.dll
0x00007ff875cd0000 - 0x00007ff875cda000 	c:\Users\ASUS\.vscode\extensions\redhat.java-1.37.0-win32-x64\jre\17.0.13-win32-x86_64\bin\jimage.dll
0x00007ff897940000 - 0x00007ff897b72000 	C:\Windows\SYSTEM32\DBGHELP.DLL
0x00007ff898a30000 - 0x00007ff898dbf000 	C:\Windows\System32\combase.dll
0x00007ff89ab60000 - 0x00007ff89ac37000 	C:\Windows\System32\OLEAUT32.dll
0x00007ff8977e0000 - 0x00007ff897812000 	C:\Windows\SYSTEM32\dbgcore.DLL
0x00007ff898840000 - 0x00007ff8988bb000 	C:\Windows\System32\bcryptPrimitives.dll
0x00007ff871930000 - 0x00007ff87193e000 	c:\Users\ASUS\.vscode\extensions\redhat.java-1.37.0-win32-x64\jre\17.0.13-win32-x86_64\bin\instrument.dll
0x00007ff84d290000 - 0x00007ff84d2b5000 	c:\Users\ASUS\.vscode\extensions\redhat.java-1.37.0-win32-x64\jre\17.0.13-win32-x86_64\bin\java.dll
0x00007ff84d270000 - 0x00007ff84d288000 	c:\Users\ASUS\.vscode\extensions\redhat.java-1.37.0-win32-x64\jre\17.0.13-win32-x86_64\bin\zip.dll
0x00007ff8999a0000 - 0x00007ff89a218000 	C:\Windows\System32\SHELL32.dll
0x00007ff895620000 - 0x00007ff895f28000 	C:\Windows\SYSTEM32\windows.storage.dll
0x00007ff8954c0000 - 0x00007ff8955ff000 	C:\Windows\SYSTEM32\wintypes.dll
0x00007ff8990d0000 - 0x00007ff8991ca000 	C:\Windows\System32\SHCORE.dll
0x00007ff89ac70000 - 0x00007ff89acce000 	C:\Windows\System32\shlwapi.dll
0x00007ff897f10000 - 0x00007ff897f3b000 	C:\Windows\SYSTEM32\profapi.dll
0x00007ff849640000 - 0x00007ff849659000 	C:\Users\ASUS\.vscode\extensions\redhat.java-1.37.0-win32-x64\jre\17.0.13-win32-x86_64\bin\net.dll
0x00007ff892e90000 - 0x00007ff892fc6000 	C:\Windows\SYSTEM32\WINHTTP.dll
0x00007ff896df0000 - 0x00007ff896e59000 	C:\Windows\system32\mswsock.dll
0x00007ff849620000 - 0x00007ff849636000 	C:\Users\ASUS\.vscode\extensions\redhat.java-1.37.0-win32-x64\jre\17.0.13-win32-x86_64\bin\nio.dll
0x00007ff871010000 - 0x00007ff871020000 	c:\Users\ASUS\.vscode\extensions\redhat.java-1.37.0-win32-x64\jre\17.0.13-win32-x86_64\bin\verify.dll
0x00007ff83f560000 - 0x00007ff83f5a5000 	C:\Users\ASUS\AppData\Roaming\Code\User\globalStorage\redhat.java\1.37.0\config_win\org.eclipse.equinox.launcher\org.eclipse.equinox.launcher.win32.win32.x86_64_1.2.1100.v20240722-2106\eclipse_11904.dll
0x00007ff8991d0000 - 0x00007ff899375000 	C:\Windows\System32\ole32.dll
0x00007ff897c80000 - 0x00007ff897c9b000 	C:\Windows\SYSTEM32\CRYPTSP.dll
0x00007ff896750000 - 0x00007ff896785000 	C:\Windows\system32\rsaenh.dll
0x00007ff897050000 - 0x00007ff897078000 	C:\Windows\SYSTEM32\USERENV.dll
0x00007ff897120000 - 0x00007ff89712c000 	C:\Windows\SYSTEM32\CRYPTBASE.dll
0x00007ff8961c0000 - 0x00007ff8961ed000 	C:\Windows\SYSTEM32\IPHLPAPI.DLL
0x00007ff8995a0000 - 0x00007ff8995a9000 	C:\Windows\System32\NSI.dll
0x00007ff891850000 - 0x00007ff891869000 	C:\Windows\SYSTEM32\dhcpcsvc6.DLL
0x00007ff891790000 - 0x00007ff8917af000 	C:\Windows\SYSTEM32\dhcpcsvc.DLL
0x00007ff8961f0000 - 0x00007ff8962f2000 	C:\Windows\SYSTEM32\DNSAPI.dll
0x00007ff838d80000 - 0x00007ff838dc9000 	C:\Users\ASUS\AppData\Local\Temp\jna-2018896\jna7965123815468987667.dll
0x00007ff899910000 - 0x00007ff899918000 	C:\Windows\System32\PSAPI.DLL

dbghelp: loaded successfully - version: 4.0.5 - missing functions: none
symbol engine: initialized successfully - sym options: 0x614 - pdb path: .;c:\Users\ASUS\.vscode\extensions\redhat.java-1.37.0-win32-x64\jre\17.0.13-win32-x86_64\bin;C:\Windows\SYSTEM32;C:\Windows\WinSxS\amd64_microsoft.windows.common-controls_6595b64144ccf1df_6.0.22621.4541_none_2710d1c57384c085;c:\Users\ASUS\.vscode\extensions\redhat.java-1.37.0-win32-x64\jre\17.0.13-win32-x86_64\bin\server;C:\Users\ASUS\AppData\Roaming\Code\User\globalStorage\redhat.java\1.37.0\config_win\org.eclipse.equinox.launcher\org.eclipse.equinox.launcher.win32.win32.x86_64_1.2.1100.v20240722-2106;C:\Users\ASUS\AppData\Local\Temp\jna-2018896

VM Arguments:
jvm_args: --add-modules=ALL-SYSTEM --add-opens=java.base/java.util=ALL-UNNAMED --add-opens=java.base/java.lang=ALL-UNNAMED --add-opens=java.base/sun.nio.fs=ALL-UNNAMED -Declipse.application=org.eclipse.jdt.ls.core.id1 -Dosgi.bundles.defaultStartLevel=4 -Declipse.product=org.eclipse.jdt.ls.core.product -Djava.import.generatesMetadataFilesAtProjectRoot=false -DDetectVMInstallationsJob.disabled=true -Dfile.encoding=utf8 -XX:+UseParallelGC -XX:GCTimeRatio=4 -XX:AdaptiveSizePolicyWeight=90 -Dsun.zip.disableMemoryMapping=true -Xmx1G -Xms100m -Xlog:disable -javaagent:c:\Users\ASUS\.vscode\extensions\redhat.java-1.37.0-win32-x64\lombok\lombok-1.18.34.jar -XX:+HeapDumpOnOutOfMemoryError -XX:HeapDumpPath=c:\Users\ASUS\AppData\Roaming\Code\User\workspaceStorage\13dd09e2ea5d8ae66ef7eb42a20b93dc\redhat.java -Daether.dependencyCollector.impl=bf 
java_command: c:\Users\ASUS\.vscode\extensions\redhat.java-1.37.0-win32-x64\server\plugins\org.eclipse.equinox.launcher_1.6.900.v20240613-2009.jar -configuration c:\Users\ASUS\AppData\Roaming\Code\User\globalStorage\redhat.java\1.37.0\config_win -data c:\Users\ASUS\AppData\Roaming\Code\User\workspaceStorage\13dd09e2ea5d8ae66ef7eb42a20b93dc\redhat.java\jdt_ws --pipe=\\.\pipe\lsp-e6dfd464ee8d2d104c8de1f09bfb2205-sock
java_class_path (initial): c:\Users\ASUS\.vscode\extensions\redhat.java-1.37.0-win32-x64\server\plugins\org.eclipse.equinox.launcher_1.6.900.v20240613-2009.jar
Launcher Type: SUN_STANDARD

[Global flags]
    uintx AdaptiveSizePolicyWeight                 = 90                                        {product} {command line}
     intx CICompilerCount                          = 12                                        {product} {ergonomic}
    uintx GCTimeRatio                              = 4                                         {product} {command line}
     bool HeapDumpOnOutOfMemoryError               = true                                   {manageable} {command line}
    ccstr HeapDumpPath                             = c:\Users\ASUS\AppData\Roaming\Code\User\workspaceStorage\13dd09e2ea5d8ae66ef7eb42a20b93dc\redhat.java         {manageable} {command line}
   size_t InitialHeapSize                          = 104857600                                 {product} {command line}
   size_t MaxHeapSize                              = 1073741824                                {product} {command line}
   size_t MaxNewSize                               = 357564416                                 {product} {ergonomic}
   size_t MinHeapDeltaBytes                        = 524288                                    {product} {ergonomic}
   size_t MinHeapSize                              = 104857600                                 {product} {command line}
   size_t NewSize                                  = 34603008                                  {product} {ergonomic}
    uintx NonNMethodCodeHeapSize                   = 7602480                                {pd product} {ergonomic}
    uintx NonProfiledCodeHeapSize                  = 122027880                              {pd product} {ergonomic}
   size_t OldSize                                  = 70254592                                  {product} {ergonomic}
    uintx ProfiledCodeHeapSize                     = 122027880                              {pd product} {ergonomic}
    uintx ReservedCodeCacheSize                    = 251658240                              {pd product} {ergonomic}
     bool SegmentedCodeCache                       = true                                      {product} {ergonomic}
   size_t SoftMaxHeapSize                          = 1073741824                             {manageable} {ergonomic}
     bool UseCompressedClassPointers               = true                           {product lp64_product} {ergonomic}
     bool UseCompressedOops                        = true                           {product lp64_product} {ergonomic}
     bool UseLargePagesIndividualAllocation        = false                                  {pd product} {ergonomic}
     bool UseParallelGC                            = true                                      {product} {command line}

Logging:
Log output configuration:
 #0: stdout all=off uptime,level,tags
 #1: stderr all=off uptime,level,tags

Environment Variables:
PATH=C:\Program Files\Common Files\Oracle\Java\javapath;C:\Windows\system32;C:\Windows;C:\Windows\System32\Wbem;C:\Windows\System32\WindowsPowerShell\v1.0\;C:\Windows\System32\OpenSSH\;C:\Program Files (x86)\NVIDIA Corporation\PhysX\Common;C:\Program Files\NVIDIA Corporation\NVIDIA NvDLISR;C:\Program Files\Git\cmd;C:\Program Files\Git\mingw64\bin;C:\Program Files\Git\usr\bin;C:\Users\ASUS\AppData\Local\Microsoft\WindowsApps;C:\MinGW\bin;C:\Users\ASUS\AppData\Local\Programs\Microsoft VS Code\bin
USERNAME=ASUS
OS=Windows_NT
PROCESSOR_IDENTIFIER=Intel64 Family 6 Model 154 Stepping 3, GenuineIntel
TMP=C:\Users\ASUS\AppData\Local\Temp
TEMP=C:\Users\ASUS\AppData\Local\Temp



Periodic native trim disabled


---------------  S Y S T E M  ---------------

OS:
 Windows 11 , 64 bit Build 22621 (10.0.22621.4391)
OS uptime: 4 days 10:29 hours
Hyper-V role detected

CPU: total 16 (initial active 16) (8 cores per cpu, 2 threads per core) family 6 model 154 stepping 3 microcode 0x423, cx8, cmov, fxsr, ht, mmx, 3dnowpref, sse, sse2, sse3, ssse3, sse4.1, sse4.2, popcnt, lzcnt, tsc, tscinvbit, avx, avx2, aes, erms, clmul, bmi1, bmi2, adx, sha, fma, vzeroupper, clflush, clflushopt, clwb, hv
Processor Information for processor 0
  Max Mhz: 2500, Current Mhz: 2500, Mhz Limit: 2500
Processor Information for processor 1
  Max Mhz: 2500, Current Mhz: 2500, Mhz Limit: 2500
Processor Information for processor 2
  Max Mhz: 2500, Current Mhz: 2500, Mhz Limit: 2500
Processor Information for processor 3
  Max Mhz: 2500, Current Mhz: 2500, Mhz Limit: 2500
Processor Information for processor 4
  Max Mhz: 2500, Current Mhz: 2500, Mhz Limit: 2500
Processor Information for processor 5
  Max Mhz: 2500, Current Mhz: 2500, Mhz Limit: 2500
Processor Information for processor 6
  Max Mhz: 2500, Current Mhz: 2500, Mhz Limit: 2500
Processor Information for processor 7
  Max Mhz: 2500, Current Mhz: 2500, Mhz Limit: 2500
Processor Information for processor 8
  Max Mhz: 2500, Current Mhz: 2500, Mhz Limit: 2500
Processor Information for processor 9
  Max Mhz: 2500, Current Mhz: 2500, Mhz Limit: 2500
Processor Information for processor 10
  Max Mhz: 2500, Current Mhz: 1527, Mhz Limit: 2500
Processor Information for processor 11
  Max Mhz: 2500, Current Mhz: 2500, Mhz Limit: 2500
Processor Information for processor 12
  Max Mhz: 2500, Current Mhz: 2500, Mhz Limit: 2500
Processor Information for processor 13
  Max Mhz: 2500, Current Mhz: 2500, Mhz Limit: 2500
Processor Information for processor 14
  Max Mhz: 2500, Current Mhz: 2500, Mhz Limit: 2500
Processor Information for processor 15
  Max Mhz: 2500, Current Mhz: 2500, Mhz Limit: 2500

Memory: 4k page, system-wide physical 7812M (874M free)
TotalPageFile size 13956M (AvailPageFile size 2354M)
current process WorkingSet (physical memory assigned to process): 280M, peak: 283M
current process commit charge ("private bytes"): 345M, peak: 360M

vm_info: OpenJDK 64-Bit Server VM (17.0.13+11) for windows-amd64 JRE (17.0.13+11), built on Oct 16 2024 00:10:08 by "admin" with MS VC++ 17.7 (VS2022)

END.
