#
# A fatal error has been detected by the Java Runtime Environment:
#
#  EXCEPTION_ACCESS_VIOLATION (0xc0000005) at pc=0x00007ff80800fdde, pid=20868, tid=10216
#
# JRE version: OpenJDK Runtime Environment Temurin-17.0.13+11 (17.0.13+11) (build 17.0.13+11)
# Java VM: OpenJDK 64-Bit Server VM Temurin-17.0.13+11 (17.0.13+11, mixed mode, tiered, compressed oops, compressed class ptrs, parallel gc, windows-amd64)
# Problematic frame:
# V  [jvm.dll+0x6cfdde]
#
# No core dump will be written. Minidumps are not enabled by default on client versions of Windows
#
# If you would like to submit a bug report, please visit:
#   https://github.com/adoptium/adoptium-support/issues
#

---------------  S U M M A R Y ------------

Command Line: --add-modules=ALL-SYSTEM --add-opens=java.base/java.util=ALL-UNNAMED --add-opens=java.base/java.lang=ALL-UNNAMED --add-opens=java.base/sun.nio.fs=ALL-UNNAMED -Declipse.application=org.eclipse.jdt.ls.core.id1 -Dosgi.bundles.defaultStartLevel=4 -Declipse.product=org.eclipse.jdt.ls.core.product -Djava.import.generatesMetadataFilesAtProjectRoot=false -DDetectVMInstallationsJob.disabled=true -Dfile.encoding=utf8 -XX:+UseParallelGC -XX:GCTimeRatio=4 -XX:AdaptiveSizePolicyWeight=90 -Dsun.zip.disableMemoryMapping=true -Xmx1G -Xms100m -Xlog:disable -javaagent:c:\Users\ASUS\.vscode\extensions\redhat.java-1.37.0-win32-x64\lombok\lombok-1.18.34.jar -XX:+HeapDumpOnOutOfMemoryError -XX:HeapDumpPath=c:\Users\ASUS\AppData\Roaming\Code\User\workspaceStorage\13dd09e2ea5d8ae66ef7eb42a20b93dc\redhat.java -Daether.dependencyCollector.impl=bf c:\Users\ASUS\.vscode\extensions\redhat.java-1.37.0-win32-x64\server\plugins\org.eclipse.equinox.launcher_1.6.900.v20240613-2009.jar -configuration c:\Users\ASUS\AppData\Roaming\Code\User\globalStorage\redhat.java\1.37.0\config_win -data c:\Users\ASUS\AppData\Roaming\Code\User\workspaceStorage\13dd09e2ea5d8ae66ef7eb42a20b93dc\redhat.java\jdt_ws --pipe=\\.\pipe\lsp-ec6a9130a23c1788f177dc7e0b843028-sock

Host: 12th Gen Intel(R) Core(TM) i5-12500H, 16 cores, 7G,  Windows 11 , 64 bit Build 22621 (10.0.22621.4391)
Time: Wed Dec 18 23:08:00 2024 India Standard Time elapsed time: 32.011709 seconds (0d 0h 0m 32s)

---------------  T H R E A D  ---------------

Current thread (0x000001b8eefe63b0):  JavaThread "C2 CompilerThread0" daemon [_thread_in_native, id=10216, stack(0x00000034c7200000,0x00000034c7300000)]


Current CompileTask:
C2:  32011 9851   !   4       org.eclipse.jdt.internal.core.search.indexing.BinaryIndexer::indexDocument (1157 bytes)

Stack: [0x00000034c7200000,0x00000034c7300000],  sp=0x00000034c72fb960,  free space=1006k
Native frames: (J=compiled Java code, j=interpreted, Vv=VM code, C=native code)
V  [jvm.dll+0x6cfdde]
V  [jvm.dll+0x1ba891]
V  [jvm.dll+0x2181a7]
V  [jvm.dll+0x21748f]
V  [jvm.dll+0x1a3070]
V  [jvm.dll+0x22788c]
V  [jvm.dll+0x2259eb]
V  [jvm.dll+0x7eec98]
V  [jvm.dll+0x7e8ffc]
V  [jvm.dll+0x6818f7]
C  [ucrtbase.dll+0x29333]
C  [KERNEL32.DLL+0x1259d]
C  [ntdll.dll+0x5af38]


siginfo: EXCEPTION_ACCESS_VIOLATION (0xc0000005), reading address 0x00007ff8fb8143b4


Registers:
RAX=0x00007ff808235a80, RBX=0x00000034c72fc0e0, RCX=0x00000000f339c400, RDX=0x00007ff807940000
RSP=0x00000034c72fb960, RBP=0x00000034c72fba60, RSI=0x000001b8fa88c078, RDI=0x0000000000000000
R8 =0x0000000000000261, R9 =0x0000000000000248, R10=0x0000000000000002, R11=0x000001b8fa88c238
R12=0x000001b8fa88c078, R13=0x0000000000000001, R14=0x000001b8fa909968, R15=0x0000000000000001
RIP=0x00007ff80800fdde, EFLAGS=0x0000000000010206


Register to memory mapping:

RIP=0x00007ff80800fdde jvm.dll
RAX=0x00007ff808235a80 jvm.dll
RBX=0x00000034c72fc0e0 is pointing into the stack for thread: 0x000001b8eefe63b0
RCX=0x00000000f339c400 is an unallocated location in the heap
RDX=0x00007ff807940000 jvm.dll
RSP=0x00000034c72fb960 is pointing into the stack for thread: 0x000001b8eefe63b0
RBP=0x00000034c72fba60 is pointing into the stack for thread: 0x000001b8eefe63b0
RSI=0x000001b8fa88c078 points into unknown readable memory: 0x00007ff808235a80 | 80 5a 23 08 f8 7f 00 00
RDI=0x0 is NULL
R8 =0x0000000000000261 is an unknown value
R9 =0x0000000000000248 is an unknown value
R10=0x0000000000000002 is an unknown value
R11=0x000001b8fa88c238 points into unknown readable memory: 0x000001b8f8b86588 | 88 65 b8 f8 b8 01 00 00
R12=0x000001b8fa88c078 points into unknown readable memory: 0x00007ff808235a80 | 80 5a 23 08 f8 7f 00 00
R13=0x0000000000000001 is an unknown value
R14=0x000001b8fa909968 points into unknown readable memory: 0x00007ff80825c928 | 28 c9 25 08 f8 7f 00 00
R15=0x0000000000000001 is an unknown value


Top of Stack: (sp=0x00000034c72fb960)
0x00000034c72fb960:   000001b8f8b86588 00000034c72fba60
0x00000034c72fb970:   00007ff80845d040 000001b8f77a5340
0x00000034c72fb980:   000001b800002090 000001b800000046
0x00000034c72fb990:   000001b800001ecf 00000034c72fba00
0x00000034c72fb9a0:   0000000000000000 00000034c72fba10
0x00000034c72fb9b0:   0000003400000003 00007ff8079ecf5e
0x00000034c72fb9c0:   000001b8f828d8a8 0000000000000002
0x00000034c72fb9d0:   000001b8fa88c078 0000000000000000
0x00000034c72fb9e0:   000000020000000c 0000000200001cee
0x00000034c72fb9f0:   000001b8f80bb8d0 000002e500000000
0x00000034c72fba00:   000001b8f80bb930 0000000000000008
0x00000034c72fba10:   00001def00000000 000001b8fb10c5e0
0x00000034c72fba20:   00000034c72fbe10 00007ff807caa838
0x00000034c72fba30:   000001b800000001 000001b800000001
0x00000034c72fba40:   000000000009c470 000001b8f8445540
0x00000034c72fba50:   000001b8f843e780 0000000000000bec
0x00000034c72fba60:   000001b8f89904a0 000001b8f8441e60
0x00000034c72fba70:   000001b8f7296600 000001b8f96eb9f0
0x00000034c72fba80:   000000000000000c 000001b8f828d8c0
0x00000034c72fba90:   0000000000000005 000001b8f96eb9b0
0x00000034c72fbaa0:   000001b8fa24e290 000001b8f84455a0
0x00000034c72fbab0:   00001def0000000c 000001b8f7296600
0x00000034c72fbac0:   00000034c72fbe10 00007ff807caa964
0x00000034c72fbad0:   00001def00000000 000001b8fb10c5e0
0x00000034c72fbae0:   00000034c72fbe10 0000000000000000
0x00000034c72fbaf0:   000001b8fb10c5e0 000001b8f9adfce0
0x00000034c72fbb00:   00000000000003d8 000001b8f9adfcf0
0x00000034c72fbb10:   000001b8f9ae00c8 0000000000000000
0x00000034c72fbb20:   0001000105555455 0001000100010001
0x00000034c72fbb30:   0001000100010001 0001000100010001
0x00000034c72fbb40:   0000000000010001 0000000000000000
0x00000034c72fbb50:   0000000000000000 0000000000000000 

Instructions: (pc=0x00007ff80800fdde)
0x00007ff80800fcde:   85 08 02 00 00 89 44 24 20 0f 29 7d b0 f2 0f 11
0x00007ff80800fcee:   75 c0 e8 1b 0f 00 00 89 85 08 02 00 00 85 c0 0f
0x00007ff80800fcfe:   84 a2 04 00 00 48 8b 4d a0 41 c6 04 0f 00 eb 33
0x00007ff80800fd0e:   48 8b 74 24 70 48 8b 45 90 ba 00 00 00 00 48 8b
0x00007ff80800fd1e:   9d 00 02 00 00 45 84 f6 4a 89 34 f8 48 8b 45 a0
0x00007ff80800fd2e:   45 88 34 07 48 8b c6 48 0f 45 c2 48 8b 55 e8 4a
0x00007ff80800fd3e:   89 04 fa 45 85 ed 0f 84 ab 02 00 00 48 8b 46 08
0x00007ff80800fd4e:   45 8b fd 4e 8b 34 f8 48 8b 83 08 01 00 00 49 63
0x00007ff80800fd5e:   4e 28 8b 14 88 3b 93 e0 00 00 00 0f 83 86 02 00
0x00007ff80800fd6e:   00 45 8b 44 24 30 44 8b 0d dd 09 48 00 45 3b c1
0x00007ff80800fd7e:   0f 8c 71 02 00 00 41 81 f8 2f 75 00 00 0f 8d 64
0x00007ff80800fd8e:   02 00 00 48 8b 43 70 48 69 d2 b0 00 00 00 48 8b
0x00007ff80800fd9e:   48 20 8b 44 0a 30 41 3b c1 0f 8c 48 02 00 00 3d
0x00007ff80800fdae:   2f 75 00 00 0f 8d 3d 02 00 00 44 3b c0 0f 84 34
0x00007ff80800fdbe:   02 00 00 48 8b 06 48 8b ce ff 50 28 4c 8b 64 24
0x00007ff80800fdce:   70 48 8d 15 2a 02 93 ff 48 63 48 10 48 c1 e1 05
0x00007ff80800fdde:   8b 84 11 b4 7f b3 00 49 8b cc 48 8b b4 c2 d0 39
0x00007ff80800fdee:   b9 00 41 8b d5 49 8b 04 24 ff 90 80 00 00 00 48
0x00007ff80800fdfe:   8b f8 44 8b 48 5c 44 39 4e 5c 8b 50 58 44 0f 42
0x00007ff80800fe0e:   4e 5c 45 33 ed 39 56 58 45 8b c5 0f 47 56 58 41
0x00007ff80800fe1e:   3b d1 0f 87 b1 01 00 00 66 66 0f 1f 84 00 00 00
0x00007ff80800fe2e:   00 00 48 8b 04 d7 48 23 04 d6 ff c2 4c 0b c0 41
0x00007ff80800fe3e:   3b d1 76 ee 4d 85 c0 0f 84 8c 01 00 00 41 8b 44
0x00007ff80800fe4e:   24 2c 83 e0 1f 3c 12 0f 85 7c 01 00 00 48 8b 5b
0x00007ff80800fe5e:   10 8b 83 40 02 00 00 2b 83 68 02 00 00 03 05 e7
0x00007ff80800fe6e:   1c 45 00 3b 43 68 0f 87 98 03 00 00 e8 21 29 94
0x00007ff80800fe7e:   ff 45 33 c0 48 8d 88 70 02 00 00 41 8d 50 68 e8
0x00007ff80800fe8e:   1e eb 93 ff 48 8b d8 48 85 c0 74 65 33 d2 48 8b
0x00007ff80800fe9e:   c8 e8 ac e8 f8 ff 48 8d 05 d5 5b 26 00 44 88 6b
0x00007ff80800feae:   38 48 89 03 49 8b ce 44 89 6b 3c 4c 89 6b 40 c7
0x00007ff80800febe:   43 2c 02 00 00 00 48 89 7b 48 48 89 73 50 49 8b
0x00007ff80800fece:   06 ff 50 28 83 4b 30 01 33 d2 48 8b cb 48 89 43 


Stack slot to memory mapping:
stack at sp + 0 slots: 0x000001b8f8b86588 points into unknown readable memory: 0x00007ff808275a80 | 80 5a 27 08 f8 7f 00 00
stack at sp + 1 slots: 0x00000034c72fba60 is pointing into the stack for thread: 0x000001b8eefe63b0
stack at sp + 2 slots: 0x00007ff80845d040 jvm.dll
stack at sp + 3 slots: 0x000001b8f77a5340 points into unknown readable memory: 0x000300030ffffcff | ff fc ff 0f 03 00 03 00
stack at sp + 4 slots: 0x000001b800002090 is an unknown value
stack at sp + 5 slots: 0x000001b800000046 is an unknown value
stack at sp + 6 slots: 0x000001b800001ecf is an unknown value
stack at sp + 7 slots: 0x00000034c72fba00 is pointing into the stack for thread: 0x000001b8eefe63b0


---------------  P R O C E S S  ---------------

Threads class SMR info:
_java_thread_list=0x000001b8fbd6c970, length=92, elements={
0x000001b8db15e0f0, 0x000001b8f410a020, 0x000001b8f410d190, 0x000001b8eefe3a70,
0x000001b8eefe4340, 0x000001b8eefe4d00, 0x000001b8eefe56c0, 0x000001b8eefe63b0,
0x000001b8f414f540, 0x000001b8eefea890, 0x000001b8db1c95e0, 0x000001b8f6210d80,
0x000001b8f69416f0, 0x000001b8f428a4d0, 0x000001b8f6502c80, 0x000001b8f6504ef0,
0x000001b8f6ade240, 0x000001b8f6554dd0, 0x000001b8f6558420, 0x000001b8f63fa020,
0x000001b8f63fa910, 0x000001b8f65557f0, 0x000001b8f6553480, 0x000001b8f6552040,
0x000001b8f6552550, 0x000001b8f6853980, 0x000001b8f6552a60, 0x000001b8f6553990,
0x000001b8f6553ea0, 0x000001b8f65543b0, 0x000001b8f65548c0, 0x000001b8f8094300,
0x000001b8f808f200, 0x000001b8f80933d0, 0x000001b8f8091f90, 0x000001b8f8093df0,
0x000001b8f8091060, 0x000001b8f8090130, 0x000001b8f808ecf0, 0x000001b8f8095230,
0x000001b8f808e2d0, 0x000001b8f8091a80, 0x000001b8f808ddc0, 0x000001b8f8090b50,
0x000001b8f8091570, 0x000001b8f8090640, 0x000001b8f80938e0, 0x000001b8f8094810,
0x000001b8f8095740, 0x000001b8f80929b0, 0x000001b8f8092ec0, 0x000001b8f8094d20,
0x000001b8f808e7e0, 0x000001b8f808f710, 0x000001b8f808fc20, 0x000001b8f6552f70,
0x000001b8f8b0c0a0, 0x000001b8f8b08e00, 0x000001b8f8b0cac0, 0x000001b8f8b07ed0,
0x000001b8f8b0b170, 0x000001b8f8b06070, 0x000001b8f8b0ac60, 0x000001b8f8b0b680,
0x000001b8f8b0bb90, 0x000001b8f8b0c5b0, 0x000001b8f8b0cfd0, 0x000001b8f8b0a240,
0x000001b8f8b06580, 0x000001b8f8b083e0, 0x000001b8f8b0d4e0, 0x000001b8f8b0a750,
0x000001b8f8b09d30, 0x000001b8f8b0d9f0, 0x000001b8f8b06a90, 0x000001b8f8b06fa0,
0x000001b8f8b074b0, 0x000001b8f8b079c0, 0x000001b8f8b09310, 0x000001b8f9cfa500,
0x000001b8f9cfe1c0, 0x000001b8f9cf8190, 0x000001b8f9cf95d0, 0x000001b8f9cfaa10,
0x000001b8f9cfaf20, 0x000001b8f9cfd7a0, 0x000001b8f9cfe6d0, 0x000001b8f9cfdcb0,
0x000001b8f9cfb430, 0x000001b8f9cfc870, 0x000001b8f9cf9ff0, 0x000001b8f9cfbe50
}

Java Threads: ( => current thread )
  0x000001b8db15e0f0 JavaThread "main" [_thread_blocked, id=20204, stack(0x00000034c6900000,0x00000034c6a00000)]
  0x000001b8f410a020 JavaThread "Reference Handler" daemon [_thread_blocked, id=10360, stack(0x00000034c6c00000,0x00000034c6d00000)]
  0x000001b8f410d190 JavaThread "Finalizer" daemon [_thread_blocked, id=9584, stack(0x00000034c6d00000,0x00000034c6e00000)]
  0x000001b8eefe3a70 JavaThread "Signal Dispatcher" daemon [_thread_blocked, id=16256, stack(0x00000034c6e00000,0x00000034c6f00000)]
  0x000001b8eefe4340 JavaThread "Attach Listener" daemon [_thread_blocked, id=19872, stack(0x00000034c6f00000,0x00000034c7000000)]
  0x000001b8eefe4d00 JavaThread "Service Thread" daemon [_thread_blocked, id=5712, stack(0x00000034c7000000,0x00000034c7100000)]
  0x000001b8eefe56c0 JavaThread "Monitor Deflation Thread" daemon [_thread_blocked, id=23120, stack(0x00000034c7100000,0x00000034c7200000)]
=>0x000001b8eefe63b0 JavaThread "C2 CompilerThread0" daemon [_thread_in_native, id=10216, stack(0x00000034c7200000,0x00000034c7300000)]
  0x000001b8f414f540 JavaThread "C1 CompilerThread0" daemon [_thread_blocked, id=18272, stack(0x00000034c7300000,0x00000034c7400000)]
  0x000001b8eefea890 JavaThread "Sweeper thread" daemon [_thread_blocked, id=26248, stack(0x00000034c7400000,0x00000034c7500000)]
  0x000001b8db1c95e0 JavaThread "Common-Cleaner" daemon [_thread_blocked, id=13500, stack(0x00000034c7500000,0x00000034c7600000)]
  0x000001b8f6210d80 JavaThread "Notification Thread" daemon [_thread_blocked, id=18624, stack(0x00000034c7800000,0x00000034c7900000)]
  0x000001b8f69416f0 JavaThread "Active Thread: Equinox Container: 352c0a33-5634-441d-b2df-2ee888f89b9b" [_thread_blocked, id=17460, stack(0x00000034c7f00000,0x00000034c8000000)]
  0x000001b8f428a4d0 JavaThread "Refresh Thread: Equinox Container: 352c0a33-5634-441d-b2df-2ee888f89b9b" daemon [_thread_blocked, id=15604, stack(0x00000034c7600000,0x00000034c7700000)]
  0x000001b8f6502c80 JavaThread "Framework Event Dispatcher: Equinox Container: 352c0a33-5634-441d-b2df-2ee888f89b9b" daemon [_thread_blocked, id=16588, stack(0x00000034c7700000,0x00000034c7800000)]
  0x000001b8f6504ef0 JavaThread "Start Level: Equinox Container: 352c0a33-5634-441d-b2df-2ee888f89b9b" daemon [_thread_blocked, id=27380, stack(0x00000034c8000000,0x00000034c8100000)]
  0x000001b8f6ade240 JavaThread "Bundle File Closer" daemon [_thread_blocked, id=16548, stack(0x00000034c8400000,0x00000034c8500000)]
  0x000001b8f6554dd0 JavaThread "SCR Component Actor" daemon [_thread_blocked, id=11564, stack(0x00000034c8600000,0x00000034c8700000)]
  0x000001b8f6558420 JavaThread "C1 CompilerThread1" daemon [_thread_blocked, id=4680, stack(0x00000034c8700000,0x00000034c8800000)]
  0x000001b8f63fa020 JavaThread "C1 CompilerThread2" daemon [_thread_blocked, id=21996, stack(0x00000034c8900000,0x00000034c8a00000)]
  0x000001b8f63fa910 JavaThread "C1 CompilerThread3" daemon [_thread_blocked, id=5836, stack(0x00000034c8a00000,0x00000034c8b00000)]
  0x000001b8f65557f0 JavaThread "Worker-JM" [_thread_blocked, id=12232, stack(0x00000034c8e00000,0x00000034c8f00000)]
  0x000001b8f6553480 JavaThread "JNA Cleaner" daemon [_thread_blocked, id=27512, stack(0x00000034c8b00000,0x00000034c8c00000)]
  0x000001b8f6552040 JavaThread "Worker-0" [_thread_blocked, id=27520, stack(0x00000034c8f00000,0x00000034c9000000)]
  0x000001b8f6552550 JavaThread "Worker-1: Java indexing... " [_thread_blocked, id=10920, stack(0x00000034c9000000,0x00000034c9100000)]
  0x000001b8f6853980 JavaThread "C2 CompilerThread1" daemon [_thread_in_native, id=27440, stack(0x00000034c9200000,0x00000034c9300000)]
  0x000001b8f6552a60 JavaThread "Java indexing" daemon [_thread_in_Java, id=12144, stack(0x00000034c9300000,0x00000034c9400000)]
  0x000001b8f6553990 JavaThread "Thread-2" daemon [_thread_in_native, id=12640, stack(0x00000034c9400000,0x00000034c9500000)]
  0x000001b8f6553ea0 JavaThread "Thread-3" daemon [_thread_in_native, id=23508, stack(0x00000034c9500000,0x00000034c9600000)]
  0x000001b8f65543b0 JavaThread "Thread-4" daemon [_thread_in_native, id=4188, stack(0x00000034c9600000,0x00000034c9700000)]
  0x000001b8f65548c0 JavaThread "Thread-5" daemon [_thread_in_native, id=5172, stack(0x00000034c9700000,0x00000034c9800000)]
  0x000001b8f8094300 JavaThread "Thread-6" daemon [_thread_in_native, id=11568, stack(0x00000034c9800000,0x00000034c9900000)]
  0x000001b8f808f200 JavaThread "Thread-7" daemon [_thread_in_native, id=11540, stack(0x00000034c9900000,0x00000034c9a00000)]
  0x000001b8f80933d0 JavaThread "Thread-8" daemon [_thread_in_native, id=12216, stack(0x00000034c9a00000,0x00000034c9b00000)]
  0x000001b8f8091f90 JavaThread "Thread-9" daemon [_thread_in_native, id=16880, stack(0x00000034c9b00000,0x00000034c9c00000)]
  0x000001b8f8093df0 JavaThread "Thread-10" daemon [_thread_in_native, id=24292, stack(0x00000034c9c00000,0x00000034c9d00000)]
  0x000001b8f8091060 JavaThread "Thread-11" daemon [_thread_in_native, id=16644, stack(0x00000034c9d00000,0x00000034c9e00000)]
  0x000001b8f8090130 JavaThread "Thread-12" daemon [_thread_in_native, id=27272, stack(0x00000034c9e00000,0x00000034c9f00000)]
  0x000001b8f808ecf0 JavaThread "Thread-13" daemon [_thread_in_native, id=24976, stack(0x00000034c9f00000,0x00000034ca000000)]
  0x000001b8f8095230 JavaThread "Thread-14" daemon [_thread_in_native, id=18944, stack(0x00000034ca000000,0x00000034ca100000)]
  0x000001b8f808e2d0 JavaThread "Thread-15" daemon [_thread_in_native, id=8, stack(0x00000034ca100000,0x00000034ca200000)]
  0x000001b8f8091a80 JavaThread "Thread-16" daemon [_thread_in_native, id=27136, stack(0x00000034ca200000,0x00000034ca300000)]
  0x000001b8f808ddc0 JavaThread "Thread-17" daemon [_thread_in_native, id=2724, stack(0x00000034ca300000,0x00000034ca400000)]
  0x000001b8f8090b50 JavaThread "Thread-18" daemon [_thread_in_native, id=16820, stack(0x00000034ca400000,0x00000034ca500000)]
  0x000001b8f8091570 JavaThread "pool-2-thread-1" [_thread_blocked, id=14048, stack(0x00000034ca500000,0x00000034ca600000)]
  0x000001b8f8090640 JavaThread "Worker-2: Check JDK Index" [_thread_blocked, id=12292, stack(0x00000034ca600000,0x00000034ca700000)]
  0x000001b8f80938e0 JavaThread "Worker-3" [_thread_blocked, id=20628, stack(0x00000034ca700000,0x00000034ca800000)]
  0x000001b8f8094810 JavaThread "Worker-4" [_thread_blocked, id=15244, stack(0x00000034ca800000,0x00000034ca900000)]
  0x000001b8f8095740 JavaThread "WorkspaceEventsHandler" [_thread_blocked, id=11908, stack(0x00000034ca900000,0x00000034caa00000)]
  0x000001b8f80929b0 JavaThread "pool-1-thread-1" [_thread_blocked, id=23320, stack(0x00000034caa00000,0x00000034cab00000)]
  0x000001b8f8092ec0 JavaThread "Worker-5" [_thread_blocked, id=24808, stack(0x00000034cab00000,0x00000034cac00000)]
  0x000001b8f8094d20 JavaThread "LocalFile Deleter" daemon [_thread_blocked, id=6400, stack(0x00000034cac00000,0x00000034cad00000)]
  0x000001b8f808e7e0 JavaThread "LocalFile Deleter" daemon [_thread_blocked, id=20356, stack(0x00000034cad00000,0x00000034cae00000)]
  0x000001b8f808f710 JavaThread "Compiler Source File Reader" daemon [_thread_blocked, id=25108, stack(0x00000034cae00000,0x00000034caf00000)]
  0x000001b8f808fc20 JavaThread "Compiler Source File Reader" daemon [_thread_blocked, id=21032, stack(0x00000034caf00000,0x00000034cb000000)]
  0x000001b8f6552f70 JavaThread "Compiler Source File Reader" daemon [_thread_blocked, id=16812, stack(0x00000034cb000000,0x00000034cb100000)]
  0x000001b8f8b0c0a0 JavaThread "Compiler Source File Reader" daemon [_thread_blocked, id=3732, stack(0x00000034cb100000,0x00000034cb200000)]
  0x000001b8f8b08e00 JavaThread "Compiler Source File Reader" daemon [_thread_blocked, id=26264, stack(0x00000034cb200000,0x00000034cb300000)]
  0x000001b8f8b0cac0 JavaThread "Compiler Source File Reader" daemon [_thread_blocked, id=6504, stack(0x00000034cb300000,0x00000034cb400000)]
  0x000001b8f8b07ed0 JavaThread "Compiler Source File Reader" daemon [_thread_blocked, id=17780, stack(0x00000034cb400000,0x00000034cb500000)]
  0x000001b8f8b0b170 JavaThread "Compiler Source File Reader" daemon [_thread_blocked, id=3784, stack(0x00000034cb500000,0x00000034cb600000)]
  0x000001b8f8b06070 JavaThread "Compiler Source File Reader" daemon [_thread_blocked, id=19948, stack(0x00000034cb600000,0x00000034cb700000)]
  0x000001b8f8b0ac60 JavaThread "Compiler Source File Reader" daemon [_thread_blocked, id=4224, stack(0x00000034cb700000,0x00000034cb800000)]
  0x000001b8f8b0b680 JavaThread "Compiler Source File Reader" daemon [_thread_blocked, id=22076, stack(0x00000034cb800000,0x00000034cb900000)]
  0x000001b8f8b0bb90 JavaThread "Compiler Source File Reader" daemon [_thread_blocked, id=23500, stack(0x00000034cb900000,0x00000034cba00000)]
  0x000001b8f8b0c5b0 JavaThread "Compiler Source File Reader" daemon [_thread_blocked, id=1544, stack(0x00000034cba00000,0x00000034cbb00000)]
  0x000001b8f8b0cfd0 JavaThread "Compiler Processing Task" daemon [_thread_blocked, id=22860, stack(0x00000034cbb00000,0x00000034cbc00000)]
  0x000001b8f8b0a240 JavaThread "Compiler Class File Writer" daemon [_thread_blocked, id=25572, stack(0x00000034cbc00000,0x00000034cbd00000)]
  0x000001b8f8b06580 JavaThread "Compiler Class File Writer" daemon [_thread_blocked, id=17504, stack(0x00000034cbd00000,0x00000034cbe00000)]
  0x000001b8f8b083e0 JavaThread "Compiler Class File Writer" daemon [_thread_blocked, id=14272, stack(0x00000034cbe00000,0x00000034cbf00000)]
  0x000001b8f8b0d4e0 JavaThread "Compiler Class File Writer" daemon [_thread_blocked, id=4888, stack(0x00000034cbf00000,0x00000034cc000000)]
  0x000001b8f8b0a750 JavaThread "Compiler Class File Writer" daemon [_thread_blocked, id=18372, stack(0x00000034cc000000,0x00000034cc100000)]
  0x000001b8f8b09d30 JavaThread "Compiler Class File Writer" daemon [_thread_blocked, id=18776, stack(0x00000034cc100000,0x00000034cc200000)]
  0x000001b8f8b0d9f0 JavaThread "Compiler Class File Writer" daemon [_thread_blocked, id=4256, stack(0x00000034cc200000,0x00000034cc300000)]
  0x000001b8f8b06a90 JavaThread "Compiler Class File Writer" daemon [_thread_blocked, id=18564, stack(0x00000034cc300000,0x00000034cc400000)]
  0x000001b8f8b06fa0 JavaThread "Compiler Class File Writer" daemon [_thread_blocked, id=25028, stack(0x00000034cc400000,0x00000034cc500000)]
  0x000001b8f8b074b0 JavaThread "Compiler Class File Writer" daemon [_thread_blocked, id=5444, stack(0x00000034cc500000,0x00000034cc600000)]
  0x000001b8f8b079c0 JavaThread "Compiler Class File Writer" daemon [_thread_blocked, id=17384, stack(0x00000034cc600000,0x00000034cc700000)]
  0x000001b8f8b09310 JavaThread "Compiler Class File Writer" daemon [_thread_blocked, id=5708, stack(0x00000034cc700000,0x00000034cc800000)]
  0x000001b8f9cfa500 JavaThread "Compiler Class File Writer" daemon [_thread_blocked, id=26636, stack(0x00000034cc800000,0x00000034cc900000)]
  0x000001b8f9cfe1c0 JavaThread "Compiler Class File Writer" daemon [_thread_blocked, id=24172, stack(0x00000034cc900000,0x00000034cca00000)]
  0x000001b8f9cf8190 JavaThread "Keep-Alive-Timer" daemon [_thread_blocked, id=20144, stack(0x00000034ccb00000,0x00000034ccc00000)]
  0x000001b8f9cf95d0 JavaThread "ForkJoinPool.commonPool-worker-1" daemon [_thread_blocked, id=27544, stack(0x00000034ccc00000,0x00000034ccd00000)]
  0x000001b8f9cfaa10 JavaThread "ForkJoinPool.commonPool-worker-2" daemon [_thread_blocked, id=18468, stack(0x00000034c8800000,0x00000034c8900000)]
  0x000001b8f9cfaf20 JavaThread "ForkJoinPool.commonPool-worker-3" daemon [_thread_blocked, id=11984, stack(0x00000034ccd00000,0x00000034cce00000)]
  0x000001b8f9cfd7a0 JavaThread "ForkJoinPool.commonPool-worker-4" daemon [_thread_blocked, id=2752, stack(0x00000034cce00000,0x00000034ccf00000)]
  0x000001b8f9cfe6d0 JavaThread "ForkJoinPool.commonPool-worker-5" daemon [_thread_blocked, id=25056, stack(0x00000034ccf00000,0x00000034cd000000)]
  0x000001b8f9cfdcb0 JavaThread "ForkJoinPool.commonPool-worker-6" daemon [_thread_blocked, id=26024, stack(0x00000034cd000000,0x00000034cd100000)]
  0x000001b8f9cfb430 JavaThread "ForkJoinPool.commonPool-worker-7" daemon [_thread_blocked, id=3204, stack(0x00000034cd100000,0x00000034cd200000)]
  0x000001b8f9cfc870 JavaThread "ForkJoinPool.commonPool-worker-8" daemon [_thread_blocked, id=7724, stack(0x00000034cd200000,0x00000034cd300000)]
  0x000001b8f9cf9ff0 JavaThread "ForkJoinPool.commonPool-worker-9" daemon [_thread_blocked, id=26444, stack(0x00000034cd300000,0x00000034cd400000)]
  0x000001b8f9cfbe50 JavaThread "Compiler Source File Reader" daemon [_thread_blocked, id=26220, stack(0x00000034cd500000,0x00000034cd600000)]

Other Threads:
  0x000001b8db1f0e90 VMThread "VM Thread" [stack: 0x00000034c6b00000,0x00000034c6c00000] [id=20020]
  0x000001b8f6245980 WatcherThread [stack: 0x00000034c7900000,0x00000034c7a00000] [id=26384]
  0x000001b8db17d630 GCTaskThread "GC Thread#0" [stack: 0x00000034c6a00000,0x00000034c6b00000] [id=14332]
  0x000001b8f643a960 GCTaskThread "GC Thread#1" [stack: 0x00000034c7a00000,0x00000034c7b00000] [id=12892]
  0x000001b8f643ac20 GCTaskThread "GC Thread#2" [stack: 0x00000034c7b00000,0x00000034c7c00000] [id=22336]
  0x000001b8f643aee0 GCTaskThread "GC Thread#3" [stack: 0x00000034c7c00000,0x00000034c7d00000] [id=12316]
  0x000001b8f69027d0 GCTaskThread "GC Thread#4" [stack: 0x00000034c7d00000,0x00000034c7e00000] [id=19404]
  0x000001b8f6902a90 GCTaskThread "GC Thread#5" [stack: 0x00000034c7e00000,0x00000034c7f00000] [id=15864]
  0x000001b8f6500d20 GCTaskThread "GC Thread#6" [stack: 0x00000034c8100000,0x00000034c8200000] [id=21796]
  0x000001b8f6500fe0 GCTaskThread "GC Thread#7" [stack: 0x00000034c8200000,0x00000034c8300000] [id=16808]
  0x000001b8f6678cd0 GCTaskThread "GC Thread#8" [stack: 0x00000034c8300000,0x00000034c8400000] [id=18708]
  0x000001b8f6678f90 GCTaskThread "GC Thread#9" [stack: 0x00000034c8500000,0x00000034c8600000] [id=9552]
  0x000001b8f628fc10 GCTaskThread "GC Thread#10" [stack: 0x00000034c8c00000,0x00000034c8d00000] [id=22716]
  0x000001b8f6291410 GCTaskThread "GC Thread#11" [stack: 0x00000034c8d00000,0x00000034c8e00000] [id=11964]
  0x000001b8f6732da0 GCTaskThread "GC Thread#12" [stack: 0x00000034c9100000,0x00000034c9200000] [id=11772]

Threads with active compile tasks:
C2 CompilerThread0    32068 9851   !   4       org.eclipse.jdt.internal.core.search.indexing.BinaryIndexer::indexDocument (1157 bytes)
C2 CompilerThread1    32068 9440       4       com.sun.crypto.provider.AESCrypt::implDecryptBlock (3852 bytes)

VM state: not at safepoint (normal execution)

VM Mutex/Monitor currently owned by a thread: None

Heap address: 0x00000000c0000000, size: 1024 MB, Compressed Oops mode: 32-bit

CDS archive(s) not mapped
Compressed class space mapped at: 0x0000000100000000-0x0000000140000000, reserved size: 1073741824
Narrow klass base: 0x0000000000000000, Narrow klass shift: 3, Narrow klass range: 0x140000000

GC Precious Log:
 CPUs: 16 total, 16 available
 Memory: 7812M
 Large Page Support: Disabled
 NUMA Support: Disabled
 Compressed Oops: Enabled (32-bit)
 Alignments: Space 512K, Generation 512K, Heap 2M
 Heap Min Capacity: 100M
 Heap Initial Capacity: 100M
 Heap Max Capacity: 1G
 Pre-touch: Disabled
 Parallel Workers: 13

Heap:
 PSYoungGen      total 9728K, used 6686K [0x00000000eab00000, 0x00000000eb800000, 0x0000000100000000)
  eden space 8192K, 65% used [0x00000000eab00000,0x00000000eb037928,0x00000000eb300000)
  from space 1536K, 87% used [0x00000000eb300000,0x00000000eb450000,0x00000000eb480000)
  to   space 2048K, 0% used [0x00000000eb600000,0x00000000eb600000,0x00000000eb800000)
 ParOldGen       total 242688K, used 223298K [0x00000000c0000000, 0x00000000ced00000, 0x00000000eab00000)
  object space 242688K, 92% used [0x00000000c0000000,0x00000000cda10928,0x00000000ced00000)
 Metaspace       used 71981K, committed 73152K, reserved 1114112K
  class space    used 7665K, committed 8192K, reserved 1048576K

Card table byte_map: [0x000001b8dab10000,0x000001b8dad20000] _byte_map_base: 0x000001b8da510000

Marking Bits: (ParMarkBitMap*) 0x00007ff8084e6940
 Begin Bits: [0x000001b8ecdf0000, 0x000001b8eddf0000)
 End Bits:   [0x000001b8eddf0000, 0x000001b8eedf0000)

Polling page: 0x000001b8d8f20000

Metaspace:

Usage:
  Non-class:     62.81 MB used.
      Class:      7.49 MB used.
       Both:     70.29 MB used.

Virtual space:
  Non-class space:       64.00 MB reserved,      63.44 MB (>99%) committed,  1 nodes.
      Class space:        1.00 GB reserved,       8.00 MB ( <1%) committed,  1 nodes.
             Both:        1.06 GB reserved,      71.44 MB (  7%) committed. 

Chunk freelists:
   Non-Class:  385.00 KB
       Class:  8.06 MB
        Both:  8.43 MB

MaxMetaspaceSize: unlimited
CompressedClassSpaceSize: 1.00 GB
Initial GC threshold: 21.00 MB
Current GC threshold: 118.88 MB
CDS: off
MetaspaceReclaimPolicy: balanced
 - commit_granule_bytes: 65536.
 - commit_granule_words: 8192.
 - virtual_space_node_default_size: 8388608.
 - enlarge_chunks_in_place: 1.
 - new_chunks_are_fully_committed: 0.
 - uncommit_free_chunks: 1.
 - use_allocation_guard: 0.
 - handle_deallocations: 1.


Internal statistics:

num_allocs_failed_limit: 6.
num_arena_births: 726.
num_arena_deaths: 14.
num_vsnodes_births: 2.
num_vsnodes_deaths: 0.
num_space_committed: 1143.
num_space_uncommitted: 0.
num_chunks_returned_to_freelist: 20.
num_chunks_taken_from_freelist: 3666.
num_chunk_merges: 10.
num_chunk_splits: 2170.
num_chunks_enlarged: 1155.
num_inconsistent_stats: 0.

CodeHeap 'non-profiled nmethods': size=119168Kb used=3289Kb max_used=3319Kb free=115878Kb
 bounds [0x000001b8e5990000, 0x000001b8e5cd0000, 0x000001b8ecdf0000]
CodeHeap 'profiled nmethods': size=119104Kb used=16959Kb max_used=18657Kb free=102144Kb
 bounds [0x000001b8dddf0000, 0x000001b8df030000, 0x000001b8e5240000]
CodeHeap 'non-nmethods': size=7488Kb used=3093Kb max_used=3138Kb free=4394Kb
 bounds [0x000001b8e5240000, 0x000001b8e5560000, 0x000001b8e5990000]
 total_blobs=9027 nmethods=8270 adapters=667
 compilation: enabled
              stopped_count=0, restarted_count=0
 full_count=0

Compilation events (20 events):
Event: 31.948 Thread 0x000001b8f6853980 nmethod 4941 0x000001b8e5c87010 code [0x000001b8e5c87200, 0x000001b8e5c87570]
Event: 31.948 Thread 0x000001b8f6853980 8269   !   4       java.lang.ref.ReferenceQueue::poll (28 bytes)
Event: 31.950 Thread 0x000001b8f6853980 nmethod 8269 0x000001b8e5c86b10 code [0x000001b8e5c86ca0, 0x000001b8e5c86f38]
Event: 31.950 Thread 0x000001b8f6853980 8012       4       java.nio.ByteBuffer::limit (8 bytes)
Event: 31.951 Thread 0x000001b8f6853980 nmethod 8012 0x000001b8e5c86790 code [0x000001b8e5c86900, 0x000001b8e5c869f8]
Event: 31.951 Thread 0x000001b8f6853980 5992       4       java.nio.Buffer::<init> (105 bytes)
Event: 31.952 Thread 0x000001b8f6853980 nmethod 5992 0x000001b8e5c86390 code [0x000001b8e5c86520, 0x000001b8e5c86658]
Event: 31.952 Thread 0x000001b8f6853980 5692       4       java.util.stream.AbstractSpinedBuffer::count (31 bytes)
Event: 31.952 Thread 0x000001b8f6853980 nmethod 5692 0x000001b8e5c86090 code [0x000001b8e5c86200, 0x000001b8e5c86298]
Event: 31.952 Thread 0x000001b8f6853980 5987       4       java.io.InputStreamReader::read (11 bytes)
Event: 31.953 Thread 0x000001b8f6853980 nmethod 5987 0x000001b8e5c85d90 code [0x000001b8e5c85f20, 0x000001b8e5c85fe8]
Event: 31.953 Thread 0x000001b8f6853980 5988       4       java.io.Reader::read (21 bytes)
Event: 31.954 Thread 0x000001b8f6853980 nmethod 5988 0x000001b8e5c85990 code [0x000001b8e5c85b20, 0x000001b8e5c85c78]
Event: 31.954 Thread 0x000001b8f6853980 5985       4       java.nio.ByteBuffer::arrayOffset (35 bytes)
Event: 31.955 Thread 0x000001b8f6853980 nmethod 5985 0x000001b8e5c85690 code [0x000001b8e5c85800, 0x000001b8e5c858b8]
Event: 31.955 Thread 0x000001b8f6853980 5986       4       java.nio.CharBuffer::arrayOffset (35 bytes)
Event: 31.955 Thread 0x000001b8f6853980 nmethod 5986 0x000001b8e5c85390 code [0x000001b8e5c85500, 0x000001b8e5c855b8]
Event: 31.955 Thread 0x000001b8f6853980 5993       4       java.nio.CharBuffer::position (6 bytes)
Event: 31.956 Thread 0x000001b8f6853980 nmethod 5993 0x000001b8e5c85090 code [0x000001b8e5c85200, 0x000001b8e5c852d8]
Event: 31.956 Thread 0x000001b8f6853980 4887       4       jdk.internal.jimage.ImageLocation::getFullName (109 bytes)

GC Heap History (20 events):
Event: 31.477 GC heap before
{Heap before GC invocations=118 (full 7):
 PSYoungGen      total 12288K, used 11912K [0x00000000eab00000, 0x00000000ebc80000, 0x0000000100000000)
  eden space 7680K, 100% used [0x00000000eab00000,0x00000000eb280000,0x00000000eb280000)
  from space 4608K, 91% used [0x00000000eb280000,0x00000000eb6a2000,0x00000000eb700000)
  to   space 4608K, 0% used [0x00000000eb800000,0x00000000eb800000,0x00000000ebc80000)
 ParOldGen       total 202240K, used 195009K [0x00000000c0000000, 0x00000000cc580000, 0x00000000eab00000)
  object space 202240K, 96% used [0x00000000c0000000,0x00000000cbe70430,0x00000000cc580000)
 Metaspace       used 71851K, committed 73024K, reserved 1114112K
  class space    used 7655K, committed 8128K, reserved 1048576K
}
Event: 31.480 GC heap after
{Heap after GC invocations=118 (full 7):
 PSYoungGen      total 12800K, used 3834K [0x00000000eab00000, 0x00000000ebc00000, 0x0000000100000000)
  eden space 8704K, 0% used [0x00000000eab00000,0x00000000eab00000,0x00000000eb380000)
  from space 4096K, 93% used [0x00000000eb800000,0x00000000ebbbe810,0x00000000ebc00000)
  to   space 4096K, 0% used [0x00000000eb400000,0x00000000eb400000,0x00000000eb800000)
 ParOldGen       total 202240K, used 199084K [0x00000000c0000000, 0x00000000cc580000, 0x00000000eab00000)
  object space 202240K, 98% used [0x00000000c0000000,0x00000000cc26b3b8,0x00000000cc580000)
 Metaspace       used 71851K, committed 73024K, reserved 1114112K
  class space    used 7655K, committed 8128K, reserved 1048576K
}
Event: 31.494 GC heap before
{Heap before GC invocations=119 (full 8):
 PSYoungGen      total 12800K, used 12538K [0x00000000eab00000, 0x00000000ebc00000, 0x0000000100000000)
  eden space 8704K, 100% used [0x00000000eab00000,0x00000000eb380000,0x00000000eb380000)
  from space 4096K, 93% used [0x00000000eb800000,0x00000000ebbbe810,0x00000000ebc00000)
  to   space 4096K, 0% used [0x00000000eb400000,0x00000000eb400000,0x00000000eb800000)
 ParOldGen       total 202240K, used 199084K [0x00000000c0000000, 0x00000000cc580000, 0x00000000eab00000)
  object space 202240K, 98% used [0x00000000c0000000,0x00000000cc26b3b8,0x00000000cc580000)
 Metaspace       used 71851K, committed 73024K, reserved 1114112K
  class space    used 7655K, committed 8128K, reserved 1048576K
}
Event: 31.671 GC heap after
{Heap after GC invocations=119 (full 8):
 PSYoungGen      total 13312K, used 2138K [0x00000000eab00000, 0x00000000ebc80000, 0x0000000100000000)
  eden space 9216K, 0% used [0x00000000eab00000,0x00000000eab00000,0x00000000eb400000)
  from space 4096K, 52% used [0x00000000eb800000,0x00000000eba16b68,0x00000000ebc00000)
  to   space 4096K, 0% used [0x00000000eb400000,0x00000000eb400000,0x00000000eb800000)
 ParOldGen       total 242688K, used 202044K [0x00000000c0000000, 0x00000000ced00000, 0x00000000eab00000)
  object space 242688K, 83% used [0x00000000c0000000,0x00000000cc54f3d0,0x00000000ced00000)
 Metaspace       used 71851K, committed 73024K, reserved 1114112K
  class space    used 7655K, committed 8128K, reserved 1048576K
}
Event: 31.707 GC heap before
{Heap before GC invocations=120 (full 8):
 PSYoungGen      total 13312K, used 11354K [0x00000000eab00000, 0x00000000ebc80000, 0x0000000100000000)
  eden space 9216K, 100% used [0x00000000eab00000,0x00000000eb400000,0x00000000eb400000)
  from space 4096K, 52% used [0x00000000eb800000,0x00000000eba16b68,0x00000000ebc00000)
  to   space 4096K, 0% used [0x00000000eb400000,0x00000000eb400000,0x00000000eb800000)
 ParOldGen       total 242688K, used 202044K [0x00000000c0000000, 0x00000000ced00000, 0x00000000eab00000)
  object space 242688K, 83% used [0x00000000c0000000,0x00000000cc54f3d0,0x00000000ced00000)
 Metaspace       used 71969K, committed 73152K, reserved 1114112K
  class space    used 7664K, committed 8192K, reserved 1048576K
}
Event: 31.723 GC heap after
{Heap after GC invocations=120 (full 8):
 PSYoungGen      total 13312K, used 2240K [0x00000000eab00000, 0x00000000ebb00000, 0x0000000100000000)
  eden space 9216K, 0% used [0x00000000eab00000,0x00000000eab00000,0x00000000eb400000)
  from space 4096K, 54% used [0x00000000eb400000,0x00000000eb630110,0x00000000eb800000)
  to   space 3072K, 0% used [0x00000000eb800000,0x00000000eb800000,0x00000000ebb00000)
 ParOldGen       total 242688K, used 204252K [0x00000000c0000000, 0x00000000ced00000, 0x00000000eab00000)
  object space 242688K, 84% used [0x00000000c0000000,0x00000000cc7773d0,0x00000000ced00000)
 Metaspace       used 71969K, committed 73152K, reserved 1114112K
  class space    used 7664K, committed 8192K, reserved 1048576K
}
Event: 31.776 GC heap before
{Heap before GC invocations=121 (full 8):
 PSYoungGen      total 13312K, used 11456K [0x00000000eab00000, 0x00000000ebb00000, 0x0000000100000000)
  eden space 9216K, 100% used [0x00000000eab00000,0x00000000eb400000,0x00000000eb400000)
  from space 4096K, 54% used [0x00000000eb400000,0x00000000eb630110,0x00000000eb800000)
  to   space 3072K, 0% used [0x00000000eb800000,0x00000000eb800000,0x00000000ebb00000)
 ParOldGen       total 242688K, used 204252K [0x00000000c0000000, 0x00000000ced00000, 0x00000000eab00000)
  object space 242688K, 84% used [0x00000000c0000000,0x00000000cc7773d0,0x00000000ced00000)
 Metaspace       used 71980K, committed 73152K, reserved 1114112K
  class space    used 7665K, committed 8192K, reserved 1048576K
}
Event: 31.778 GC heap after
{Heap after GC invocations=121 (full 8):
 PSYoungGen      total 11264K, used 3051K [0x00000000eab00000, 0x00000000ebf00000, 0x0000000100000000)
  eden space 8192K, 0% used [0x00000000eab00000,0x00000000eab00000,0x00000000eb300000)
  from space 3072K, 99% used [0x00000000eb800000,0x00000000ebafacf8,0x00000000ebb00000)
  to   space 5120K, 0% used [0x00000000eb300000,0x00000000eb300000,0x00000000eb800000)
 ParOldGen       total 242688K, used 205591K [0x00000000c0000000, 0x00000000ced00000, 0x00000000eab00000)
  object space 242688K, 84% used [0x00000000c0000000,0x00000000cc8c5cd8,0x00000000ced00000)
 Metaspace       used 71980K, committed 73152K, reserved 1114112K
  class space    used 7665K, committed 8192K, reserved 1048576K
}
Event: 31.809 GC heap before
{Heap before GC invocations=122 (full 8):
 PSYoungGen      total 11264K, used 11243K [0x00000000eab00000, 0x00000000ebf00000, 0x0000000100000000)
  eden space 8192K, 100% used [0x00000000eab00000,0x00000000eb300000,0x00000000eb300000)
  from space 3072K, 99% used [0x00000000eb800000,0x00000000ebafacf8,0x00000000ebb00000)
  to   space 5120K, 0% used [0x00000000eb300000,0x00000000eb300000,0x00000000eb800000)
 ParOldGen       total 242688K, used 205591K [0x00000000c0000000, 0x00000000ced00000, 0x00000000eab00000)
  object space 242688K, 84% used [0x00000000c0000000,0x00000000cc8c5cd8,0x00000000ced00000)
 Metaspace       used 71980K, committed 73152K, reserved 1114112K
  class space    used 7665K, committed 8192K, reserved 1048576K
}
Event: 31.812 GC heap after
{Heap after GC invocations=122 (full 8):
 PSYoungGen      total 10752K, used 2394K [0x00000000eab00000, 0x00000000ebb00000, 0x0000000100000000)
  eden space 8192K, 0% used [0x00000000eab00000,0x00000000eab00000,0x00000000eb300000)
  from space 2560K, 93% used [0x00000000eb300000,0x00000000eb556ae0,0x00000000eb580000)
  to   space 3584K, 0% used [0x00000000eb780000,0x00000000eb780000,0x00000000ebb00000)
 ParOldGen       total 242688K, used 208580K [0x00000000c0000000, 0x00000000ced00000, 0x00000000eab00000)
  object space 242688K, 85% used [0x00000000c0000000,0x00000000ccbb1078,0x00000000ced00000)
 Metaspace       used 71980K, committed 73152K, reserved 1114112K
  class space    used 7665K, committed 8192K, reserved 1048576K
}
Event: 31.841 GC heap before
{Heap before GC invocations=123 (full 8):
 PSYoungGen      total 10752K, used 10586K [0x00000000eab00000, 0x00000000ebb00000, 0x0000000100000000)
  eden space 8192K, 100% used [0x00000000eab00000,0x00000000eb300000,0x00000000eb300000)
  from space 2560K, 93% used [0x00000000eb300000,0x00000000eb556ae0,0x00000000eb580000)
  to   space 3584K, 0% used [0x00000000eb780000,0x00000000eb780000,0x00000000ebb00000)
 ParOldGen       total 242688K, used 208580K [0x00000000c0000000, 0x00000000ced00000, 0x00000000eab00000)
  object space 242688K, 85% used [0x00000000c0000000,0x00000000ccbb1078,0x00000000ced00000)
 Metaspace       used 71980K, committed 73152K, reserved 1114112K
  class space    used 7665K, committed 8192K, reserved 1048576K
}
Event: 31.843 GC heap after
{Heap after GC invocations=123 (full 8):
 PSYoungGen      total 11776K, used 3568K [0x00000000eab00000, 0x00000000ebd00000, 0x0000000100000000)
  eden space 8192K, 0% used [0x00000000eab00000,0x00000000eab00000,0x00000000eb300000)
  from space 3584K, 99% used [0x00000000eb780000,0x00000000ebafc2f0,0x00000000ebb00000)
  to   space 4608K, 0% used [0x00000000eb300000,0x00000000eb300000,0x00000000eb780000)
 ParOldGen       total 242688K, used 209175K [0x00000000c0000000, 0x00000000ced00000, 0x00000000eab00000)
  object space 242688K, 86% used [0x00000000c0000000,0x00000000ccc45d28,0x00000000ced00000)
 Metaspace       used 71980K, committed 73152K, reserved 1114112K
  class space    used 7665K, committed 8192K, reserved 1048576K
}
Event: 31.875 GC heap before
{Heap before GC invocations=124 (full 8):
 PSYoungGen      total 11776K, used 11760K [0x00000000eab00000, 0x00000000ebd00000, 0x0000000100000000)
  eden space 8192K, 100% used [0x00000000eab00000,0x00000000eb300000,0x00000000eb300000)
  from space 3584K, 99% used [0x00000000eb780000,0x00000000ebafc2f0,0x00000000ebb00000)
  to   space 4608K, 0% used [0x00000000eb300000,0x00000000eb300000,0x00000000eb780000)
 ParOldGen       total 242688K, used 209175K [0x00000000c0000000, 0x00000000ced00000, 0x00000000eab00000)
  object space 242688K, 86% used [0x00000000c0000000,0x00000000ccc45d28,0x00000000ced00000)
 Metaspace       used 71981K, committed 73152K, reserved 1114112K
  class space    used 7665K, committed 8192K, reserved 1048576K
}
Event: 31.878 GC heap after
{Heap after GC invocations=124 (full 8):
 PSYoungGen      total 10752K, used 2148K [0x00000000eab00000, 0x00000000eba00000, 0x0000000100000000)
  eden space 8192K, 0% used [0x00000000eab00000,0x00000000eab00000,0x00000000eb300000)
  from space 2560K, 83% used [0x00000000eb300000,0x00000000eb519250,0x00000000eb580000)
  to   space 3072K, 0% used [0x00000000eb700000,0x00000000eb700000,0x00000000eba00000)
 ParOldGen       total 242688K, used 212689K [0x00000000c0000000, 0x00000000ced00000, 0x00000000eab00000)
  object space 242688K, 87% used [0x00000000c0000000,0x00000000ccfb47d8,0x00000000ced00000)
 Metaspace       used 71981K, committed 73152K, reserved 1114112K
  class space    used 7665K, committed 8192K, reserved 1048576K
}
Event: 31.907 GC heap before
{Heap before GC invocations=125 (full 8):
 PSYoungGen      total 10752K, used 10340K [0x00000000eab00000, 0x00000000eba00000, 0x0000000100000000)
  eden space 8192K, 100% used [0x00000000eab00000,0x00000000eb300000,0x00000000eb300000)
  from space 2560K, 83% used [0x00000000eb300000,0x00000000eb519250,0x00000000eb580000)
  to   space 3072K, 0% used [0x00000000eb700000,0x00000000eb700000,0x00000000eba00000)
 ParOldGen       total 242688K, used 212689K [0x00000000c0000000, 0x00000000ced00000, 0x00000000eab00000)
  object space 242688K, 87% used [0x00000000c0000000,0x00000000ccfb47d8,0x00000000ced00000)
 Metaspace       used 71981K, committed 73152K, reserved 1114112K
  class space    used 7665K, committed 8192K, reserved 1048576K
}
Event: 31.910 GC heap after
{Heap after GC invocations=125 (full 8):
 PSYoungGen      total 10752K, used 3067K [0x00000000eab00000, 0x00000000ebd00000, 0x0000000100000000)
  eden space 7680K, 0% used [0x00000000eab00000,0x00000000eab00000,0x00000000eb280000)
  from space 3072K, 99% used [0x00000000eb700000,0x00000000eb9fefb8,0x00000000eba00000)
  to   space 4608K, 0% used [0x00000000eb280000,0x00000000eb280000,0x00000000eb700000)
 ParOldGen       total 242688K, used 213630K [0x00000000c0000000, 0x00000000ced00000, 0x00000000eab00000)
  object space 242688K, 88% used [0x00000000c0000000,0x00000000cd09fab8,0x00000000ced00000)
 Metaspace       used 71981K, committed 73152K, reserved 1114112K
  class space    used 7665K, committed 8192K, reserved 1048576K
}
Event: 31.936 GC heap before
{Heap before GC invocations=126 (full 8):
 PSYoungGen      total 10752K, used 10747K [0x00000000eab00000, 0x00000000ebd00000, 0x0000000100000000)
  eden space 7680K, 100% used [0x00000000eab00000,0x00000000eb280000,0x00000000eb280000)
  from space 3072K, 99% used [0x00000000eb700000,0x00000000eb9fefb8,0x00000000eba00000)
  to   space 4608K, 0% used [0x00000000eb280000,0x00000000eb280000,0x00000000eb700000)
 ParOldGen       total 242688K, used 213630K [0x00000000c0000000, 0x00000000ced00000, 0x00000000eab00000)
  object space 242688K, 88% used [0x00000000c0000000,0x00000000cd09fab8,0x00000000ced00000)
 Metaspace       used 71981K, committed 73152K, reserved 1114112K
  class space    used 7665K, committed 8192K, reserved 1048576K
}
Event: 31.941 GC heap after
{Heap after GC invocations=126 (full 8):
 PSYoungGen      total 10240K, used 2088K [0x00000000eab00000, 0x00000000eb980000, 0x0000000100000000)
  eden space 7680K, 0% used [0x00000000eab00000,0x00000000eab00000,0x00000000eb280000)
  from space 2560K, 81% used [0x00000000eb280000,0x00000000eb48a2f8,0x00000000eb500000)
  to   space 3072K, 0% used [0x00000000eb680000,0x00000000eb680000,0x00000000eb980000)
 ParOldGen       total 242688K, used 216706K [0x00000000c0000000, 0x00000000ced00000, 0x00000000eab00000)
  object space 242688K, 89% used [0x00000000c0000000,0x00000000cd3a0a60,0x00000000ced00000)
 Metaspace       used 71981K, committed 73152K, reserved 1114112K
  class space    used 7665K, committed 8192K, reserved 1048576K
}
Event: 31.961 GC heap before
{Heap before GC invocations=127 (full 8):
 PSYoungGen      total 10240K, used 7298K [0x00000000eab00000, 0x00000000eb980000, 0x0000000100000000)
  eden space 7680K, 67% used [0x00000000eab00000,0x00000000eb0167c0,0x00000000eb280000)
  from space 2560K, 81% used [0x00000000eb280000,0x00000000eb48a2f8,0x00000000eb500000)
  to   space 3072K, 0% used [0x00000000eb680000,0x00000000eb680000,0x00000000eb980000)
 ParOldGen       total 242688K, used 216706K [0x00000000c0000000, 0x00000000ced00000, 0x00000000eab00000)
  object space 242688K, 89% used [0x00000000c0000000,0x00000000cd3a0a60,0x00000000ced00000)
 Metaspace       used 71981K, committed 73152K, reserved 1114112K
  class space    used 7665K, committed 8192K, reserved 1048576K
}
Event: 31.963 GC heap after
{Heap after GC invocations=127 (full 8):
 PSYoungGen      total 11264K, used 3041K [0x00000000eab00000, 0x00000000eba00000, 0x0000000100000000)
  eden space 8192K, 0% used [0x00000000eab00000,0x00000000eab00000,0x00000000eb300000)
  from space 3072K, 99% used [0x00000000eb680000,0x00000000eb978568,0x00000000eb980000)
  to   space 3584K, 0% used [0x00000000eb300000,0x00000000eb300000,0x00000000eb680000)
 ParOldGen       total 242688K, used 216837K [0x00000000c0000000, 0x00000000ced00000, 0x00000000eab00000)
  object space 242688K, 89% used [0x00000000c0000000,0x00000000cd3c1760,0x00000000ced00000)
 Metaspace       used 71981K, committed 73152K, reserved 1114112K
  class space    used 7665K, committed 8192K, reserved 1048576K
}

Dll operation events (12 events):
Event: 0.049 Loaded shared library c:\Users\ASUS\.vscode\extensions\redhat.java-1.37.0-win32-x64\jre\17.0.13-win32-x86_64\bin\java.dll
Event: 0.199 Loaded shared library c:\Users\ASUS\.vscode\extensions\redhat.java-1.37.0-win32-x64\jre\17.0.13-win32-x86_64\bin\zip.dll
Event: 0.202 Loaded shared library C:\Users\ASUS\.vscode\extensions\redhat.java-1.37.0-win32-x64\jre\17.0.13-win32-x86_64\bin\instrument.dll
Event: 0.212 Loaded shared library C:\Users\ASUS\.vscode\extensions\redhat.java-1.37.0-win32-x64\jre\17.0.13-win32-x86_64\bin\net.dll
Event: 0.214 Loaded shared library C:\Users\ASUS\.vscode\extensions\redhat.java-1.37.0-win32-x64\jre\17.0.13-win32-x86_64\bin\nio.dll
Event: 0.223 Loaded shared library C:\Users\ASUS\.vscode\extensions\redhat.java-1.37.0-win32-x64\jre\17.0.13-win32-x86_64\bin\zip.dll
Event: 0.239 Loaded shared library C:\Users\ASUS\.vscode\extensions\redhat.java-1.37.0-win32-x64\jre\17.0.13-win32-x86_64\bin\jimage.dll
Event: 0.305 Loaded shared library c:\Users\ASUS\.vscode\extensions\redhat.java-1.37.0-win32-x64\jre\17.0.13-win32-x86_64\bin\verify.dll
Event: 12.363 Loaded shared library C:\Users\ASUS\AppData\Roaming\Code\User\globalStorage\redhat.java\1.37.0\config_win\org.eclipse.equinox.launcher\org.eclipse.equinox.launcher.win32.win32.x86_64_1.2.1100.v20240722-2106\eclipse_11904.dll
Event: 25.221 Loaded shared library C:\Users\ASUS\AppData\Local\Temp\jna-2018896\jna14511826904347062128.dll
Event: 29.078 Loaded shared library C:\Users\ASUS\.vscode\extensions\redhat.java-1.37.0-win32-x64\jre\17.0.13-win32-x86_64\bin\sunmscapi.dll
Event: 29.543 Loaded shared library C:\Users\ASUS\.vscode\extensions\redhat.java-1.37.0-win32-x64\jre\17.0.13-win32-x86_64\bin\extnet.dll

Deoptimization events (20 events):
Event: 31.377 Thread 0x000001b8f6552a60 DEOPT PACKING pc=0x000001b8de8805cd sp=0x00000034c93fe930
Event: 31.377 Thread 0x000001b8f6552a60 DEOPT UNPACKING pc=0x000001b8e5296e43 sp=0x00000034c93fdce8 mode 0
Event: 31.394 Thread 0x000001b8f6552a60 DEOPT PACKING pc=0x000001b8de8805cd sp=0x00000034c93fe950
Event: 31.394 Thread 0x000001b8f6552a60 DEOPT UNPACKING pc=0x000001b8e5296e43 sp=0x00000034c93fdd08 mode 0
Event: 31.407 Thread 0x000001b8f6552a60 DEOPT PACKING pc=0x000001b8de8805cd sp=0x00000034c93fea60
Event: 31.407 Thread 0x000001b8f6552a60 DEOPT UNPACKING pc=0x000001b8e5296e43 sp=0x00000034c93fde18 mode 0
Event: 31.417 Thread 0x000001b8f6552a60 DEOPT PACKING pc=0x000001b8de8805cd sp=0x00000034c93fe950
Event: 31.417 Thread 0x000001b8f6552a60 DEOPT UNPACKING pc=0x000001b8e5296e43 sp=0x00000034c93fdd08 mode 0
Event: 31.424 Thread 0x000001b8f6552a60 DEOPT PACKING pc=0x000001b8de8805cd sp=0x00000034c93fea60
Event: 31.424 Thread 0x000001b8f6552a60 DEOPT UNPACKING pc=0x000001b8e5296e43 sp=0x00000034c93fde18 mode 0
Event: 31.432 Thread 0x000001b8f6552a60 DEOPT PACKING pc=0x000001b8de8805cd sp=0x00000034c93fe960
Event: 31.432 Thread 0x000001b8f6552a60 DEOPT UNPACKING pc=0x000001b8e5296e43 sp=0x00000034c93fdd18 mode 0
Event: 31.441 Thread 0x000001b8f6552a60 DEOPT PACKING pc=0x000001b8de8805cd sp=0x00000034c93fe950
Event: 31.441 Thread 0x000001b8f6552a60 DEOPT UNPACKING pc=0x000001b8e5296e43 sp=0x00000034c93fdd08 mode 0
Event: 31.680 Thread 0x000001b8f8092ec0 DEOPT PACKING pc=0x000001b8deb2b4d1 sp=0x00000034cabfe340
Event: 31.680 Thread 0x000001b8f8092ec0 DEOPT UNPACKING pc=0x000001b8e5296e43 sp=0x00000034cabfd850 mode 0
Event: 31.856 Thread 0x000001b8f9cf9ff0 Uncommon trap: trap_request=0xffffffdc fr.pc=0x000001b8e5b5e69c relative=0x000000000000027c
Event: 31.856 Thread 0x000001b8f9cf9ff0 Uncommon trap: reason=class_check action=make_not_entrant pc=0x000001b8e5b5e69c method=java.util.ArrayList.toArray([Ljava/lang/Object;)[Ljava/lang/Object; @ 21 c2
Event: 31.856 Thread 0x000001b8f9cf9ff0 DEOPT PACKING pc=0x000001b8e5b5e69c sp=0x00000034cd3fe540
Event: 31.856 Thread 0x000001b8f9cf9ff0 DEOPT UNPACKING pc=0x000001b8e52966a3 sp=0x00000034cd3fe510 mode 2

Classes loaded (20 events):
Event: 31.396 Loading class sun/util/cldr/CLDRTimeZoneNameProviderImpl
Event: 31.397 Loading class sun/util/locale/provider/TimeZoneNameProviderImpl
Event: 31.397 Loading class sun/util/locale/provider/TimeZoneNameProviderImpl done
Event: 31.397 Loading class sun/util/cldr/CLDRTimeZoneNameProviderImpl done
Event: 31.401 Loading class sun/util/resources/cldr/TimeZoneNames
Event: 31.401 Loading class sun/util/resources/TimeZoneNamesBundle
Event: 31.401 Loading class sun/util/resources/OpenListResourceBundle
Event: 31.401 Loading class sun/util/resources/OpenListResourceBundle done
Event: 31.401 Loading class sun/util/resources/TimeZoneNamesBundle done
Event: 31.401 Loading class sun/util/resources/cldr/TimeZoneNames done
Event: 31.402 Loading class sun/util/resources/cldr/TimeZoneNames_en
Event: 31.404 Loading class sun/util/resources/cldr/TimeZoneNames_en done
Event: 31.405 Loading class sun/util/resources/cldr/TimeZoneNames_en_US
Event: 31.405 Loading class sun/util/resources/cldr/TimeZoneNames_en_US done
Event: 31.407 Loading class sun/util/cldr/CLDRBaseLocaleDataMetaInfo$TZCanonicalIDMapHolder
Event: 31.409 Loading class sun/util/cldr/CLDRBaseLocaleDataMetaInfo$TZCanonicalIDMapHolder done
Event: 31.410 Loading class sun/util/resources/TimeZoneNames
Event: 31.411 Loading class sun/util/resources/TimeZoneNames done
Event: 31.412 Loading class sun/util/resources/TimeZoneNames_en
Event: 31.412 Loading class sun/util/resources/TimeZoneNames_en done

Classes unloaded (7 events):
Event: 26.232 Thread 0x000001b8db1f0e90 Unloading class 0x0000000100250000 'java/lang/invoke/LambdaForm$MH+0x0000000100250000'
Event: 26.232 Thread 0x000001b8db1f0e90 Unloading class 0x000000010024fc00 'java/lang/invoke/LambdaForm$MH+0x000000010024fc00'
Event: 26.232 Thread 0x000001b8db1f0e90 Unloading class 0x000000010024f800 'java/lang/invoke/LambdaForm$MH+0x000000010024f800'
Event: 26.232 Thread 0x000001b8db1f0e90 Unloading class 0x000000010024f400 'java/lang/invoke/LambdaForm$MH+0x000000010024f400'
Event: 26.232 Thread 0x000001b8db1f0e90 Unloading class 0x000000010024f000 'java/lang/invoke/LambdaForm$BMH+0x000000010024f000'
Event: 26.232 Thread 0x000001b8db1f0e90 Unloading class 0x000000010024ec00 'java/lang/invoke/LambdaForm$DMH+0x000000010024ec00'
Event: 26.232 Thread 0x000001b8db1f0e90 Unloading class 0x000000010024c400 'java/lang/invoke/LambdaForm$DMH+0x000000010024c400'

Classes redefined (0 events):
No events

Internal exceptions (20 events):
Event: 30.935 Thread 0x000001b8f8094810 Exception <a 'sun/nio/fs/WindowsException'{0x00000000eabe0e40}> (0x00000000eabe0e40) 
thrown [s\src\hotspot\share\prims\jni.cpp, line 516]
Event: 30.937 Thread 0x000001b8f8094810 Exception <a 'sun/nio/fs/WindowsException'{0x00000000eabe21b0}> (0x00000000eabe21b0) 
thrown [s\src\hotspot\share\prims\jni.cpp, line 516]
Event: 30.937 Thread 0x000001b8f8094810 Exception <a 'sun/nio/fs/WindowsException'{0x00000000eabe27e8}> (0x00000000eabe27e8) 
thrown [s\src\hotspot\share\prims\jni.cpp, line 516]
Event: 30.945 Thread 0x000001b8f8094810 Exception <a 'sun/nio/fs/WindowsException'{0x00000000ead25480}> (0x00000000ead25480) 
thrown [s\src\hotspot\share\prims\jni.cpp, line 516]
Event: 30.945 Thread 0x000001b8f8094810 Exception <a 'sun/nio/fs/WindowsException'{0x00000000ead25ab8}> (0x00000000ead25ab8) 
thrown [s\src\hotspot\share\prims\jni.cpp, line 516]
Event: 30.946 Thread 0x000001b8f8094810 Exception <a 'sun/nio/fs/WindowsException'{0x00000000ead26740}> (0x00000000ead26740) 
thrown [s\src\hotspot\share\prims\jni.cpp, line 516]
Event: 30.946 Thread 0x000001b8f8094810 Exception <a 'sun/nio/fs/WindowsException'{0x00000000ead26d78}> (0x00000000ead26d78) 
thrown [s\src\hotspot\share\prims\jni.cpp, line 516]
Event: 30.947 Thread 0x000001b8f8094810 Exception <a 'sun/nio/fs/WindowsException'{0x00000000ead280e8}> (0x00000000ead280e8) 
thrown [s\src\hotspot\share\prims\jni.cpp, line 516]
Event: 30.947 Thread 0x000001b8f8094810 Exception <a 'sun/nio/fs/WindowsException'{0x00000000ead28720}> (0x00000000ead28720) 
thrown [s\src\hotspot\share\prims\jni.cpp, line 516]
Event: 30.957 Thread 0x000001b8f9cfc870 Exception <a 'sun/nio/fs/WindowsException'{0x00000000eaf09c48}> (0x00000000eaf09c48) 
thrown [s\src\hotspot\share\prims\jni.cpp, line 516]
Event: 30.958 Thread 0x000001b8f9cfc870 Exception <a 'sun/nio/fs/WindowsException'{0x00000000eaf0a548}> (0x00000000eaf0a548) 
thrown [s\src\hotspot\share\prims\jni.cpp, line 516]
Event: 30.958 Thread 0x000001b8f9cfc870 Exception <a 'sun/nio/fs/WindowsException'{0x00000000eaf0b478}> (0x00000000eaf0b478) 
thrown [s\src\hotspot\share\prims\jni.cpp, line 516]
Event: 30.958 Thread 0x000001b8f9cfc870 Exception <a 'sun/nio/fs/WindowsException'{0x00000000eaf0bd58}> (0x00000000eaf0bd58) 
thrown [s\src\hotspot\share\prims\jni.cpp, line 516]
Event: 30.959 Thread 0x000001b8f9cfc870 Exception <a 'sun/nio/fs/WindowsException'{0x00000000eaf0d390}> (0x00000000eaf0d390) 
thrown [s\src\hotspot\share\prims\jni.cpp, line 516]
Event: 30.960 Thread 0x000001b8f9cfc870 Exception <a 'sun/nio/fs/WindowsException'{0x00000000eaf2d728}> (0x00000000eaf2d728) 
thrown [s\src\hotspot\share\prims\jni.cpp, line 516]
Event: 30.962 Thread 0x000001b8f6552040 Exception <a 'sun/nio/fs/WindowsException'{0x00000000eaf7eb38}> (0x00000000eaf7eb38) 
thrown [s\src\hotspot\share\prims\jni.cpp, line 516]
Event: 30.963 Thread 0x000001b8f6552040 Exception <a 'sun/nio/fs/WindowsException'{0x00000000eaf7eeb0}> (0x00000000eaf7eeb0) 
thrown [s\src\hotspot\share\prims\jni.cpp, line 516]
Event: 31.058 Thread 0x000001b8f6552040 Exception <a 'java/lang/NoSuchMethodError'{0x00000000eaedaf60}: 'java.lang.Object java.lang.invoke.DirectMethodHandle$Holder.invokeSpecial(java.lang.Object, java.lang.Object, int, long)'> (0x00000000eaedaf60) 
thrown [s\src\hotspot\share\interpreter\linkResolver.cpp, line 759]
Event: 31.206 Thread 0x000001b8f8094810 Exception <a 'sun/nio/fs/WindowsException'{0x00000000eab385a8}> (0x00000000eab385a8) 
thrown [s\src\hotspot\share\prims\jni.cpp, line 516]
Event: 31.206 Thread 0x000001b8f8094810 Exception <a 'sun/nio/fs/WindowsException'{0x00000000eab38be0}> (0x00000000eab38be0) 
thrown [s\src\hotspot\share\prims\jni.cpp, line 516]

VM Operations (20 events):
Event: 31.477 Executing VM operation: ParallelGCFailedAllocation
Event: 31.480 Executing VM operation: ParallelGCFailedAllocation done
Event: 31.494 Executing VM operation: ParallelGCFailedAllocation
Event: 31.671 Executing VM operation: ParallelGCFailedAllocation done
Event: 31.707 Executing VM operation: ParallelGCFailedAllocation
Event: 31.723 Executing VM operation: ParallelGCFailedAllocation done
Event: 31.776 Executing VM operation: ParallelGCFailedAllocation
Event: 31.778 Executing VM operation: ParallelGCFailedAllocation done
Event: 31.809 Executing VM operation: ParallelGCFailedAllocation
Event: 31.812 Executing VM operation: ParallelGCFailedAllocation done
Event: 31.841 Executing VM operation: ParallelGCFailedAllocation
Event: 31.843 Executing VM operation: ParallelGCFailedAllocation done
Event: 31.875 Executing VM operation: ParallelGCFailedAllocation
Event: 31.878 Executing VM operation: ParallelGCFailedAllocation done
Event: 31.907 Executing VM operation: ParallelGCFailedAllocation
Event: 31.910 Executing VM operation: ParallelGCFailedAllocation done
Event: 31.936 Executing VM operation: ParallelGCFailedAllocation
Event: 31.941 Executing VM operation: ParallelGCFailedAllocation done
Event: 31.961 Executing VM operation: ParallelGCFailedAllocation
Event: 31.963 Executing VM operation: ParallelGCFailedAllocation done

Memory protections (0 events):
No events

Nmethod flushes (20 events):
Event: 31.178 Thread 0x000001b8eefea890 flushing  nmethod 0x000001b8dee4b010
Event: 31.178 Thread 0x000001b8eefea890 flushing  nmethod 0x000001b8dee4bf90
Event: 31.178 Thread 0x000001b8eefea890 flushing  nmethod 0x000001b8dee4da10
Event: 31.178 Thread 0x000001b8eefea890 flushing  nmethod 0x000001b8dee4e710
Event: 31.178 Thread 0x000001b8eefea890 flushing  nmethod 0x000001b8dee51790
Event: 31.178 Thread 0x000001b8eefea890 flushing  nmethod 0x000001b8dee51c10
Event: 31.178 Thread 0x000001b8eefea890 flushing  nmethod 0x000001b8dee69710
Event: 31.178 Thread 0x000001b8eefea890 flushing  nmethod 0x000001b8dee72810
Event: 31.178 Thread 0x000001b8eefea890 flushing  nmethod 0x000001b8dee7a490
Event: 31.179 Thread 0x000001b8eefea890 flushing  nmethod 0x000001b8def55110
Event: 31.179 Thread 0x000001b8eefea890 flushing  nmethod 0x000001b8def55c10
Event: 31.179 Thread 0x000001b8eefea890 flushing  nmethod 0x000001b8def5d890
Event: 31.179 Thread 0x000001b8eefea890 flushing  nmethod 0x000001b8def5df90
Event: 31.179 Thread 0x000001b8eefea890 flushing  nmethod 0x000001b8def5f290
Event: 31.179 Thread 0x000001b8eefea890 flushing  nmethod 0x000001b8def62410
Event: 31.179 Thread 0x000001b8eefea890 flushing  nmethod 0x000001b8def62990
Event: 31.179 Thread 0x000001b8eefea890 flushing  nmethod 0x000001b8def63010
Event: 31.181 Thread 0x000001b8eefea890 flushing  nmethod 0x000001b8defd4890
Event: 31.181 Thread 0x000001b8eefea890 flushing  nmethod 0x000001b8defd4c10
Event: 31.181 Thread 0x000001b8eefea890 flushing osr nmethod 0x000001b8defd9210

Events (20 events):
Event: 28.915 Thread 0x000001b8f8094810 Thread added: 0x000001b8f8b079c0
Event: 28.924 Thread 0x000001b8f8094810 Thread added: 0x000001b8f8b09310
Event: 28.939 Thread 0x000001b8f8094810 Thread added: 0x000001b8f9cfa500
Event: 28.943 Thread 0x000001b8f8094810 Thread added: 0x000001b8f9cfe1c0
Event: 29.869 Thread 0x000001b8f8094810 Thread added: 0x000001b8f9cfbe50
Event: 29.870 Thread 0x000001b8f9cfbe50 Thread exited: 0x000001b8f9cfbe50
Event: 30.127 Thread 0x000001b8f8094810 Thread added: 0x000001b8f9cf8190
Event: 30.687 Thread 0x000001b8f80929b0 Thread added: 0x000001b8f9cf95d0
Event: 30.704 Thread 0x000001b8f65552e0 Thread exited: 0x000001b8f65552e0
Event: 30.873 Thread 0x000001b8f80929b0 Thread added: 0x000001b8f9cfaa10
Event: 30.875 Thread 0x000001b8f80929b0 Thread added: 0x000001b8f9cfaf20
Event: 30.928 Thread 0x000001b8f80929b0 Thread added: 0x000001b8f9cfd7a0
Event: 30.929 Thread 0x000001b8f80929b0 Thread added: 0x000001b8f9cfe6d0
Event: 30.931 Thread 0x000001b8f9cfe6d0 Thread added: 0x000001b8f9cfdcb0
Event: 30.938 Thread 0x000001b8f9cfdcb0 Thread added: 0x000001b8f9cfb430
Event: 30.940 Thread 0x000001b8f9cfb430 Thread added: 0x000001b8f9cfc870
Event: 30.943 Thread 0x000001b8f9cfc870 Thread added: 0x000001b8f9cf9ff0
Event: 30.954 Thread 0x000001b8f9cf9ff0 Thread added: 0x000001b8f9cf9ae0
Event: 31.018 Thread 0x000001b8f8092ec0 Thread added: 0x000001b8f9cfbe50
Event: 31.674 Thread 0x000001b8f9cf9ae0 Thread exited: 0x000001b8f9cf9ae0


Dynamic libraries:
0x00007ff6d00e0000 - 0x00007ff6d00ee000 	c:\Users\ASUS\.vscode\extensions\redhat.java-1.37.0-win32-x64\jre\17.0.13-win32-x86_64\bin\java.exe
0x00007ff89ad10000 - 0x00007ff89af27000 	C:\Windows\SYSTEM32\ntdll.dll
0x00007ff898de0000 - 0x00007ff898ea4000 	C:\Windows\System32\KERNEL32.DLL
0x00007ff898240000 - 0x00007ff8985fa000 	C:\Windows\System32\KERNELBASE.dll
0x00007ff898600000 - 0x00007ff898711000 	C:\Windows\System32\ucrtbase.dll
0x00007ff84d580000 - 0x00007ff84d597000 	c:\Users\ASUS\.vscode\extensions\redhat.java-1.37.0-win32-x64\jre\17.0.13-win32-x86_64\bin\jli.dll
0x00007ff8995b0000 - 0x00007ff89975e000 	C:\Windows\System32\USER32.dll
0x00007ff898940000 - 0x00007ff898966000 	C:\Windows\System32\win32u.dll
0x00007ff89ac40000 - 0x00007ff89ac69000 	C:\Windows\System32\GDI32.dll
0x00007ff898720000 - 0x00007ff89883b000 	C:\Windows\System32\gdi32full.dll
0x00007ff898970000 - 0x00007ff898a0a000 	C:\Windows\System32\msvcp_win.dll
0x00007ff84d560000 - 0x00007ff84d57e000 	c:\Users\ASUS\.vscode\extensions\redhat.java-1.37.0-win32-x64\jre\17.0.13-win32-x86_64\bin\VCRUNTIME140.dll
0x00007ff897320000 - 0x00007ff8975b2000 	C:\Windows\WinSxS\amd64_microsoft.windows.common-controls_6595b64144ccf1df_6.0.22621.4541_none_2710d1c57384c085\COMCTL32.dll
0x00007ff899860000 - 0x00007ff899907000 	C:\Windows\System32\msvcrt.dll
0x00007ff89a390000 - 0x00007ff89a3c1000 	C:\Windows\System32\IMM32.DLL
0x00007ff877c70000 - 0x00007ff877c7c000 	c:\Users\ASUS\.vscode\extensions\redhat.java-1.37.0-win32-x64\jre\17.0.13-win32-x86_64\bin\vcruntime140_1.dll
0x00007ff83ab90000 - 0x00007ff83ac1d000 	c:\Users\ASUS\.vscode\extensions\redhat.java-1.37.0-win32-x64\jre\17.0.13-win32-x86_64\bin\msvcp140.dll
0x00007ff807940000 - 0x00007ff8085ab000 	c:\Users\ASUS\.vscode\extensions\redhat.java-1.37.0-win32-x64\jre\17.0.13-win32-x86_64\bin\server\jvm.dll
0x00007ff89a2d0000 - 0x00007ff89a382000 	C:\Windows\System32\ADVAPI32.dll
0x00007ff89a5c0000 - 0x00007ff89a667000 	C:\Windows\System32\sechost.dll
0x00007ff897fe0000 - 0x00007ff898008000 	C:\Windows\System32\bcrypt.dll
0x00007ff898fb0000 - 0x00007ff8990c4000 	C:\Windows\System32\RPCRT4.dll
0x00007ff89a540000 - 0x00007ff89a5b1000 	C:\Windows\System32\WS2_32.dll
0x00007ff8978f0000 - 0x00007ff89793d000 	C:\Windows\SYSTEM32\POWRPROF.dll
0x00007ff87f6d0000 - 0x00007ff87f6da000 	C:\Windows\SYSTEM32\VERSION.dll
0x00007ff891940000 - 0x00007ff891974000 	C:\Windows\SYSTEM32\WINMM.dll
0x00007ff8977a0000 - 0x00007ff8977b3000 	C:\Windows\SYSTEM32\UMPDC.dll
0x00007ff8967f0000 - 0x00007ff896808000 	C:\Windows\SYSTEM32\kernel.appcore.dll
0x00007ff875cd0000 - 0x00007ff875cda000 	c:\Users\ASUS\.vscode\extensions\redhat.java-1.37.0-win32-x64\jre\17.0.13-win32-x86_64\bin\jimage.dll
0x00007ff897940000 - 0x00007ff897b72000 	C:\Windows\SYSTEM32\DBGHELP.DLL
0x00007ff898a30000 - 0x00007ff898dbf000 	C:\Windows\System32\combase.dll
0x00007ff89ab60000 - 0x00007ff89ac37000 	C:\Windows\System32\OLEAUT32.dll
0x00007ff8977e0000 - 0x00007ff897812000 	C:\Windows\SYSTEM32\dbgcore.DLL
0x00007ff898840000 - 0x00007ff8988bb000 	C:\Windows\System32\bcryptPrimitives.dll
0x00007ff871930000 - 0x00007ff87193e000 	c:\Users\ASUS\.vscode\extensions\redhat.java-1.37.0-win32-x64\jre\17.0.13-win32-x86_64\bin\instrument.dll
0x00007ff84d290000 - 0x00007ff84d2b5000 	c:\Users\ASUS\.vscode\extensions\redhat.java-1.37.0-win32-x64\jre\17.0.13-win32-x86_64\bin\java.dll
0x00007ff84d270000 - 0x00007ff84d288000 	c:\Users\ASUS\.vscode\extensions\redhat.java-1.37.0-win32-x64\jre\17.0.13-win32-x86_64\bin\zip.dll
0x00007ff8999a0000 - 0x00007ff89a218000 	C:\Windows\System32\SHELL32.dll
0x00007ff895620000 - 0x00007ff895f28000 	C:\Windows\SYSTEM32\windows.storage.dll
0x00007ff8954c0000 - 0x00007ff8955ff000 	C:\Windows\SYSTEM32\wintypes.dll
0x00007ff8990d0000 - 0x00007ff8991ca000 	C:\Windows\System32\SHCORE.dll
0x00007ff89ac70000 - 0x00007ff89acce000 	C:\Windows\System32\shlwapi.dll
0x00007ff897f10000 - 0x00007ff897f3b000 	C:\Windows\SYSTEM32\profapi.dll
0x00007ff849640000 - 0x00007ff849659000 	C:\Users\ASUS\.vscode\extensions\redhat.java-1.37.0-win32-x64\jre\17.0.13-win32-x86_64\bin\net.dll
0x00007ff892e90000 - 0x00007ff892fc6000 	C:\Windows\SYSTEM32\WINHTTP.dll
0x00007ff896df0000 - 0x00007ff896e59000 	C:\Windows\system32\mswsock.dll
0x00007ff849620000 - 0x00007ff849636000 	C:\Users\ASUS\.vscode\extensions\redhat.java-1.37.0-win32-x64\jre\17.0.13-win32-x86_64\bin\nio.dll
0x00007ff871010000 - 0x00007ff871020000 	c:\Users\ASUS\.vscode\extensions\redhat.java-1.37.0-win32-x64\jre\17.0.13-win32-x86_64\bin\verify.dll
0x00007ff838d80000 - 0x00007ff838dc5000 	C:\Users\ASUS\AppData\Roaming\Code\User\globalStorage\redhat.java\1.37.0\config_win\org.eclipse.equinox.launcher\org.eclipse.equinox.launcher.win32.win32.x86_64_1.2.1100.v20240722-2106\eclipse_11904.dll
0x00007ff8991d0000 - 0x00007ff899375000 	C:\Windows\System32\ole32.dll
0x00007ff897c80000 - 0x00007ff897c9b000 	C:\Windows\SYSTEM32\CRYPTSP.dll
0x00007ff896750000 - 0x00007ff896785000 	C:\Windows\system32\rsaenh.dll
0x00007ff897050000 - 0x00007ff897078000 	C:\Windows\SYSTEM32\USERENV.dll
0x00007ff897120000 - 0x00007ff89712c000 	C:\Windows\SYSTEM32\CRYPTBASE.dll
0x00007ff8961c0000 - 0x00007ff8961ed000 	C:\Windows\SYSTEM32\IPHLPAPI.DLL
0x00007ff8995a0000 - 0x00007ff8995a9000 	C:\Windows\System32\NSI.dll
0x00007ff891850000 - 0x00007ff891869000 	C:\Windows\SYSTEM32\dhcpcsvc6.DLL
0x00007ff891790000 - 0x00007ff8917af000 	C:\Windows\SYSTEM32\dhcpcsvc.DLL
0x00007ff8961f0000 - 0x00007ff8962f2000 	C:\Windows\SYSTEM32\DNSAPI.dll
0x00007ff83f560000 - 0x00007ff83f5a9000 	C:\Users\ASUS\AppData\Local\Temp\jna-2018896\jna14511826904347062128.dll
0x00007ff899910000 - 0x00007ff899918000 	C:\Windows\System32\PSAPI.DLL
0x00007ff86e670000 - 0x00007ff86e67e000 	C:\Users\ASUS\.vscode\extensions\redhat.java-1.37.0-win32-x64\jre\17.0.13-win32-x86_64\bin\sunmscapi.dll
0x00007ff898010000 - 0x00007ff898176000 	C:\Windows\System32\CRYPT32.dll
0x00007ff897200000 - 0x00007ff89722d000 	C:\Windows\SYSTEM32\ncrypt.dll
0x00007ff8971c0000 - 0x00007ff8971f7000 	C:\Windows\SYSTEM32\NTASN1.dll
0x0000000060ec0000 - 0x0000000060ee6000 	C:\Program Files\Bonjour\mdnsNSP.dll
0x00007ff88fca0000 - 0x00007ff88fcaa000 	C:\Windows\System32\rasadhlp.dll
0x00007ff88f410000 - 0x00007ff88f493000 	C:\Windows\System32\fwpuclnt.dll
0x00007ff868e60000 - 0x00007ff868e69000 	C:\Users\ASUS\.vscode\extensions\redhat.java-1.37.0-win32-x64\jre\17.0.13-win32-x86_64\bin\extnet.dll

dbghelp: loaded successfully - version: 4.0.5 - missing functions: none
symbol engine: initialized successfully - sym options: 0x614 - pdb path: .;c:\Users\ASUS\.vscode\extensions\redhat.java-1.37.0-win32-x64\jre\17.0.13-win32-x86_64\bin;C:\Windows\SYSTEM32;C:\Windows\WinSxS\amd64_microsoft.windows.common-controls_6595b64144ccf1df_6.0.22621.4541_none_2710d1c57384c085;c:\Users\ASUS\.vscode\extensions\redhat.java-1.37.0-win32-x64\jre\17.0.13-win32-x86_64\bin\server;C:\Users\ASUS\AppData\Roaming\Code\User\globalStorage\redhat.java\1.37.0\config_win\org.eclipse.equinox.launcher\org.eclipse.equinox.launcher.win32.win32.x86_64_1.2.1100.v20240722-2106;C:\Users\ASUS\AppData\Local\Temp\jna-2018896;C:\Program Files\Bonjour

VM Arguments:
jvm_args: --add-modules=ALL-SYSTEM --add-opens=java.base/java.util=ALL-UNNAMED --add-opens=java.base/java.lang=ALL-UNNAMED --add-opens=java.base/sun.nio.fs=ALL-UNNAMED -Declipse.application=org.eclipse.jdt.ls.core.id1 -Dosgi.bundles.defaultStartLevel=4 -Declipse.product=org.eclipse.jdt.ls.core.product -Djava.import.generatesMetadataFilesAtProjectRoot=false -DDetectVMInstallationsJob.disabled=true -Dfile.encoding=utf8 -XX:+UseParallelGC -XX:GCTimeRatio=4 -XX:AdaptiveSizePolicyWeight=90 -Dsun.zip.disableMemoryMapping=true -Xmx1G -Xms100m -Xlog:disable -javaagent:c:\Users\ASUS\.vscode\extensions\redhat.java-1.37.0-win32-x64\lombok\lombok-1.18.34.jar -XX:+HeapDumpOnOutOfMemoryError -XX:HeapDumpPath=c:\Users\ASUS\AppData\Roaming\Code\User\workspaceStorage\13dd09e2ea5d8ae66ef7eb42a20b93dc\redhat.java -Daether.dependencyCollector.impl=bf 
java_command: c:\Users\ASUS\.vscode\extensions\redhat.java-1.37.0-win32-x64\server\plugins\org.eclipse.equinox.launcher_1.6.900.v20240613-2009.jar -configuration c:\Users\ASUS\AppData\Roaming\Code\User\globalStorage\redhat.java\1.37.0\config_win -data c:\Users\ASUS\AppData\Roaming\Code\User\workspaceStorage\13dd09e2ea5d8ae66ef7eb42a20b93dc\redhat.java\jdt_ws --pipe=\\.\pipe\lsp-ec6a9130a23c1788f177dc7e0b843028-sock
java_class_path (initial): c:\Users\ASUS\.vscode\extensions\redhat.java-1.37.0-win32-x64\server\plugins\org.eclipse.equinox.launcher_1.6.900.v20240613-2009.jar
Launcher Type: SUN_STANDARD

[Global flags]
    uintx AdaptiveSizePolicyWeight                 = 90                                        {product} {command line}
     intx CICompilerCount                          = 12                                        {product} {ergonomic}
    uintx GCTimeRatio                              = 4                                         {product} {command line}
     bool HeapDumpOnOutOfMemoryError               = true                                   {manageable} {command line}
    ccstr HeapDumpPath                             = c:\Users\ASUS\AppData\Roaming\Code\User\workspaceStorage\13dd09e2ea5d8ae66ef7eb42a20b93dc\redhat.java         {manageable} {command line}
   size_t InitialHeapSize                          = 104857600                                 {product} {command line}
   size_t MaxHeapSize                              = 1073741824                                {product} {command line}
   size_t MaxNewSize                               = 357564416                                 {product} {ergonomic}
   size_t MinHeapDeltaBytes                        = 524288                                    {product} {ergonomic}
   size_t MinHeapSize                              = 104857600                                 {product} {command line}
   size_t NewSize                                  = 34603008                                  {product} {ergonomic}
    uintx NonNMethodCodeHeapSize                   = 7602480                                {pd product} {ergonomic}
    uintx NonProfiledCodeHeapSize                  = 122027880                              {pd product} {ergonomic}
   size_t OldSize                                  = 70254592                                  {product} {ergonomic}
    uintx ProfiledCodeHeapSize                     = 122027880                              {pd product} {ergonomic}
    uintx ReservedCodeCacheSize                    = 251658240                              {pd product} {ergonomic}
     bool SegmentedCodeCache                       = true                                      {product} {ergonomic}
   size_t SoftMaxHeapSize                          = 1073741824                             {manageable} {ergonomic}
     bool UseCompressedClassPointers               = true                           {product lp64_product} {ergonomic}
     bool UseCompressedOops                        = true                           {product lp64_product} {ergonomic}
     bool UseLargePagesIndividualAllocation        = false                                  {pd product} {ergonomic}
     bool UseParallelGC                            = true                                      {product} {command line}

Logging:
Log output configuration:
 #0: stdout all=off uptime,level,tags
 #1: stderr all=off uptime,level,tags

Environment Variables:
PATH=C:\Program Files\Common Files\Oracle\Java\javapath;C:\Windows\system32;C:\Windows;C:\Windows\System32\Wbem;C:\Windows\System32\WindowsPowerShell\v1.0\;C:\Windows\System32\OpenSSH\;C:\Program Files (x86)\NVIDIA Corporation\PhysX\Common;C:\Program Files\NVIDIA Corporation\NVIDIA NvDLISR;C:\Program Files\Git\cmd;C:\Program Files\Git\mingw64\bin;C:\Program Files\Git\usr\bin;C:\Users\ASUS\AppData\Local\Microsoft\WindowsApps;C:\MinGW\bin;C:\Users\ASUS\AppData\Local\Programs\Microsoft VS Code\bin
USERNAME=ASUS
OS=Windows_NT
PROCESSOR_IDENTIFIER=Intel64 Family 6 Model 154 Stepping 3, GenuineIntel
TMP=C:\Users\ASUS\AppData\Local\Temp
TEMP=C:\Users\ASUS\AppData\Local\Temp



Periodic native trim disabled


---------------  S Y S T E M  ---------------

OS:
 Windows 11 , 64 bit Build 22621 (10.0.22621.4391)
OS uptime: 4 days 10:29 hours
Hyper-V role detected

CPU: total 16 (initial active 16) (8 cores per cpu, 2 threads per core) family 6 model 154 stepping 3 microcode 0x423, cx8, cmov, fxsr, ht, mmx, 3dnowpref, sse, sse2, sse3, ssse3, sse4.1, sse4.2, popcnt, lzcnt, tsc, tscinvbit, avx, avx2, aes, erms, clmul, bmi1, bmi2, adx, sha, fma, vzeroupper, clflush, clflushopt, clwb, hv
Processor Information for processor 0
  Max Mhz: 2500, Current Mhz: 2500, Mhz Limit: 2500
Processor Information for processor 1
  Max Mhz: 2500, Current Mhz: 2500, Mhz Limit: 2500
Processor Information for processor 2
  Max Mhz: 2500, Current Mhz: 2500, Mhz Limit: 2500
Processor Information for processor 3
  Max Mhz: 2500, Current Mhz: 2500, Mhz Limit: 2500
Processor Information for processor 4
  Max Mhz: 2500, Current Mhz: 2500, Mhz Limit: 2500
Processor Information for processor 5
  Max Mhz: 2500, Current Mhz: 2500, Mhz Limit: 2500
Processor Information for processor 6
  Max Mhz: 2500, Current Mhz: 2500, Mhz Limit: 2500
Processor Information for processor 7
  Max Mhz: 2500, Current Mhz: 2500, Mhz Limit: 2500
Processor Information for processor 8
  Max Mhz: 2500, Current Mhz: 1527, Mhz Limit: 2500
Processor Information for processor 9
  Max Mhz: 2500, Current Mhz: 1527, Mhz Limit: 2500
Processor Information for processor 10
  Max Mhz: 2500, Current Mhz: 1527, Mhz Limit: 2500
Processor Information for processor 11
  Max Mhz: 2500, Current Mhz: 1527, Mhz Limit: 2500
Processor Information for processor 12
  Max Mhz: 2500, Current Mhz: 1527, Mhz Limit: 2500
Processor Information for processor 13
  Max Mhz: 2500, Current Mhz: 1527, Mhz Limit: 2500
Processor Information for processor 14
  Max Mhz: 2500, Current Mhz: 2500, Mhz Limit: 2500
Processor Information for processor 15
  Max Mhz: 2500, Current Mhz: 2500, Mhz Limit: 2500

Memory: 4k page, system-wide physical 7812M (471M free)
TotalPageFile size 13956M (AvailPageFile size 2100M)
current process WorkingSet (physical memory assigned to process): 506M, peak: 507M
current process commit charge ("private bytes"): 517M, peak: 522M

vm_info: OpenJDK 64-Bit Server VM (17.0.13+11) for windows-amd64 JRE (17.0.13+11), built on Oct 16 2024 00:10:08 by "admin" with MS VC++ 17.7 (VS2022)

END.
