#
# A fatal error has been detected by the Java Runtime Environment:
#
#  EXCEPTION_ACCESS_VIOLATION (0xc0000005) at pc=0x00007ff80547373d, pid=18064, tid=24168
#
# JRE version: OpenJDK Runtime Environment Temurin-17.0.13+11 (17.0.13+11) (build 17.0.13+11)
# Java VM: OpenJDK 64-Bit Server VM Temurin-17.0.13+11 (17.0.13+11, mixed mode, tiered, compressed oops, compressed class ptrs, parallel gc, windows-amd64)
# Problematic frame:
# V  [jvm.dll+0x6b373d]
#
# No core dump will be written. Minidumps are not enabled by default on client versions of Windows
#
# If you would like to submit a bug report, please visit:
#   https://github.com/adoptium/adoptium-support/issues
#

---------------  S U M M A R Y ------------

Command Line: --add-modules=ALL-SYSTEM --add-opens=java.base/java.util=ALL-UNNAMED --add-opens=java.base/java.lang=ALL-UNNAMED --add-opens=java.base/sun.nio.fs=ALL-UNNAMED -Declipse.application=org.eclipse.jdt.ls.core.id1 -Dosgi.bundles.defaultStartLevel=4 -Declipse.product=org.eclipse.jdt.ls.core.product -Djava.import.generatesMetadataFilesAtProjectRoot=false -DDetectVMInstallationsJob.disabled=true -Dfile.encoding=utf8 -XX:+UseParallelGC -XX:GCTimeRatio=4 -XX:AdaptiveSizePolicyWeight=90 -Dsun.zip.disableMemoryMapping=true -Xmx1G -Xms100m -Xlog:disable -javaagent:c:\Users\ASUS\.vscode\extensions\redhat.java-1.37.0-win32-x64\lombok\lombok-1.18.34.jar -XX:+HeapDumpOnOutOfMemoryError -XX:HeapDumpPath=c:\Users\ASUS\AppData\Roaming\Code\User\workspaceStorage\13dd09e2ea5d8ae66ef7eb42a20b93dc\redhat.java -Daether.dependencyCollector.impl=bf c:\Users\ASUS\.vscode\extensions\redhat.java-1.37.0-win32-x64\server\plugins\org.eclipse.equinox.launcher_1.6.900.v20240613-2009.jar -configuration c:\Users\ASUS\AppData\Roaming\Code\User\globalStorage\redhat.java\1.37.0\config_win -data c:\Users\ASUS\AppData\Roaming\Code\User\workspaceStorage\13dd09e2ea5d8ae66ef7eb42a20b93dc\redhat.java\jdt_ws --pipe=\\.\pipe\lsp-839dc6c6215338b6b504be1759764d27-sock

Host: 12th Gen Intel(R) Core(TM) i5-12500H, 16 cores, 7G,  Windows 11 , 64 bit Build 22621 (10.0.22621.4391)
Time: Sat Dec 14 21:11:31 2024 India Standard Time elapsed time: 26.249969 seconds (0d 0h 0m 26s)

---------------  T H R E A D  ---------------

Current thread (0x000001f867323070):  GCTaskThread "GC Thread#10" [stack: 0x000000a2f6700000,0x000000a2f6800000] [id=24168]

Stack: [0x000000a2f6700000,0x000000a2f6800000],  sp=0x000000a2f67ff8e0,  free space=1022k
Native frames: (J=compiled Java code, j=interpreted, Vv=VM code, C=native code)
V  [jvm.dll+0x6b373d]
V  [jvm.dll+0x6b4272]
V  [jvm.dll+0x6c3137]
V  [jvm.dll+0x86725b]
V  [jvm.dll+0x8672a6]
V  [jvm.dll+0x7e8ffc]
V  [jvm.dll+0x6818f7]
C  [ucrtbase.dll+0x29333]
C  [KERNEL32.DLL+0x1259d]
C  [ntdll.dll+0x5af38]


siginfo: EXCEPTION_ACCESS_VIOLATION (0xc0000005), reading address 0x0000000003080358


Registers:
RAX=0x0000000003080350, RBX=0x00000000cb280118, RCX=0x0000000000000003, RDX=0x000000000061006a
RSP=0x000000a2f67ff8e0, RBP=0x000001f849ed9360, RSI=0x00000000cb280000, RDI=0x00000000cb280118
R8 =0x000000002000803e, R9 =0x00000000cb280000, R10=0x000000000000000c, R11=0x0000000000000000
R12=0x00000000cb280000, R13=0x000001f85fff1280, R14=0x00000000cb290000, R15=0x00000000c0100501
RIP=0x00007ff80547373d, EFLAGS=0x0000000000010202


Register to memory mapping:

RIP=0x00007ff80547373d jvm.dll
RAX=0x0000000003080350 is an unknown value
RBX=
[error occurred during error reporting (printing register info), id 0xc0000005, EXCEPTION_ACCESS_VIOLATION (0xc0000005) at pc=0x00007ff80544f136]

Top of Stack: (sp=0x000000a2f67ff8e0)
0x000000a2f67ff8e0:   000000a2f67ffa60 000000a2f67ff9c8
0x000000a2f67ff8f0:   00000000cb280000 000000a2f46feee0
0x000000a2f67ff900:   00000000cb290000 0000000000000000
0x000000a2f67ff910:   00000000cb290000 000000a2f67ffa70
0x000000a2f67ff920:   000001f849ed9360 00000000cb280000
0x000000a2f67ff930:   000000a2f67ff9c8 00007ff805474c01
0x000000a2f67ff940:   0000020000000009 0000000000000000
0x000000a2f67ff950:   0000000000000000 0000000000000000
0x000000a2f67ff960:   0000000000000000 0000000000000000
0x000000a2f67ff970:   0000000000000000 0000000000000000
0x000000a2f67ff980:   0000000000000000 0000000000000000
0x000000a2f67ff990:   0000000000000000 0000000000000000
0x000000a2f67ff9a0:   0000000000000000 0000000000000000
0x000000a2f67ff9b0:   0000000000000000 0000000000000000
0x000000a2f67ff9c0:   0000000000000000 000000a2f61a6548
0x000000a2f67ff9d0:   0000eea47433bace 00007ff8982af237
0x000000a2f67ff9e0:   000000a200000000 000001f849ed9360
0x000000a2f67ff9f0:   00000000cb4ada28 000001f84bb9a56e
0x000000a2f67ffa00:   0000000000000680 00000000000d0000
0x000000a2f67ffa10:   000001f85fff1280 00000000cb280000
0x000000a2f67ffa20:   00000000cb290000 00007ff805474272
0x000000a2f67ffa30:   000001f84c225a00 00007ff805413655
0x000000a2f67ffa40:   000000000000056a 00000000ec180000
0x000000a2f67ffa50:   00000000cb290000 00007ff805966940
0x000000a2f67ffa60:   00000000cb27ffe0 00000000cb280118
0x000000a2f67ffa70:   000000a2f67ffa60 000000a2f67ffaf8
0x000000a2f67ffa80:   0000000000000000 0000000000000000
0x000000a2f67ffa90:   0000000000000634 0000004000001000
0x000000a2f67ffaa0:   00007ff8000003e8 0000000004290000
0x000000a2f67ffab0:   0000000000000000 0000000000000009
0x000000a2f67ffac0:   000001f8676edf20 0000000000000000
0x000000a2f67ffad0:   000000a2f46ff260 000001f867323070 

Instructions: (pc=0x00007ff80547373d)
0x00007ff80547363d:   48 8d 6a 01 48 03 e8 48 89 6c 24 50 49 3b f7 0f
0x00007ff80547364d:   83 3d 02 00 00 4c 89 b4 24 08 01 00 00 49 8b c4
0x00007ff80547365d:   41 ba 0c 00 00 00 48 d3 e8 48 03 c2 48 3b c5 73
0x00007ff80547366d:   0f 66 90 80 38 ff 75 40 48 ff c0 48 3b c5 72 f3
0x00007ff80547367d:   48 8b f5 48 8b c5 48 3b f0 0f 84 fb 01 00 00 48
0x00007ff80547368d:   8b 7c 24 38 48 2b f2 48 2b c2 48 d3 e6 48 d3 e0
0x00007ff80547369d:   4d 8b f7 49 3b c7 48 8b 1f 4c 0f 42 f0 48 3b 73
0x00007ff8054736ad:   08 73 1f 48 8b 1b eb 4e 48 8b f0 48 3b c5 73 c3
0x00007ff8054736bd:   0f 1f 00 80 38 ff 74 be 48 ff c0 48 3b c5 72 f3
0x00007ff8054736cd:   eb b1 48 8b 4f 08 48 8b d6 48 8b 09 e8 72 b9 fd
0x00007ff8054736dd:   ff 48 8b d8 48 8b 07 48 8b cb 48 89 18 e8 b1 8e
0x00007ff8054736ed:   95 ff 48 63 c8 41 ba 0c 00 00 00 48 8b 07 48 8d
0x00007ff8054736fd:   14 cb 48 89 50 08 48 8b 6c 24 40 0f 1f 84 00 00
0x00007ff80547370d:   00 00 00 80 3d 81 8d 4d 00 00 74 17 8b 53 08 8b
0x00007ff80547371d:   0d e6 cb 46 00 8b c2 48 d3 e0 48 03 05 d2 cb 46
0x00007ff80547372d:   00 eb 06 48 8b 43 08 8b d0 80 3d 5b 8d 4d 00 00
0x00007ff80547373d:   44 8b 78 08 74 15 8b 0d bf cb 46 00 44 8b c2 49
0x00007ff80547374d:   d3 e0 4c 03 05 aa cb 46 00 eb 04 4c 8b 43 08 45
0x00007ff80547375d:   8b 48 08 45 85 c9 7e 0c 41 f6 c1 01 75 54 41 c1
0x00007ff80547376d:   f9 03 eb 60 79 4c 80 3d 1e 8d 4d 00 00 b9 10 00
0x00007ff80547377d:   00 00 8b 05 bf da 46 00 49 0f 45 ca ff c8 4c 63
0x00007ff80547378d:   c0 41 8b c1 48 c1 f8 10 48 63 14 19 41 8b c9 83
0x00007ff80547379d:   e1 3f 48 d3 e2 0f b6 c8 49 8d 04 10 49 f7 d0 48
0x00007ff8054737ad:   03 c8 4d 8b c8 49 c1 e9 03 48 c1 e9 03 44 23 c9
0x00007ff8054737bd:   eb 12 49 8b 00 48 8b d3 49 8b c8 ff 90 00 01 00
0x00007ff8054737cd:   00 44 8b c8 49 63 c1 48 8d 3c c3 41 81 ff 00 00
0x00007ff8054737dd:   00 c0 7d 07 4c 89 74 24 20 eb 16 49 3b dc 73 07
0x00007ff8054737ed:   4c 3b 64 24 48 77 1b 48 8b 44 24 30 48 89 44 24
0x00007ff8054737fd:   20 4c 8b ce 4c 8b c3 49 8b d5 48 8b cd e8 c1 07
0x00007ff80547380d:   00 00 49 3b fe 73 0e 48 8b df 41 ba 0c 00 00 00
0x00007ff80547381d:   e9 ee fe ff ff 41 8b 85 60 01 00 00 41 81 ff 00
0x00007ff80547382d:   00 00 c0 41 8b 8d e0 00 00 00 4c 8b e7 48 8b 6c 


Stack slot to memory mapping:
stack at sp + 0 slots: 0x000000a2f67ffa60 points into unknown readable memory: 0x00000000cb27ffe0 | e0 ff 27 cb 00 00 00 00
stack at sp + 1 slots: 0x000000a2f67ff9c8 points into unknown readable memory: 0x000000a2f61a6548 | 48 65 1a f6 a2 00 00 00
stack at sp + 2 slots: 0x00000000cb280000 is pointing into object: [C 
{0x00000000cb27ffe0} - klass: {type array char}
 - length: 145
stack at sp + 3 slots: 0x000000a2f46feee0 points into unknown readable memory: 0x000001f849ec5670 | 70 56 ec 49 f8 01 00 00
stack at sp + 4 slots: 0x00000000cb290000 is pointing into object: [B 
{0x00000000cb28e368} - klass: {type array byte}
 - length: 11647
stack at sp + 5 slots: 0x0 is NULL
stack at sp + 6 slots: 0x00000000cb290000 is pointing into object: [B 
{0x00000000cb28e368} - klass: {type array byte}
 - length: 11647
stack at sp + 7 slots: 0x000000a2f67ffa70 points into unknown readable memory: 0x000000a2f67ffa60 | 60 fa 7f f6 a2 00 00 00


---------------  P R O C E S S  ---------------

Threads class SMR info:
_java_thread_list=0x000001f873c1cfe0, length=82, elements={
0x000001f84c17f1a0, 0x000001f860007020, 0x000001f8600086a0, 0x000001f86511be80,
0x000001f86511c750, 0x000001f86511d220, 0x000001f865124b80, 0x000001f8651273a0,
0x000001f865128060, 0x000001f865155270, 0x000001f84c1e1c30, 0x000001f86733cc00,
0x000001f8678df140, 0x000001f865277ac0, 0x000001f86781c450, 0x000001f867820370,
0x000001f8676ca2c0, 0x000001f8679d00e0, 0x000001f867cfd480, 0x000001f867fc81d0,
0x000001f867640e60, 0x000001f8679cfbd0, 0x000001f8679ce790, 0x000001f8679d1010,
0x000001f8679d0b00, 0x000001f8679d1520, 0x000001f8679cf1b0, 0x000001f8679cdd70,
0x000001f8679ce280, 0x000001f8688f6da0, 0x000001f8688f4f40, 0x000001f8688f6890,
0x000001f8688f72b0, 0x000001f8688f9110, 0x000001f8688f26c0, 0x000001f8688f77c0,
0x000001f8688f86f0, 0x000001f8688f9b30, 0x000001f8688f3b00, 0x000001f8688f9620,
0x000001f8688f7cd0, 0x000001f8688f8c00, 0x000001f8688fa040, 0x000001f8688f5960,
0x000001f8688f4520, 0x000001f8688f2bd0, 0x000001f8688f81e0, 0x000001f8688f30e0,
0x000001f8688f4a30, 0x000001f8688f5450, 0x000001f869e144f0, 0x000001f867928500,
0x000001f869e11c70, 0x000001f869e12180, 0x000001f869e10d40, 0x000001f869e10320,
0x000001f869e12690, 0x000001f869e10830, 0x000001f869e12ba0, 0x000001f869e0f3f0,
0x000001f869e11760, 0x000001f869e135c0, 0x000001f869e130b0, 0x000001f869e13ad0,
0x000001f869e11250, 0x000001f869e13fe0, 0x000001f869e0f900, 0x000001f869e16d70,
0x000001f869e14a00, 0x000001f869e15420, 0x000001f869e14f10, 0x000001f869e16860,
0x000001f869e0fe10, 0x000001f8688f6380, 0x000001f8679cf6c0, 0x000001f86ad077d0,
0x000001f86ad05460, 0x000001f86ad06390, 0x000001f86ad07ce0, 0x000001f86ad05970,
0x000001f86ad05e80, 0x000001f86ad06db0
}

Java Threads: ( => current thread )
  0x000001f84c17f1a0 JavaThread "main" [_thread_blocked, id=23308, stack(0x000000a2f4400000,0x000000a2f4500000)]
  0x000001f860007020 JavaThread "Reference Handler" daemon [_thread_blocked, id=23216, stack(0x000000a2f4700000,0x000000a2f4800000)]
  0x000001f8600086a0 JavaThread "Finalizer" daemon [_thread_blocked, id=12580, stack(0x000000a2f4800000,0x000000a2f4900000)]
  0x000001f86511be80 JavaThread "Signal Dispatcher" daemon [_thread_blocked, id=23232, stack(0x000000a2f4900000,0x000000a2f4a00000)]
  0x000001f86511c750 JavaThread "Attach Listener" daemon [_thread_blocked, id=23192, stack(0x000000a2f4a00000,0x000000a2f4b00000)]
  0x000001f86511d220 JavaThread "Service Thread" daemon [_thread_blocked, id=3784, stack(0x000000a2f4b00000,0x000000a2f4c00000)]
  0x000001f865124b80 JavaThread "Monitor Deflation Thread" daemon [_thread_blocked, id=23244, stack(0x000000a2f4c00000,0x000000a2f4d00000)]
  0x000001f8651273a0 JavaThread "C2 CompilerThread0" daemon [_thread_blocked, id=23416, stack(0x000000a2f4d00000,0x000000a2f4e00000)]
  0x000001f865128060 JavaThread "C1 CompilerThread0" daemon [_thread_blocked, id=23496, stack(0x000000a2f4e00000,0x000000a2f4f00000)]
  0x000001f865155270 JavaThread "Sweeper thread" daemon [_thread_blocked, id=22932, stack(0x000000a2f4f00000,0x000000a2f5000000)]
  0x000001f84c1e1c30 JavaThread "Common-Cleaner" daemon [_thread_blocked, id=23196, stack(0x000000a2f5000000,0x000000a2f5100000)]
  0x000001f86733cc00 JavaThread "Notification Thread" daemon [_thread_blocked, id=22840, stack(0x000000a2f5200000,0x000000a2f5300000)]
  0x000001f8678df140 JavaThread "Active Thread: Equinox Container: 9ba42300-3b85-4bf2-86a3-c33ec8a98a3c" [_thread_blocked, id=20648, stack(0x000000a2f5900000,0x000000a2f5a00000)]
  0x000001f865277ac0 JavaThread "Refresh Thread: Equinox Container: 9ba42300-3b85-4bf2-86a3-c33ec8a98a3c" daemon [_thread_blocked, id=23472, stack(0x000000a2f5100000,0x000000a2f5200000)]
  0x000001f86781c450 JavaThread "Framework Event Dispatcher: Equinox Container: 9ba42300-3b85-4bf2-86a3-c33ec8a98a3c" daemon [_thread_blocked, id=22796, stack(0x000000a2f5a00000,0x000000a2f5b00000)]
  0x000001f867820370 JavaThread "Start Level: Equinox Container: 9ba42300-3b85-4bf2-86a3-c33ec8a98a3c" daemon [_thread_blocked, id=22668, stack(0x000000a2f5b00000,0x000000a2f5c00000)]
  0x000001f8676ca2c0 JavaThread "Bundle File Closer" daemon [_thread_blocked, id=23384, stack(0x000000a2f5f00000,0x000000a2f6000000)]
  0x000001f8679d00e0 JavaThread "SCR Component Actor" daemon [_thread_blocked, id=24128, stack(0x000000a2f6100000,0x000000a2f6200000)]
  0x000001f867cfd480 JavaThread "C1 CompilerThread1" daemon [_thread_blocked, id=24132, stack(0x000000a2f6200000,0x000000a2f6300000)]
  0x000001f867fc81d0 JavaThread "C1 CompilerThread2" daemon [_thread_blocked, id=24148, stack(0x000000a2f6400000,0x000000a2f6500000)]
  0x000001f867640e60 JavaThread "C1 CompilerThread3" daemon [_thread_blocked, id=24152, stack(0x000000a2f6500000,0x000000a2f6600000)]
  0x000001f8679cfbd0 JavaThread "Worker-JM" [_thread_blocked, id=24180, stack(0x000000a2f6900000,0x000000a2f6a00000)]
  0x000001f8679ce790 JavaThread "JNA Cleaner" daemon [_thread_blocked, id=24184, stack(0x000000a2f6600000,0x000000a2f6700000)]
  0x000001f8679d1010 JavaThread "Worker-0: Loading available Gradle versions" [_thread_blocked, id=24188, stack(0x000000a2f6a00000,0x000000a2f6b00000)]
  0x000001f8679d0b00 JavaThread "Worker-1" [_thread_blocked, id=24192, stack(0x000000a2f6b00000,0x000000a2f6c00000)]
  0x000001f8679d1520 JavaThread "Java indexing" daemon [_thread_blocked, id=24292, stack(0x000000a2f6d00000,0x000000a2f6e00000)]
  0x000001f8679cf1b0 JavaThread "Worker-2: Initialize Workspace" [_thread_blocked, id=24312, stack(0x000000a2f6e00000,0x000000a2f6f00000)]
  0x000001f8679cdd70 JavaThread "Worker-3" [_thread_blocked, id=24316, stack(0x000000a2f6f00000,0x000000a2f7000000)]
  0x000001f8679ce280 JavaThread "Thread-2" daemon [_thread_in_native, id=24320, stack(0x000000a2f7000000,0x000000a2f7100000)]
  0x000001f8688f6da0 JavaThread "Thread-3" daemon [_thread_in_native, id=24324, stack(0x000000a2f7100000,0x000000a2f7200000)]
  0x000001f8688f4f40 JavaThread "Thread-4" daemon [_thread_in_native, id=24328, stack(0x000000a2f7200000,0x000000a2f7300000)]
  0x000001f8688f6890 JavaThread "Thread-5" daemon [_thread_in_native, id=24332, stack(0x000000a2f7300000,0x000000a2f7400000)]
  0x000001f8688f72b0 JavaThread "Thread-6" daemon [_thread_in_native, id=24336, stack(0x000000a2f7400000,0x000000a2f7500000)]
  0x000001f8688f9110 JavaThread "Thread-7" daemon [_thread_in_native, id=24340, stack(0x000000a2f7500000,0x000000a2f7600000)]
  0x000001f8688f26c0 JavaThread "Thread-8" daemon [_thread_in_native, id=24344, stack(0x000000a2f7600000,0x000000a2f7700000)]
  0x000001f8688f77c0 JavaThread "Thread-9" daemon [_thread_in_native, id=24348, stack(0x000000a2f7700000,0x000000a2f7800000)]
  0x000001f8688f86f0 JavaThread "Thread-10" daemon [_thread_in_native, id=24352, stack(0x000000a2f7800000,0x000000a2f7900000)]
  0x000001f8688f9b30 JavaThread "Thread-11" daemon [_thread_in_native, id=24356, stack(0x000000a2f7900000,0x000000a2f7a00000)]
  0x000001f8688f3b00 JavaThread "Thread-12" daemon [_thread_in_native, id=24360, stack(0x000000a2f7a00000,0x000000a2f7b00000)]
  0x000001f8688f9620 JavaThread "Thread-13" daemon [_thread_in_native, id=24364, stack(0x000000a2f7b00000,0x000000a2f7c00000)]
  0x000001f8688f7cd0 JavaThread "Thread-14" daemon [_thread_in_native, id=24368, stack(0x000000a2f7c00000,0x000000a2f7d00000)]
  0x000001f8688f8c00 JavaThread "Thread-15" daemon [_thread_in_native, id=24372, stack(0x000000a2f7d00000,0x000000a2f7e00000)]
  0x000001f8688fa040 JavaThread "Thread-16" daemon [_thread_in_native, id=24376, stack(0x000000a2f7e00000,0x000000a2f7f00000)]
  0x000001f8688f5960 JavaThread "Thread-17" daemon [_thread_in_native, id=24380, stack(0x000000a2f7f00000,0x000000a2f8000000)]
  0x000001f8688f4520 JavaThread "Thread-18" daemon [_thread_in_native, id=24384, stack(0x000000a2f8000000,0x000000a2f8100000)]
  0x000001f8688f2bd0 JavaThread "pool-2-thread-1" [_thread_blocked, id=24396, stack(0x000000a2f8100000,0x000000a2f8200000)]
  0x000001f8688f81e0 JavaThread "Worker-4: Java indexing... " [_thread_blocked, id=24400, stack(0x000000a2f8200000,0x000000a2f8300000)]
  0x000001f8688f30e0 JavaThread "Worker-5" [_thread_blocked, id=24404, stack(0x000000a2f8300000,0x000000a2f8400000)]
  0x000001f8688f4a30 JavaThread "WorkspaceEventsHandler" [_thread_blocked, id=16952, stack(0x000000a2f8400000,0x000000a2f8500000)]
  0x000001f8688f5450 JavaThread "pool-1-thread-1" [_thread_blocked, id=21940, stack(0x000000a2f8500000,0x000000a2f8600000)]
  0x000001f869e144f0 JavaThread "LocalFile Deleter" daemon [_thread_blocked, id=11124, stack(0x000000a2f8600000,0x000000a2f8700000)]
  0x000001f867928500 JavaThread "C2 CompilerThread1" daemon [_thread_blocked, id=9004, stack(0x000000a2f8700000,0x000000a2f8800000)]
  0x000001f869e11c70 JavaThread "LocalFile Deleter" daemon [_thread_blocked, id=22016, stack(0x000000a2f8800000,0x000000a2f8900000)]
  0x000001f869e12180 JavaThread "Compiler Source File Reader" daemon [_thread_blocked, id=4728, stack(0x000000a2f8900000,0x000000a2f8a00000)]
  0x000001f869e10d40 JavaThread "Compiler Source File Reader" daemon [_thread_blocked, id=9272, stack(0x000000a2f8a00000,0x000000a2f8b00000)]
  0x000001f869e10320 JavaThread "Compiler Source File Reader" daemon [_thread_blocked, id=17120, stack(0x000000a2f8b00000,0x000000a2f8c00000)]
  0x000001f869e12690 JavaThread "Compiler Source File Reader" daemon [_thread_blocked, id=23892, stack(0x000000a2f8c00000,0x000000a2f8d00000)]
  0x000001f869e10830 JavaThread "Compiler Source File Reader" daemon [_thread_blocked, id=23812, stack(0x000000a2f8d00000,0x000000a2f8e00000)]
  0x000001f869e12ba0 JavaThread "Compiler Source File Reader" daemon [_thread_blocked, id=22844, stack(0x000000a2f8e00000,0x000000a2f8f00000)]
  0x000001f869e0f3f0 JavaThread "Compiler Source File Reader" daemon [_thread_blocked, id=20380, stack(0x000000a2f8f00000,0x000000a2f9000000)]
  0x000001f869e11760 JavaThread "Compiler Source File Reader" daemon [_thread_blocked, id=9368, stack(0x000000a2f9000000,0x000000a2f9100000)]
  0x000001f869e135c0 JavaThread "Compiler Source File Reader" daemon [_thread_blocked, id=18472, stack(0x000000a2f9100000,0x000000a2f9200000)]
  0x000001f869e130b0 JavaThread "Compiler Source File Reader" daemon [_thread_blocked, id=23924, stack(0x000000a2f9200000,0x000000a2f9300000)]
  0x000001f869e13ad0 JavaThread "Compiler Source File Reader" daemon [_thread_blocked, id=23264, stack(0x000000a2f9300000,0x000000a2f9400000)]
  0x000001f869e11250 JavaThread "Compiler Source File Reader" daemon [_thread_blocked, id=23344, stack(0x000000a2f9400000,0x000000a2f9500000)]
  0x000001f869e13fe0 JavaThread "Compiler Source File Reader" daemon [_thread_blocked, id=21324, stack(0x000000a2f9500000,0x000000a2f9600000)]
  0x000001f869e0f900 JavaThread "Compiler Processing Task" daemon [_thread_blocked, id=12524, stack(0x000000a2f9600000,0x000000a2f9700000)]
  0x000001f869e16d70 JavaThread "Compiler Class File Writer" daemon [_thread_blocked, id=24544, stack(0x000000a2f9700000,0x000000a2f9800000)]
  0x000001f869e14a00 JavaThread "Compiler Class File Writer" daemon [_thread_blocked, id=24540, stack(0x000000a2f9800000,0x000000a2f9900000)]
  0x000001f869e15420 JavaThread "Compiler Class File Writer" daemon [_thread_blocked, id=24536, stack(0x000000a2f9900000,0x000000a2f9a00000)]
  0x000001f869e14f10 JavaThread "Compiler Class File Writer" daemon [_thread_blocked, id=24512, stack(0x000000a2f9a00000,0x000000a2f9b00000)]
  0x000001f869e16860 JavaThread "Compiler Class File Writer" daemon [_thread_blocked, id=24488, stack(0x000000a2f9b00000,0x000000a2f9c00000)]
  0x000001f869e0fe10 JavaThread "Compiler Class File Writer" daemon [_thread_blocked, id=24484, stack(0x000000a2f9c00000,0x000000a2f9d00000)]
  0x000001f8688f6380 JavaThread "Compiler Class File Writer" daemon [_thread_blocked, id=24480, stack(0x000000a2f9d00000,0x000000a2f9e00000)]
  0x000001f8679cf6c0 JavaThread "Compiler Class File Writer" daemon [_thread_blocked, id=24508, stack(0x000000a2f9e00000,0x000000a2f9f00000)]
  0x000001f86ad077d0 JavaThread "Compiler Class File Writer" daemon [_thread_blocked, id=24420, stack(0x000000a2f9f00000,0x000000a2fa000000)]
  0x000001f86ad05460 JavaThread "Compiler Class File Writer" daemon [_thread_blocked, id=24416, stack(0x000000a2fa000000,0x000000a2fa100000)]
  0x000001f86ad06390 JavaThread "Compiler Class File Writer" daemon [_thread_blocked, id=24464, stack(0x000000a2f6300000,0x000000a2f6400000)]
  0x000001f86ad07ce0 JavaThread "Compiler Class File Writer" daemon [_thread_blocked, id=24476, stack(0x000000a2fa100000,0x000000a2fa200000)]
  0x000001f86ad05970 JavaThread "Compiler Class File Writer" daemon [_thread_blocked, id=24460, stack(0x000000a2fa200000,0x000000a2fa300000)]
  0x000001f86ad05e80 JavaThread "Compiler Class File Writer" daemon [_thread_blocked, id=24432, stack(0x000000a2fa300000,0x000000a2fa400000)]
  0x000001f86ad06db0 JavaThread "Keep-Alive-Timer" daemon [_thread_blocked, id=18872, stack(0x000000a2fa500000,0x000000a2fa600000)]

Other Threads:
  0x000001f84c209290 VMThread "VM Thread" [stack: 0x000000a2f4600000,0x000000a2f4700000] [id=23136]
  0x000001f8672867f0 WatcherThread [stack: 0x000000a2f5300000,0x000000a2f5400000] [id=23356]
  0x000001f84c192590 GCTaskThread "GC Thread#0" [stack: 0x000000a2f4500000,0x000000a2f4600000] [id=20248]
  0x000001f8677352b0 GCTaskThread "GC Thread#1" [stack: 0x000000a2f5400000,0x000000a2f5500000] [id=22736]
  0x000001f867c6a290 GCTaskThread "GC Thread#2" [stack: 0x000000a2f5500000,0x000000a2f5600000] [id=22624]
  0x000001f867c6a550 GCTaskThread "GC Thread#3" [stack: 0x000000a2f5600000,0x000000a2f5700000] [id=23520]
  0x000001f867c6a810 GCTaskThread "GC Thread#4" [stack: 0x000000a2f5700000,0x000000a2f5800000] [id=4164]
  0x000001f867c6aad0 GCTaskThread "GC Thread#5" [stack: 0x000000a2f5800000,0x000000a2f5900000] [id=23172]
  0x000001f8679d3c80 GCTaskThread "GC Thread#6" [stack: 0x000000a2f5c00000,0x000000a2f5d00000] [id=22764]
  0x000001f867821440 GCTaskThread "GC Thread#7" [stack: 0x000000a2f5d00000,0x000000a2f5e00000] [id=23268]
  0x000001f8676f8b90 GCTaskThread "GC Thread#8" [stack: 0x000000a2f5e00000,0x000000a2f5f00000] [id=23616]
  0x000001f8676f8e50 GCTaskThread "GC Thread#9" [stack: 0x000000a2f6000000,0x000000a2f6100000] [id=23620]
=>0x000001f867323070 GCTaskThread "GC Thread#10" [stack: 0x000000a2f6700000,0x000000a2f6800000] [id=24168]
  0x000001f86731ed40 GCTaskThread "GC Thread#11" [stack: 0x000000a2f6800000,0x000000a2f6900000] [id=24172]
  0x000001f86791e5e0 GCTaskThread "GC Thread#12" [stack: 0x000000a2f6c00000,0x000000a2f6d00000] [id=24236]

Threads with active compile tasks:
C2 CompilerThread0    26272 8660       4       org.eclipse.jdt.internal.core.search.indexing.AbstractIndexer::addMethodDeclaration (105 bytes)
C2 CompilerThread1    26272 8544 %     4       org.eclipse.jdt.internal.core.search.indexing.BinaryIndexer::extractReferenceFromConstantPool @ 15 (358 bytes)

VM state: at safepoint (normal execution)

VM Mutex/Monitor currently owned by a thread:  ([mutex/lock_event])
[0x000001f84c17c430] Threads_lock - owner thread: 0x000001f84c209290
[0x000001f84c17b080] Heap_lock - owner thread: 0x000001f8679d1010

Heap address: 0x00000000c0000000, size: 1024 MB, Compressed Oops mode: 32-bit

CDS archive(s) not mapped
Compressed class space mapped at: 0x0000000100000000-0x0000000140000000, reserved size: 1073741824
Narrow klass base: 0x0000000000000000, Narrow klass shift: 3, Narrow klass range: 0x140000000

GC Precious Log:
 CPUs: 16 total, 16 available
 Memory: 7812M
 Large Page Support: Disabled
 NUMA Support: Disabled
 Compressed Oops: Enabled (32-bit)
 Alignments: Space 512K, Generation 512K, Heap 2M
 Heap Min Capacity: 100M
 Heap Initial Capacity: 100M
 Heap Max Capacity: 1G
 Pre-touch: Disabled
 Parallel Workers: 13

Heap:
 PSYoungGen      total 30720K, used 25646K [0x00000000eab00000, 0x00000000ed180000, 0x0000000100000000)
  eden space 23040K, 100% used [0x00000000eab00000,0x00000000ec180000,0x00000000ec180000)
  from space 7680K, 33% used [0x00000000ec880000,0x00000000ecb0b840,0x00000000ed000000)
  to   space 7168K, 99% used [0x00000000ec180000,0x00000000ec87e0e0,0x00000000ec880000)
 ParOldGen       total 233984K, used 185069K [0x00000000c0000000, 0x00000000ce480000, 0x00000000eab00000)
  object space 233984K, 79% used [0x00000000c0000000,0x00000000cb4bb420,0x00000000ce480000)
 Metaspace       used 67480K, committed 68608K, reserved 1114112K
  class space    used 7212K, committed 7744K, reserved 1048576K

Card table byte_map: [0x000001f84bb40000,0x000001f84bd50000] _byte_map_base: 0x000001f84b540000

Marking Bits: (ParMarkBitMap*) 0x00007ff805966940
 Begin Bits: [0x000001f85de10000, 0x000001f85ee10000)
 End Bits:   [0x000001f85ee10000, 0x000001f85fe10000)

Polling page: 0x000001f84b930000

Metaspace:

Usage:
  Non-class:     58.86 MB used.
      Class:      7.04 MB used.
       Both:     65.90 MB used.

Virtual space:
  Non-class space:       64.00 MB reserved,      59.44 MB ( 93%) committed,  1 nodes.
      Class space:        1.00 GB reserved,       7.56 MB ( <1%) committed,  1 nodes.
             Both:        1.06 GB reserved,      67.00 MB (  6%) committed. 

Chunk freelists:
   Non-Class:  4.16 MB
       Class:  8.48 MB
        Both:  12.65 MB

MaxMetaspaceSize: unlimited
CompressedClassSpaceSize: 1.00 GB
Initial GC threshold: 21.00 MB
Current GC threshold: 110.62 MB
CDS: off
MetaspaceReclaimPolicy: balanced
 - commit_granule_bytes: 65536.
 - commit_granule_words: 8192.
 - virtual_space_node_default_size: 8388608.
 - enlarge_chunks_in_place: 1.
 - new_chunks_are_fully_committed: 0.
 - uncommit_free_chunks: 1.
 - use_allocation_guard: 0.
 - handle_deallocations: 1.


Internal statistics:

num_allocs_failed_limit: 6.
num_arena_births: 678.
num_arena_deaths: 28.
num_vsnodes_births: 2.
num_vsnodes_deaths: 0.
num_space_committed: 1072.
num_space_uncommitted: 0.
num_chunks_returned_to_freelist: 37.
num_chunks_taken_from_freelist: 3369.
num_chunk_merges: 14.
num_chunk_splits: 1992.
num_chunks_enlarged: 1059.
num_inconsistent_stats: 0.

CodeHeap 'non-profiled nmethods': size=119168Kb used=2531Kb max_used=2531Kb free=116636Kb
 bounds [0x000001f8569b0000, 0x000001f856c30000, 0x000001f85de10000]
CodeHeap 'profiled nmethods': size=119104Kb used=16054Kb max_used=16054Kb free=103049Kb
 bounds [0x000001f84ee10000, 0x000001f84fdc0000, 0x000001f856260000]
CodeHeap 'non-nmethods': size=7488Kb used=3083Kb max_used=3124Kb free=4404Kb
 bounds [0x000001f856260000, 0x000001f856580000, 0x000001f8569b0000]
 total_blobs=8190 nmethods=7448 adapters=653
 compilation: enabled
              stopped_count=0, restarted_count=0
 full_count=0

Compilation events (20 events):
Event: 26.190 Thread 0x000001f865128060 8719       1       org.eclipse.jdt.core.dom.ASTNode::getParent (5 bytes)
Event: 26.190 Thread 0x000001f867cfd480 8720       1       org.eclipse.jdt.core.dom.ASTNode::getStartPosition (5 bytes)
Event: 26.190 Thread 0x000001f865128060 nmethod 8719 0x000001f856c28510 code [0x000001f856c286a0, 0x000001f856c28778]
Event: 26.190 Thread 0x000001f867cfd480 nmethod 8720 0x000001f856c28810 code [0x000001f856c289a0, 0x000001f856c28a78]
Event: 26.190 Thread 0x000001f865128060 8721       1       org.eclipse.jdt.core.dom.ASTNode::getLength (5 bytes)
Event: 26.190 Thread 0x000001f867640e60 8722       2       org.eclipse.jdt.core.dom.DefaultCommentMapper::getLineNumber (54 bytes)
Event: 26.190 Thread 0x000001f865128060 nmethod 8721 0x000001f856c28b10 code [0x000001f856c28ca0, 0x000001f856c28d78]
Event: 26.191 Thread 0x000001f865128060 8723       2       java.util.Hashtable$Enumerator::<init> (51 bytes)
Event: 26.191 Thread 0x000001f867640e60 nmethod 8722 0x000001f84fdbb410 code [0x000001f84fdbb5c0, 0x000001f84fdbb768]
Event: 26.191 Thread 0x000001f865128060 nmethod 8723 0x000001f84fdbb910 code [0x000001f84fdbbaa0, 0x000001f84fdbbbf8]
Event: 26.192 Thread 0x000001f867640e60 8724       2       java.util.LinkedList::addAll (182 bytes)
Event: 26.192 Thread 0x000001f867640e60 nmethod 8724 0x000001f84fdbbd10 code [0x000001f84fdbbf00, 0x000001f84fdbc3f8]
Event: 26.197 Thread 0x000001f867cfd480 8725 %     3       java.lang.StringCoding::implEncodeAsciiArray @ 3 (47 bytes)
Event: 26.198 Thread 0x000001f867cfd480 nmethod 8725% 0x000001f84fdbc790 code [0x000001f84fdbc940, 0x000001f84fdbcc38]
Event: 26.198 Thread 0x000001f867fc81d0 8726       3       java.lang.StringCoding::implEncodeAsciiArray (47 bytes)
Event: 26.199 Thread 0x000001f867fc81d0 nmethod 8726 0x000001f84fdbcd90 code [0x000001f84fdbcf40, 0x000001f84fdbd178]
Event: 26.199 Thread 0x000001f867fc81d0 8727       2       java.io.File::<init> (78 bytes)
Event: 26.200 Thread 0x000001f867fc81d0 nmethod 8727 0x000001f84fdbd310 code [0x000001f84fdbd4a0, 0x000001f84fdbd628]
Event: 26.200 Thread 0x000001f867fc81d0 8728       2       java.nio.Buffer::clear (20 bytes)
Event: 26.200 Thread 0x000001f867fc81d0 nmethod 8728 0x000001f84fdbd710 code [0x000001f84fdbd8a0, 0x000001f84fdbd9b8]

GC Heap History (20 events):
Event: 25.462 GC heap after
{Heap after GC invocations=73 (full 6):
 PSYoungGen      total 21504K, used 6527K [0x00000000eab00000, 0x00000000ec680000, 0x0000000100000000)
  eden space 14848K, 0% used [0x00000000eab00000,0x00000000eab00000,0x00000000eb980000)
  from space 6656K, 98% used [0x00000000ec000000,0x00000000ec65fc38,0x00000000ec680000)
  to   space 6656K, 0% used [0x00000000eb980000,0x00000000eb980000,0x00000000ec000000)
 ParOldGen       total 184320K, used 158456K [0x00000000c0000000, 0x00000000cb400000, 0x00000000eab00000)
  object space 184320K, 85% used [0x00000000c0000000,0x00000000c9abe150,0x00000000cb400000)
 Metaspace       used 64641K, committed 65728K, reserved 1114112K
  class space    used 6875K, committed 7360K, reserved 1048576K
}
Event: 25.517 GC heap before
{Heap before GC invocations=74 (full 6):
 PSYoungGen      total 21504K, used 21375K [0x00000000eab00000, 0x00000000ec680000, 0x0000000100000000)
  eden space 14848K, 100% used [0x00000000eab00000,0x00000000eb980000,0x00000000eb980000)
  from space 6656K, 98% used [0x00000000ec000000,0x00000000ec65fc38,0x00000000ec680000)
  to   space 6656K, 0% used [0x00000000eb980000,0x00000000eb980000,0x00000000ec000000)
 ParOldGen       total 184320K, used 158456K [0x00000000c0000000, 0x00000000cb400000, 0x00000000eab00000)
  object space 184320K, 85% used [0x00000000c0000000,0x00000000c9abe150,0x00000000cb400000)
 Metaspace       used 64766K, committed 65856K, reserved 1114112K
  class space    used 6895K, committed 7360K, reserved 1048576K
}
Event: 25.527 GC heap after
{Heap after GC invocations=74 (full 6):
 PSYoungGen      total 21504K, used 6655K [0x00000000eab00000, 0x00000000ece00000, 0x0000000100000000)
  eden space 14848K, 0% used [0x00000000eab00000,0x00000000eab00000,0x00000000eb980000)
  from space 6656K, 99% used [0x00000000eb980000,0x00000000ebffff40,0x00000000ec000000)
  to   space 9728K, 0% used [0x00000000ec480000,0x00000000ec480000,0x00000000ece00000)
 ParOldGen       total 184320K, used 160642K [0x00000000c0000000, 0x00000000cb400000, 0x00000000eab00000)
  object space 184320K, 87% used [0x00000000c0000000,0x00000000c9ce09f8,0x00000000cb400000)
 Metaspace       used 64766K, committed 65856K, reserved 1114112K
  class space    used 6895K, committed 7360K, reserved 1048576K
}
Event: 25.565 GC heap before
{Heap before GC invocations=75 (full 6):
 PSYoungGen      total 21504K, used 21503K [0x00000000eab00000, 0x00000000ece00000, 0x0000000100000000)
  eden space 14848K, 100% used [0x00000000eab00000,0x00000000eb980000,0x00000000eb980000)
  from space 6656K, 99% used [0x00000000eb980000,0x00000000ebffff40,0x00000000ec000000)
  to   space 9728K, 0% used [0x00000000ec480000,0x00000000ec480000,0x00000000ece00000)
 ParOldGen       total 184320K, used 160642K [0x00000000c0000000, 0x00000000cb400000, 0x00000000eab00000)
  object space 184320K, 87% used [0x00000000c0000000,0x00000000c9ce09f8,0x00000000cb400000)
 Metaspace       used 65190K, committed 66304K, reserved 1114112K
  class space    used 6969K, committed 7424K, reserved 1048576K
}
Event: 25.574 GC heap after
{Heap after GC invocations=75 (full 6):
 PSYoungGen      total 20480K, used 3597K [0x00000000eab00000, 0x00000000ec880000, 0x0000000100000000)
  eden space 16384K, 0% used [0x00000000eab00000,0x00000000eab00000,0x00000000ebb00000)
  from space 4096K, 87% used [0x00000000ec480000,0x00000000ec8036d0,0x00000000ec880000)
  to   space 5632K, 0% used [0x00000000ebd80000,0x00000000ebd80000,0x00000000ec300000)
 ParOldGen       total 184320K, used 169526K [0x00000000c0000000, 0x00000000cb400000, 0x00000000eab00000)
  object space 184320K, 91% used [0x00000000c0000000,0x00000000ca58d898,0x00000000cb400000)
 Metaspace       used 65190K, committed 66304K, reserved 1114112K
  class space    used 6969K, committed 7424K, reserved 1048576K
}
Event: 25.614 GC heap before
{Heap before GC invocations=76 (full 6):
 PSYoungGen      total 20480K, used 19981K [0x00000000eab00000, 0x00000000ec880000, 0x0000000100000000)
  eden space 16384K, 100% used [0x00000000eab00000,0x00000000ebb00000,0x00000000ebb00000)
  from space 4096K, 87% used [0x00000000ec480000,0x00000000ec8036d0,0x00000000ec880000)
  to   space 5632K, 0% used [0x00000000ebd80000,0x00000000ebd80000,0x00000000ec300000)
 ParOldGen       total 184320K, used 169526K [0x00000000c0000000, 0x00000000cb400000, 0x00000000eab00000)
  object space 184320K, 91% used [0x00000000c0000000,0x00000000ca58d898,0x00000000cb400000)
 Metaspace       used 65458K, committed 66560K, reserved 1114112K
  class space    used 7011K, committed 7488K, reserved 1048576K
}
Event: 25.617 GC heap after
{Heap after GC invocations=76 (full 6):
 PSYoungGen      total 23552K, used 5624K [0x00000000eab00000, 0x00000000ec980000, 0x0000000100000000)
  eden space 17920K, 0% used [0x00000000eab00000,0x00000000eab00000,0x00000000ebc80000)
  from space 5632K, 99% used [0x00000000ebd80000,0x00000000ec2fe370,0x00000000ec300000)
  to   space 6656K, 0% used [0x00000000ec300000,0x00000000ec300000,0x00000000ec980000)
 ParOldGen       total 184320K, used 169954K [0x00000000c0000000, 0x00000000cb400000, 0x00000000eab00000)
  object space 184320K, 92% used [0x00000000c0000000,0x00000000ca5f8950,0x00000000cb400000)
 Metaspace       used 65458K, committed 66560K, reserved 1114112K
  class space    used 7011K, committed 7488K, reserved 1048576K
}
Event: 25.687 GC heap before
{Heap before GC invocations=77 (full 6):
 PSYoungGen      total 23552K, used 23544K [0x00000000eab00000, 0x00000000ec980000, 0x0000000100000000)
  eden space 17920K, 100% used [0x00000000eab00000,0x00000000ebc80000,0x00000000ebc80000)
  from space 5632K, 99% used [0x00000000ebd80000,0x00000000ec2fe370,0x00000000ec300000)
  to   space 6656K, 0% used [0x00000000ec300000,0x00000000ec300000,0x00000000ec980000)
 ParOldGen       total 184320K, used 169954K [0x00000000c0000000, 0x00000000cb400000, 0x00000000eab00000)
  object space 184320K, 92% used [0x00000000c0000000,0x00000000ca5f8950,0x00000000cb400000)
 Metaspace       used 65599K, committed 66688K, reserved 1114112K
  class space    used 7023K, committed 7488K, reserved 1048576K
}
Event: 25.692 GC heap after
{Heap after GC invocations=77 (full 6):
 PSYoungGen      total 24576K, used 6046K [0x00000000eab00000, 0x00000000ecb00000, 0x0000000100000000)
  eden space 17920K, 0% used [0x00000000eab00000,0x00000000eab00000,0x00000000ebc80000)
  from space 6656K, 90% used [0x00000000ec300000,0x00000000ec8e7830,0x00000000ec980000)
  to   space 6656K, 0% used [0x00000000ebc80000,0x00000000ebc80000,0x00000000ec300000)
 ParOldGen       total 184320K, used 172975K [0x00000000c0000000, 0x00000000cb400000, 0x00000000eab00000)
  object space 184320K, 93% used [0x00000000c0000000,0x00000000ca8ebcf8,0x00000000cb400000)
 Metaspace       used 65599K, committed 66688K, reserved 1114112K
  class space    used 7023K, committed 7488K, reserved 1048576K
}
Event: 25.757 GC heap before
{Heap before GC invocations=78 (full 6):
 PSYoungGen      total 24576K, used 23966K [0x00000000eab00000, 0x00000000ecb00000, 0x0000000100000000)
  eden space 17920K, 100% used [0x00000000eab00000,0x00000000ebc80000,0x00000000ebc80000)
  from space 6656K, 90% used [0x00000000ec300000,0x00000000ec8e7830,0x00000000ec980000)
  to   space 6656K, 0% used [0x00000000ebc80000,0x00000000ebc80000,0x00000000ec300000)
 ParOldGen       total 184320K, used 172975K [0x00000000c0000000, 0x00000000cb400000, 0x00000000eab00000)
  object space 184320K, 93% used [0x00000000c0000000,0x00000000ca8ebcf8,0x00000000cb400000)
 Metaspace       used 65885K, committed 66880K, reserved 1114112K
  class space    used 7052K, committed 7488K, reserved 1048576K
}
Event: 25.761 GC heap after
{Heap after GC invocations=78 (full 6):
 PSYoungGen      total 24576K, used 6654K [0x00000000eab00000, 0x00000000ed100000, 0x0000000100000000)
  eden space 17920K, 0% used [0x00000000eab00000,0x00000000eab00000,0x00000000ebc80000)
  from space 6656K, 99% used [0x00000000ebc80000,0x00000000ec2ffbd0,0x00000000ec300000)
  to   space 9728K, 0% used [0x00000000ec780000,0x00000000ec780000,0x00000000ed100000)
 ParOldGen       total 184320K, used 175318K [0x00000000c0000000, 0x00000000cb400000, 0x00000000eab00000)
  object space 184320K, 95% used [0x00000000c0000000,0x00000000cab35b10,0x00000000cb400000)
 Metaspace       used 65885K, committed 66880K, reserved 1114112K
  class space    used 7052K, committed 7488K, reserved 1048576K
}
Event: 25.799 GC heap before
{Heap before GC invocations=79 (full 6):
 PSYoungGen      total 24576K, used 24574K [0x00000000eab00000, 0x00000000ed100000, 0x0000000100000000)
  eden space 17920K, 100% used [0x00000000eab00000,0x00000000ebc80000,0x00000000ebc80000)
  from space 6656K, 99% used [0x00000000ebc80000,0x00000000ec2ffbd0,0x00000000ec300000)
  to   space 9728K, 0% used [0x00000000ec780000,0x00000000ec780000,0x00000000ed100000)
 ParOldGen       total 184320K, used 175318K [0x00000000c0000000, 0x00000000cb400000, 0x00000000eab00000)
  object space 184320K, 95% used [0x00000000c0000000,0x00000000cab35b10,0x00000000cb400000)
 Metaspace       used 65983K, committed 67136K, reserved 1114112K
  class space    used 7062K, committed 7552K, reserved 1048576K
}
Event: 25.806 GC heap after
{Heap after GC invocations=79 (full 6):
 PSYoungGen      total 25088K, used 5265K [0x00000000eab00000, 0x00000000ecd00000, 0x0000000100000000)
  eden space 19456K, 0% used [0x00000000eab00000,0x00000000eab00000,0x00000000ebe00000)
  from space 5632K, 93% used [0x00000000ec780000,0x00000000ecca45c8,0x00000000ecd00000)
  to   space 6656K, 0% used [0x00000000ec000000,0x00000000ec000000,0x00000000ec680000)
 ParOldGen       total 184320K, used 179380K [0x00000000c0000000, 0x00000000cb400000, 0x00000000eab00000)
  object space 184320K, 97% used [0x00000000c0000000,0x00000000caf2d0c8,0x00000000cb400000)
 Metaspace       used 65983K, committed 67136K, reserved 1114112K
  class space    used 7062K, committed 7552K, reserved 1048576K
}
Event: 25.839 GC heap before
{Heap before GC invocations=80 (full 6):
 PSYoungGen      total 25088K, used 24721K [0x00000000eab00000, 0x00000000ecd00000, 0x0000000100000000)
  eden space 19456K, 100% used [0x00000000eab00000,0x00000000ebe00000,0x00000000ebe00000)
  from space 5632K, 93% used [0x00000000ec780000,0x00000000ecca45c8,0x00000000ecd00000)
  to   space 6656K, 0% used [0x00000000ec000000,0x00000000ec000000,0x00000000ec680000)
 ParOldGen       total 184320K, used 179380K [0x00000000c0000000, 0x00000000cb400000, 0x00000000eab00000)
  object space 184320K, 97% used [0x00000000c0000000,0x00000000caf2d0c8,0x00000000cb400000)
 Metaspace       used 66106K, committed 67200K, reserved 1114112K
  class space    used 7073K, committed 7552K, reserved 1048576K
}
Event: 25.842 GC heap after
{Heap after GC invocations=80 (full 6):
 PSYoungGen      total 28160K, used 6655K [0x00000000eab00000, 0x00000000ed100000, 0x0000000100000000)
  eden space 21504K, 0% used [0x00000000eab00000,0x00000000eab00000,0x00000000ec000000)
  from space 6656K, 99% used [0x00000000ec000000,0x00000000ec67fcf8,0x00000000ec680000)
  to   space 8704K, 0% used [0x00000000ec880000,0x00000000ec880000,0x00000000ed100000)
 ParOldGen       total 184320K, used 180530K [0x00000000c0000000, 0x00000000cb400000, 0x00000000eab00000)
  object space 184320K, 97% used [0x00000000c0000000,0x00000000cb04c990,0x00000000cb400000)
 Metaspace       used 66106K, committed 67200K, reserved 1114112K
  class space    used 7073K, committed 7552K, reserved 1048576K
}
Event: 25.892 GC heap before
{Heap before GC invocations=81 (full 6):
 PSYoungGen      total 28160K, used 28159K [0x00000000eab00000, 0x00000000ed100000, 0x0000000100000000)
  eden space 21504K, 100% used [0x00000000eab00000,0x00000000ec000000,0x00000000ec000000)
  from space 6656K, 99% used [0x00000000ec000000,0x00000000ec67fcf8,0x00000000ec680000)
  to   space 8704K, 0% used [0x00000000ec880000,0x00000000ec880000,0x00000000ed100000)
 ParOldGen       total 184320K, used 180530K [0x00000000c0000000, 0x00000000cb400000, 0x00000000eab00000)
  object space 184320K, 97% used [0x00000000c0000000,0x00000000cb04c990,0x00000000cb400000)
 Metaspace       used 66251K, committed 67392K, reserved 1114112K
  class space    used 7093K, committed 7616K, reserved 1048576K
}
Event: 25.898 GC heap after
{Heap after GC invocations=81 (full 6):
 PSYoungGen      total 30720K, used 6146K [0x00000000eab00000, 0x00000000ed000000, 0x0000000100000000)
  eden space 23040K, 0% used [0x00000000eab00000,0x00000000eab00000,0x00000000ec180000)
  from space 7680K, 80% used [0x00000000ec880000,0x00000000ece80ad8,0x00000000ed000000)
  to   space 7168K, 0% used [0x00000000ec180000,0x00000000ec180000,0x00000000ec880000)
 ParOldGen       total 185344K, used 184862K [0x00000000c0000000, 0x00000000cb500000, 0x00000000eab00000)
  object space 185344K, 99% used [0x00000000c0000000,0x00000000cb487848,0x00000000cb500000)
 Metaspace       used 66251K, committed 67392K, reserved 1114112K
  class space    used 7093K, committed 7616K, reserved 1048576K
}
Event: 25.972 GC heap before
{Heap before GC invocations=82 (full 7):
 PSYoungGen      total 30720K, used 29186K [0x00000000eab00000, 0x00000000ed000000, 0x0000000100000000)
  eden space 23040K, 100% used [0x00000000eab00000,0x00000000ec180000,0x00000000ec180000)
  from space 7680K, 80% used [0x00000000ec880000,0x00000000ece80ad8,0x00000000ed000000)
  to   space 7168K, 0% used [0x00000000ec180000,0x00000000ec180000,0x00000000ec880000)
 ParOldGen       total 185344K, used 184862K [0x00000000c0000000, 0x00000000cb500000, 0x00000000eab00000)
  object space 185344K, 99% used [0x00000000c0000000,0x00000000cb487848,0x00000000cb500000)
 Metaspace       used 66900K, committed 67968K, reserved 1114112K
  class space    used 7147K, committed 7616K, reserved 1048576K
}
Event: 26.092 GC heap after
{Heap after GC invocations=82 (full 7):
 PSYoungGen      total 30720K, used 2606K [0x00000000eab00000, 0x00000000ed180000, 0x0000000100000000)
  eden space 23040K, 0% used [0x00000000eab00000,0x00000000eab00000,0x00000000ec180000)
  from space 7680K, 33% used [0x00000000ec880000,0x00000000ecb0b840,0x00000000ed000000)
  to   space 7168K, 0% used [0x00000000ec180000,0x00000000ec180000,0x00000000ec880000)
 ParOldGen       total 233984K, used 185014K [0x00000000c0000000, 0x00000000ce480000, 0x00000000eab00000)
  object space 233984K, 79% used [0x00000000c0000000,0x00000000cb4ada28,0x00000000ce480000)
 Metaspace       used 66900K, committed 67968K, reserved 1114112K
  class space    used 7147K, committed 7616K, reserved 1048576K
}
Event: 26.202 GC heap before
{Heap before GC invocations=83 (full 7):
 PSYoungGen      total 30720K, used 25646K [0x00000000eab00000, 0x00000000ed180000, 0x0000000100000000)
  eden space 23040K, 100% used [0x00000000eab00000,0x00000000ec180000,0x00000000ec180000)
  from space 7680K, 33% used [0x00000000ec880000,0x00000000ecb0b840,0x00000000ed000000)
  to   space 7168K, 0% used [0x00000000ec180000,0x00000000ec180000,0x00000000ec880000)
 ParOldGen       total 233984K, used 185014K [0x00000000c0000000, 0x00000000ce480000, 0x00000000eab00000)
  object space 233984K, 79% used [0x00000000c0000000,0x00000000cb4ada28,0x00000000ce480000)
 Metaspace       used 67480K, committed 68608K, reserved 1114112K
  class space    used 7212K, committed 7744K, reserved 1048576K
}

Dll operation events (12 events):
Event: 0.051 Loaded shared library c:\Users\ASUS\.vscode\extensions\redhat.java-1.37.0-win32-x64\jre\17.0.13-win32-x86_64\bin\java.dll
Event: 0.188 Loaded shared library c:\Users\ASUS\.vscode\extensions\redhat.java-1.37.0-win32-x64\jre\17.0.13-win32-x86_64\bin\zip.dll
Event: 0.191 Loaded shared library C:\Users\ASUS\.vscode\extensions\redhat.java-1.37.0-win32-x64\jre\17.0.13-win32-x86_64\bin\instrument.dll
Event: 0.209 Loaded shared library C:\Users\ASUS\.vscode\extensions\redhat.java-1.37.0-win32-x64\jre\17.0.13-win32-x86_64\bin\net.dll
Event: 0.211 Loaded shared library C:\Users\ASUS\.vscode\extensions\redhat.java-1.37.0-win32-x64\jre\17.0.13-win32-x86_64\bin\nio.dll
Event: 0.217 Loaded shared library C:\Users\ASUS\.vscode\extensions\redhat.java-1.37.0-win32-x64\jre\17.0.13-win32-x86_64\bin\zip.dll
Event: 0.238 Loaded shared library C:\Users\ASUS\.vscode\extensions\redhat.java-1.37.0-win32-x64\jre\17.0.13-win32-x86_64\bin\jimage.dll
Event: 0.311 Loaded shared library c:\Users\ASUS\.vscode\extensions\redhat.java-1.37.0-win32-x64\jre\17.0.13-win32-x86_64\bin\verify.dll
Event: 5.121 Loaded shared library C:\Users\ASUS\AppData\Roaming\Code\User\globalStorage\redhat.java\1.37.0\config_win\org.eclipse.equinox.launcher\org.eclipse.equinox.launcher.win32.win32.x86_64_1.2.1100.v20240722-2106\eclipse_11904.dll
Event: 17.845 Loaded shared library C:\Users\ASUS\AppData\Local\Temp\jna-2018896\jna2412911663964319435.dll
Event: 25.151 Loaded shared library C:\Users\ASUS\.vscode\extensions\redhat.java-1.37.0-win32-x64\jre\17.0.13-win32-x86_64\bin\sunmscapi.dll
Event: 25.410 Loaded shared library C:\Users\ASUS\.vscode\extensions\redhat.java-1.37.0-win32-x64\jre\17.0.13-win32-x86_64\bin\extnet.dll

Deoptimization events (20 events):
Event: 26.143 Thread 0x000001f8679cf1b0 DEOPT PACKING pc=0x000001f84f61f621 sp=0x000000a2f6efcbc0
Event: 26.143 Thread 0x000001f8679cf1b0 DEOPT UNPACKING pc=0x000001f8562b6e43 sp=0x000000a2f6efc060 mode 0
Event: 26.146 Thread 0x000001f8679d1520 Uncommon trap: trap_request=0xffffff6e fr.pc=0x000001f856c1f674 relative=0x0000000000007194
Event: 26.146 Thread 0x000001f8679d1520 Uncommon trap: reason=loop_limit_check action=maybe_recompile pc=0x000001f856c1f674 method=org.eclipse.jdt.internal.compiler.util.HashtableOfObject.rehash()V @ 56 c2
Event: 26.146 Thread 0x000001f8679d1520 DEOPT PACKING pc=0x000001f856c1f674 sp=0x000000a2f6dfe650
Event: 26.146 Thread 0x000001f8679d1520 DEOPT UNPACKING pc=0x000001f8562b66a3 sp=0x000000a2f6dfe1d8 mode 2
Event: 26.153 Thread 0x000001f8679d1010 DEOPT PACKING pc=0x000001f84fda33a0 sp=0x000000a2f6afe1f0
Event: 26.153 Thread 0x000001f8679d1010 DEOPT UNPACKING pc=0x000001f8562b6e43 sp=0x000000a2f6afd620 mode 0
Event: 26.153 Thread 0x000001f8679d1010 DEOPT PACKING pc=0x000001f84fda33a0 sp=0x000000a2f6afe1f0
Event: 26.153 Thread 0x000001f8679d1010 DEOPT UNPACKING pc=0x000001f8562b6e43 sp=0x000000a2f6afd620 mode 0
Event: 26.155 Thread 0x000001f8679cf1b0 DEOPT PACKING pc=0x000001f84f0ef0e4 sp=0x000000a2f6efb9c0
Event: 26.155 Thread 0x000001f8679cf1b0 DEOPT UNPACKING pc=0x000001f8562b6e43 sp=0x000000a2f6efaf40 mode 0
Event: 26.162 Thread 0x000001f8679d1010 DEOPT PACKING pc=0x000001f84fda5eb4 sp=0x000000a2f6afe260
Event: 26.162 Thread 0x000001f8679d1010 DEOPT UNPACKING pc=0x000001f8562b6e43 sp=0x000000a2f6afd6f0 mode 0
Event: 26.178 Thread 0x000001f8679d1520 DEOPT PACKING pc=0x000001f84fd02434 sp=0x000000a2f6dfedf0
Event: 26.178 Thread 0x000001f8679d1520 DEOPT UNPACKING pc=0x000001f8562b6e43 sp=0x000000a2f6dfe368 mode 0
Event: 26.178 Thread 0x000001f8679cf1b0 DEOPT PACKING pc=0x000001f84f61f621 sp=0x000000a2f6efd870
Event: 26.178 Thread 0x000001f8679cf1b0 DEOPT UNPACKING pc=0x000001f8562b6e43 sp=0x000000a2f6efcd10 mode 0
Event: 26.187 Thread 0x000001f8679d1520 DEOPT PACKING pc=0x000001f84fc965e0 sp=0x000000a2f6dfe660
Event: 26.187 Thread 0x000001f8679d1520 DEOPT UNPACKING pc=0x000001f8562b6e43 sp=0x000000a2f6dfdbc8 mode 0

Classes loaded (20 events):
Event: 26.142 Loading class sun/net/www/http/KeepAliveStream
Event: 26.142 Loading class sun/net/www/http/Hurryable
Event: 26.142 Loading class sun/net/www/http/Hurryable done
Event: 26.142 Loading class sun/net/www/MeteredStream
Event: 26.143 Loading class sun/net/www/MeteredStream done
Event: 26.144 Loading class sun/net/www/http/KeepAliveStream done
Event: 26.144 Loading class sun/net/www/http/KeepAliveStreamCleaner
Event: 26.144 Loading class sun/net/www/http/KeepAliveStreamCleaner done
Event: 26.146 Loading class sun/net/www/http/KeepAliveStreamCleaner$1
Event: 26.146 Loading class sun/net/www/http/KeepAliveStreamCleaner$1 done
Event: 26.146 Loading class sun/net/www/http/KeepAliveStreamCleaner$2
Event: 26.146 Loading class sun/net/www/http/KeepAliveStreamCleaner$2 done
Event: 26.146 Loading class sun/net/www/protocol/http/HttpURLConnection$HttpInputStream
Event: 26.147 Loading class sun/net/www/protocol/http/HttpURLConnection$HttpInputStream done
Event: 26.175 Loading class sun/net/www/http/KeepAliveCache$1
Event: 26.175 Loading class sun/net/www/http/KeepAliveCache$1 done
Event: 26.176 Loading class sun/net/www/http/ClientVector
Event: 26.177 Loading class sun/net/www/http/ClientVector done
Event: 26.178 Loading class sun/net/www/http/KeepAliveEntry
Event: 26.178 Loading class sun/net/www/http/KeepAliveEntry done

Classes unloaded (14 events):
Event: 19.592 Thread 0x000001f84c209290 Unloading class 0x0000000100250000 'java/lang/invoke/LambdaForm$MH+0x0000000100250000'
Event: 19.592 Thread 0x000001f84c209290 Unloading class 0x000000010024fc00 'java/lang/invoke/LambdaForm$MH+0x000000010024fc00'
Event: 19.592 Thread 0x000001f84c209290 Unloading class 0x000000010024f800 'java/lang/invoke/LambdaForm$MH+0x000000010024f800'
Event: 19.592 Thread 0x000001f84c209290 Unloading class 0x000000010024f400 'java/lang/invoke/LambdaForm$MH+0x000000010024f400'
Event: 19.592 Thread 0x000001f84c209290 Unloading class 0x000000010024f000 'java/lang/invoke/LambdaForm$BMH+0x000000010024f000'
Event: 19.592 Thread 0x000001f84c209290 Unloading class 0x000000010024ec00 'java/lang/invoke/LambdaForm$DMH+0x000000010024ec00'
Event: 19.592 Thread 0x000001f84c209290 Unloading class 0x000000010024c400 'java/lang/invoke/LambdaForm$DMH+0x000000010024c400'
Event: 22.252 Thread 0x000001f84c209290 Unloading class 0x0000000100404800 'java/lang/invoke/LambdaForm$MH+0x0000000100404800'
Event: 22.252 Thread 0x000001f84c209290 Unloading class 0x0000000100403c00 'java/lang/invoke/LambdaForm$MH+0x0000000100403c00'
Event: 22.252 Thread 0x000001f84c209290 Unloading class 0x0000000100403400 'java/lang/invoke/LambdaForm$MH+0x0000000100403400'
Event: 22.252 Thread 0x000001f84c209290 Unloading class 0x0000000100402c00 'java/lang/invoke/LambdaForm$MH+0x0000000100402c00'
Event: 22.252 Thread 0x000001f84c209290 Unloading class 0x0000000100402800 'java/lang/invoke/LambdaForm$DMH+0x0000000100402800'
Event: 22.252 Thread 0x000001f84c209290 Unloading class 0x0000000100401c00 'java/lang/invoke/LambdaForm$MH+0x0000000100401c00'
Event: 22.252 Thread 0x000001f84c209290 Unloading class 0x0000000100401800 'java/lang/invoke/LambdaForm$MH+0x0000000100401800'

Classes redefined (0 events):
No events

Internal exceptions (20 events):
Event: 25.743 Thread 0x000001f8679cf1b0 Exception <a 'sun/nio/fs/WindowsException'{0x00000000eb740570}> (0x00000000eb740570) 
thrown [s\src\hotspot\share\prims\jni.cpp, line 516]
Event: 25.743 Thread 0x000001f8679cf1b0 Exception <a 'sun/nio/fs/WindowsException'{0x00000000eb744330}> (0x00000000eb744330) 
thrown [s\src\hotspot\share\prims\jni.cpp, line 516]
Event: 25.743 Thread 0x000001f8679cf1b0 Exception <a 'sun/nio/fs/WindowsException'{0x00000000eb747970}> (0x00000000eb747970) 
thrown [s\src\hotspot\share\prims\jni.cpp, line 516]
Event: 25.743 Thread 0x000001f8679cf1b0 Exception <a 'sun/nio/fs/WindowsException'{0x00000000eb74ad30}> (0x00000000eb74ad30) 
thrown [s\src\hotspot\share\prims\jni.cpp, line 516]
Event: 25.744 Thread 0x000001f8679cf1b0 Exception <a 'sun/nio/fs/WindowsException'{0x00000000eb79ef90}> (0x00000000eb79ef90) 
thrown [s\src\hotspot\share\prims\jni.cpp, line 516]
Event: 25.744 Thread 0x000001f8679cf1b0 Exception <a 'sun/nio/fs/WindowsException'{0x00000000eb7a2ad0}> (0x00000000eb7a2ad0) 
thrown [s\src\hotspot\share\prims\jni.cpp, line 516]
Event: 25.744 Thread 0x000001f8679cf1b0 Exception <a 'sun/nio/fs/WindowsException'{0x00000000eb7a5e90}> (0x00000000eb7a5e90) 
thrown [s\src\hotspot\share\prims\jni.cpp, line 516]
Event: 25.745 Thread 0x000001f8679cf1b0 Exception <a 'sun/nio/fs/WindowsException'{0x00000000eb7a8fd0}> (0x00000000eb7a8fd0) 
thrown [s\src\hotspot\share\prims\jni.cpp, line 516]
Event: 25.745 Thread 0x000001f8679cf1b0 Exception <a 'sun/nio/fs/WindowsException'{0x00000000eb7abe90}> (0x00000000eb7abe90) 
thrown [s\src\hotspot\share\prims\jni.cpp, line 516]
Event: 25.745 Thread 0x000001f8679cf1b0 Exception <a 'sun/nio/fs/WindowsException'{0x00000000eb83e318}> (0x00000000eb83e318) 
thrown [s\src\hotspot\share\prims\jni.cpp, line 516]
Event: 25.745 Thread 0x000001f8679cf1b0 Exception <a 'sun/nio/fs/WindowsException'{0x00000000eb842b00}> (0x00000000eb842b00) 
thrown [s\src\hotspot\share\prims\jni.cpp, line 516]
Event: 25.746 Thread 0x000001f8679cf1b0 Exception <a 'sun/nio/fs/WindowsException'{0x00000000eb845768}> (0x00000000eb845768) 
thrown [s\src\hotspot\share\prims\jni.cpp, line 516]
Event: 25.747 Thread 0x000001f8679cf1b0 Exception <a 'sun/nio/fs/WindowsException'{0x00000000eb848c18}> (0x00000000eb848c18) 
thrown [s\src\hotspot\share\prims\jni.cpp, line 516]
Event: 25.747 Thread 0x000001f8679cf1b0 Exception <a 'sun/nio/fs/WindowsException'{0x00000000eb84bb10}> (0x00000000eb84bb10) 
thrown [s\src\hotspot\share\prims\jni.cpp, line 516]
Event: 25.748 Thread 0x000001f8679cf1b0 Exception <a 'sun/nio/fs/WindowsException'{0x00000000eb84e9b0}> (0x00000000eb84e9b0) 
thrown [s\src\hotspot\share\prims\jni.cpp, line 516]
Event: 25.748 Thread 0x000001f8679cf1b0 Exception <a 'sun/nio/fs/WindowsException'{0x00000000eb851900}> (0x00000000eb851900) 
thrown [s\src\hotspot\share\prims\jni.cpp, line 516]
Event: 25.749 Thread 0x000001f8679cf1b0 Exception <a 'sun/nio/fs/WindowsException'{0x00000000eb854a08}> (0x00000000eb854a08) 
thrown [s\src\hotspot\share\prims\jni.cpp, line 516]
Event: 25.749 Thread 0x000001f8679cf1b0 Exception <a 'sun/nio/fs/WindowsException'{0x00000000eb8573c0}> (0x00000000eb8573c0) 
thrown [s\src\hotspot\share\prims\jni.cpp, line 516]
Event: 25.749 Thread 0x000001f8679cf1b0 Exception <a 'sun/nio/fs/WindowsException'{0x00000000eb89f560}> (0x00000000eb89f560) 
thrown [s\src\hotspot\share\prims\jni.cpp, line 516]
Event: 26.194 Thread 0x000001f8679d1010 Exception <a 'java/lang/NoSuchMethodError'{0x00000000ec002e20}: 'void java.lang.invoke.DirectMethodHandle$Holder.invokeStaticInit(java.lang.Object, java.lang.Object, java.lang.Object, java.lang.Object)'> (0x00000000ec002e20) 
thrown [s\src\hotspot\share\interpreter\linkResolver.cpp, line 759]

VM Operations (20 events):
Event: 25.806 Executing VM operation: ParallelGCFailedAllocation done
Event: 25.838 Executing VM operation: ParallelGCFailedAllocation
Event: 25.842 Executing VM operation: ParallelGCFailedAllocation done
Event: 25.892 Executing VM operation: ParallelGCFailedAllocation
Event: 25.898 Executing VM operation: ParallelGCFailedAllocation done
Event: 25.972 Executing VM operation: ParallelGCFailedAllocation
Event: 26.092 Executing VM operation: ParallelGCFailedAllocation done
Event: 26.095 Executing VM operation: HandshakeAllThreads
Event: 26.095 Executing VM operation: HandshakeAllThreads done
Event: 26.096 Executing VM operation: HandshakeAllThreads
Event: 26.096 Executing VM operation: HandshakeAllThreads done
Event: 26.108 Executing VM operation: HandshakeAllThreads
Event: 26.108 Executing VM operation: HandshakeAllThreads done
Event: 26.144 Executing VM operation: HandshakeAllThreads
Event: 26.144 Executing VM operation: HandshakeAllThreads done
Event: 26.145 Executing VM operation: HandshakeAllThreads
Event: 26.145 Executing VM operation: HandshakeAllThreads done
Event: 26.177 Executing VM operation: HandshakeAllThreads
Event: 26.178 Executing VM operation: HandshakeAllThreads done
Event: 26.201 Executing VM operation: ParallelGCFailedAllocation

Memory protections (0 events):
No events

Nmethod flushes (20 events):
Event: 22.009 Thread 0x000001f865155270 flushing  nmethod 0x000001f84f9e3710
Event: 22.009 Thread 0x000001f865155270 flushing  nmethod 0x000001f84f9e4d90
Event: 22.009 Thread 0x000001f865155270 flushing  nmethod 0x000001f84f9e6290
Event: 22.009 Thread 0x000001f865155270 flushing  nmethod 0x000001f84f9e7110
Event: 22.009 Thread 0x000001f865155270 flushing  nmethod 0x000001f84f9ee410
Event: 22.009 Thread 0x000001f865155270 flushing  nmethod 0x000001f84f9ef210
Event: 22.009 Thread 0x000001f865155270 flushing  nmethod 0x000001f84f9ef990
Event: 22.009 Thread 0x000001f865155270 flushing  nmethod 0x000001f84f9efe10
Event: 22.009 Thread 0x000001f865155270 flushing  nmethod 0x000001f84f9fe910
Event: 22.009 Thread 0x000001f865155270 flushing  nmethod 0x000001f84fa04810
Event: 22.009 Thread 0x000001f865155270 flushing  nmethod 0x000001f84fa21210
Event: 22.009 Thread 0x000001f865155270 flushing  nmethod 0x000001f84fa43410
Event: 22.010 Thread 0x000001f865155270 flushing  nmethod 0x000001f84fa45610
Event: 22.010 Thread 0x000001f865155270 flushing  nmethod 0x000001f84fa45a90
Event: 22.010 Thread 0x000001f865155270 flushing  nmethod 0x000001f84fa4ad10
Event: 22.010 Thread 0x000001f865155270 flushing  nmethod 0x000001f84fa4d090
Event: 22.010 Thread 0x000001f865155270 flushing  nmethod 0x000001f84fa4da90
Event: 22.010 Thread 0x000001f865155270 flushing  nmethod 0x000001f84fa4fe90
Event: 22.010 Thread 0x000001f865155270 flushing  nmethod 0x000001f84faa4110
Event: 22.010 Thread 0x000001f865155270 flushing  nmethod 0x000001f84faa4590

Events (20 events):
Event: 22.069 Thread 0x000001f869e135c0 Thread added: 0x000001f869e13fe0
Event: 22.983 Thread 0x000001f8679cdd70 Thread added: 0x000001f869e0f900
Event: 23.660 Thread 0x000001f8679cdd70 Thread added: 0x000001f869e16d70
Event: 23.682 Thread 0x000001f8679cdd70 Thread added: 0x000001f869e14a00
Event: 23.684 Thread 0x000001f8679cdd70 Thread added: 0x000001f869e15420
Event: 23.737 Thread 0x000001f8679cdd70 Thread added: 0x000001f869e14f10
Event: 23.743 Thread 0x000001f8679cdd70 Thread added: 0x000001f869e16860
Event: 23.749 Thread 0x000001f8679cdd70 Thread added: 0x000001f869e0fe10
Event: 23.756 Thread 0x000001f8679cdd70 Thread added: 0x000001f8688f6380
Event: 23.787 Thread 0x000001f8679cdd70 Thread added: 0x000001f8679cf6c0
Event: 23.791 Thread 0x000001f8679cdd70 Thread added: 0x000001f86ad077d0
Event: 23.794 Thread 0x000001f8679cdd70 Thread added: 0x000001f86ad05460
Event: 23.807 Thread 0x000001f8679d05f0 Thread exited: 0x000001f8679d05f0
Event: 23.814 Thread 0x000001f8679cdd70 Thread added: 0x000001f86ad06390
Event: 23.823 Thread 0x000001f8679cdd70 Thread added: 0x000001f86ad07ce0
Event: 23.829 Thread 0x000001f8679cdd70 Thread added: 0x000001f86ad05970
Event: 23.838 Thread 0x000001f8679cdd70 Thread added: 0x000001f86ad05e80
Event: 26.097 Thread 0x000001f8679d1010 Thread added: 0x000001f86ad04a40
Event: 26.098 Thread 0x000001f86ad04a40 Thread exited: 0x000001f86ad04a40
Event: 26.176 Thread 0x000001f8679d1010 Thread added: 0x000001f86ad06db0


Dynamic libraries:
0x00007ff784680000 - 0x00007ff78468e000 	c:\Users\ASUS\.vscode\extensions\redhat.java-1.37.0-win32-x64\jre\17.0.13-win32-x86_64\bin\java.exe
0x00007ff89ad10000 - 0x00007ff89af27000 	C:\Windows\SYSTEM32\ntdll.dll
0x00007ff898de0000 - 0x00007ff898ea4000 	C:\Windows\System32\KERNEL32.DLL
0x00007ff898240000 - 0x00007ff8985fa000 	C:\Windows\System32\KERNELBASE.dll
0x00007ff898600000 - 0x00007ff898711000 	C:\Windows\System32\ucrtbase.dll
0x00007ff866520000 - 0x00007ff866537000 	c:\Users\ASUS\.vscode\extensions\redhat.java-1.37.0-win32-x64\jre\17.0.13-win32-x86_64\bin\jli.dll
0x00007ff8995b0000 - 0x00007ff89975e000 	C:\Windows\System32\USER32.dll
0x00007ff866970000 - 0x00007ff86698e000 	c:\Users\ASUS\.vscode\extensions\redhat.java-1.37.0-win32-x64\jre\17.0.13-win32-x86_64\bin\VCRUNTIME140.dll
0x00007ff897320000 - 0x00007ff8975b2000 	C:\Windows\WinSxS\amd64_microsoft.windows.common-controls_6595b64144ccf1df_6.0.22621.4541_none_2710d1c57384c085\COMCTL32.dll
0x00007ff898940000 - 0x00007ff898966000 	C:\Windows\System32\win32u.dll
0x00007ff89ac40000 - 0x00007ff89ac69000 	C:\Windows\System32\GDI32.dll
0x00007ff899860000 - 0x00007ff899907000 	C:\Windows\System32\msvcrt.dll
0x00007ff898720000 - 0x00007ff89883b000 	C:\Windows\System32\gdi32full.dll
0x00007ff898970000 - 0x00007ff898a0a000 	C:\Windows\System32\msvcp_win.dll
0x00007ff89a390000 - 0x00007ff89a3c1000 	C:\Windows\System32\IMM32.DLL
0x00007ff88f970000 - 0x00007ff88f97c000 	c:\Users\ASUS\.vscode\extensions\redhat.java-1.37.0-win32-x64\jre\17.0.13-win32-x86_64\bin\vcruntime140_1.dll
0x00007ff84da70000 - 0x00007ff84dafd000 	c:\Users\ASUS\.vscode\extensions\redhat.java-1.37.0-win32-x64\jre\17.0.13-win32-x86_64\bin\msvcp140.dll
0x00007ff804dc0000 - 0x00007ff805a2b000 	c:\Users\ASUS\.vscode\extensions\redhat.java-1.37.0-win32-x64\jre\17.0.13-win32-x86_64\bin\server\jvm.dll
0x00007ff89a2d0000 - 0x00007ff89a382000 	C:\Windows\System32\ADVAPI32.dll
0x00007ff89a5c0000 - 0x00007ff89a667000 	C:\Windows\System32\sechost.dll
0x00007ff897fe0000 - 0x00007ff898008000 	C:\Windows\System32\bcrypt.dll
0x00007ff898fb0000 - 0x00007ff8990c4000 	C:\Windows\System32\RPCRT4.dll
0x00007ff89a540000 - 0x00007ff89a5b1000 	C:\Windows\System32\WS2_32.dll
0x00007ff8978f0000 - 0x00007ff89793d000 	C:\Windows\SYSTEM32\POWRPROF.dll
0x00007ff891940000 - 0x00007ff891974000 	C:\Windows\SYSTEM32\WINMM.dll
0x00007ff87f6d0000 - 0x00007ff87f6da000 	C:\Windows\SYSTEM32\VERSION.dll
0x00007ff8977a0000 - 0x00007ff8977b3000 	C:\Windows\SYSTEM32\UMPDC.dll
0x00007ff8967f0000 - 0x00007ff896808000 	C:\Windows\SYSTEM32\kernel.appcore.dll
0x00007ff885420000 - 0x00007ff88542a000 	c:\Users\ASUS\.vscode\extensions\redhat.java-1.37.0-win32-x64\jre\17.0.13-win32-x86_64\bin\jimage.dll
0x00007ff897940000 - 0x00007ff897b72000 	C:\Windows\SYSTEM32\DBGHELP.DLL
0x00007ff898a30000 - 0x00007ff898dbf000 	C:\Windows\System32\combase.dll
0x00007ff89ab60000 - 0x00007ff89ac37000 	C:\Windows\System32\OLEAUT32.dll
0x00007ff8977e0000 - 0x00007ff897812000 	C:\Windows\SYSTEM32\dbgcore.DLL
0x00007ff898840000 - 0x00007ff8988bb000 	C:\Windows\System32\bcryptPrimitives.dll
0x00007ff880190000 - 0x00007ff88019e000 	c:\Users\ASUS\.vscode\extensions\redhat.java-1.37.0-win32-x64\jre\17.0.13-win32-x86_64\bin\instrument.dll
0x00007ff8660f0000 - 0x00007ff866115000 	c:\Users\ASUS\.vscode\extensions\redhat.java-1.37.0-win32-x64\jre\17.0.13-win32-x86_64\bin\java.dll
0x00007ff862a50000 - 0x00007ff862a68000 	c:\Users\ASUS\.vscode\extensions\redhat.java-1.37.0-win32-x64\jre\17.0.13-win32-x86_64\bin\zip.dll
0x00007ff8999a0000 - 0x00007ff89a218000 	C:\Windows\System32\SHELL32.dll
0x00007ff895620000 - 0x00007ff895f28000 	C:\Windows\SYSTEM32\windows.storage.dll
0x00007ff8954c0000 - 0x00007ff8955ff000 	C:\Windows\SYSTEM32\wintypes.dll
0x00007ff8990d0000 - 0x00007ff8991ca000 	C:\Windows\System32\SHCORE.dll
0x00007ff89ac70000 - 0x00007ff89acce000 	C:\Windows\System32\shlwapi.dll
0x00007ff897f10000 - 0x00007ff897f3b000 	C:\Windows\SYSTEM32\profapi.dll
0x00007ff85fc80000 - 0x00007ff85fc99000 	C:\Users\ASUS\.vscode\extensions\redhat.java-1.37.0-win32-x64\jre\17.0.13-win32-x86_64\bin\net.dll
0x00007ff892e90000 - 0x00007ff892fc6000 	C:\Windows\SYSTEM32\WINHTTP.dll
0x00007ff896df0000 - 0x00007ff896e59000 	C:\Windows\system32\mswsock.dll
0x00007ff85fc60000 - 0x00007ff85fc76000 	C:\Users\ASUS\.vscode\extensions\redhat.java-1.37.0-win32-x64\jre\17.0.13-win32-x86_64\bin\nio.dll
0x00007ff87ff70000 - 0x00007ff87ff80000 	c:\Users\ASUS\.vscode\extensions\redhat.java-1.37.0-win32-x64\jre\17.0.13-win32-x86_64\bin\verify.dll
0x00007ff84d590000 - 0x00007ff84d5d5000 	C:\Users\ASUS\AppData\Roaming\Code\User\globalStorage\redhat.java\1.37.0\config_win\org.eclipse.equinox.launcher\org.eclipse.equinox.launcher.win32.win32.x86_64_1.2.1100.v20240722-2106\eclipse_11904.dll
0x00007ff8991d0000 - 0x00007ff899375000 	C:\Windows\System32\ole32.dll
0x00007ff897c80000 - 0x00007ff897c9b000 	C:\Windows\SYSTEM32\CRYPTSP.dll
0x00007ff896750000 - 0x00007ff896785000 	C:\Windows\system32\rsaenh.dll
0x00007ff897050000 - 0x00007ff897078000 	C:\Windows\SYSTEM32\USERENV.dll
0x00007ff897120000 - 0x00007ff89712c000 	C:\Windows\SYSTEM32\CRYPTBASE.dll
0x00007ff8961c0000 - 0x00007ff8961ed000 	C:\Windows\SYSTEM32\IPHLPAPI.DLL
0x00007ff8995a0000 - 0x00007ff8995a9000 	C:\Windows\System32\NSI.dll
0x00007ff891850000 - 0x00007ff891869000 	C:\Windows\SYSTEM32\dhcpcsvc6.DLL
0x00007ff891790000 - 0x00007ff8917af000 	C:\Windows\SYSTEM32\dhcpcsvc.DLL
0x00007ff8961f0000 - 0x00007ff8962f2000 	C:\Windows\SYSTEM32\DNSAPI.dll
0x00007ff84de80000 - 0x00007ff84dec9000 	C:\Users\ASUS\AppData\Local\Temp\jna-2018896\jna2412911663964319435.dll
0x00007ff899910000 - 0x00007ff899918000 	C:\Windows\System32\PSAPI.DLL
0x00007ff87ff30000 - 0x00007ff87ff3e000 	C:\Users\ASUS\.vscode\extensions\redhat.java-1.37.0-win32-x64\jre\17.0.13-win32-x86_64\bin\sunmscapi.dll
0x00007ff898010000 - 0x00007ff898176000 	C:\Windows\System32\CRYPT32.dll
0x00007ff897200000 - 0x00007ff89722d000 	C:\Windows\SYSTEM32\ncrypt.dll
0x00007ff8971c0000 - 0x00007ff8971f7000 	C:\Windows\SYSTEM32\NTASN1.dll
0x0000000060ec0000 - 0x0000000060ee6000 	C:\Program Files\Bonjour\mdnsNSP.dll
0x00007ff88fca0000 - 0x00007ff88fcaa000 	C:\Windows\System32\rasadhlp.dll
0x00007ff88f410000 - 0x00007ff88f493000 	C:\Windows\System32\fwpuclnt.dll
0x00007ff87ff20000 - 0x00007ff87ff29000 	C:\Users\ASUS\.vscode\extensions\redhat.java-1.37.0-win32-x64\jre\17.0.13-win32-x86_64\bin\extnet.dll

dbghelp: loaded successfully - version: 4.0.5 - missing functions: none
symbol engine: initialized successfully - sym options: 0x614 - pdb path: .;c:\Users\ASUS\.vscode\extensions\redhat.java-1.37.0-win32-x64\jre\17.0.13-win32-x86_64\bin;C:\Windows\SYSTEM32;C:\Windows\WinSxS\amd64_microsoft.windows.common-controls_6595b64144ccf1df_6.0.22621.4541_none_2710d1c57384c085;c:\Users\ASUS\.vscode\extensions\redhat.java-1.37.0-win32-x64\jre\17.0.13-win32-x86_64\bin\server;C:\Users\ASUS\AppData\Roaming\Code\User\globalStorage\redhat.java\1.37.0\config_win\org.eclipse.equinox.launcher\org.eclipse.equinox.launcher.win32.win32.x86_64_1.2.1100.v20240722-2106;C:\Users\ASUS\AppData\Local\Temp\jna-2018896;C:\Program Files\Bonjour

VM Arguments:
jvm_args: --add-modules=ALL-SYSTEM --add-opens=java.base/java.util=ALL-UNNAMED --add-opens=java.base/java.lang=ALL-UNNAMED --add-opens=java.base/sun.nio.fs=ALL-UNNAMED -Declipse.application=org.eclipse.jdt.ls.core.id1 -Dosgi.bundles.defaultStartLevel=4 -Declipse.product=org.eclipse.jdt.ls.core.product -Djava.import.generatesMetadataFilesAtProjectRoot=false -DDetectVMInstallationsJob.disabled=true -Dfile.encoding=utf8 -XX:+UseParallelGC -XX:GCTimeRatio=4 -XX:AdaptiveSizePolicyWeight=90 -Dsun.zip.disableMemoryMapping=true -Xmx1G -Xms100m -Xlog:disable -javaagent:c:\Users\ASUS\.vscode\extensions\redhat.java-1.37.0-win32-x64\lombok\lombok-1.18.34.jar -XX:+HeapDumpOnOutOfMemoryError -XX:HeapDumpPath=c:\Users\ASUS\AppData\Roaming\Code\User\workspaceStorage\13dd09e2ea5d8ae66ef7eb42a20b93dc\redhat.java -Daether.dependencyCollector.impl=bf 
java_command: c:\Users\ASUS\.vscode\extensions\redhat.java-1.37.0-win32-x64\server\plugins\org.eclipse.equinox.launcher_1.6.900.v20240613-2009.jar -configuration c:\Users\ASUS\AppData\Roaming\Code\User\globalStorage\redhat.java\1.37.0\config_win -data c:\Users\ASUS\AppData\Roaming\Code\User\workspaceStorage\13dd09e2ea5d8ae66ef7eb42a20b93dc\redhat.java\jdt_ws --pipe=\\.\pipe\lsp-839dc6c6215338b6b504be1759764d27-sock
java_class_path (initial): c:\Users\ASUS\.vscode\extensions\redhat.java-1.37.0-win32-x64\server\plugins\org.eclipse.equinox.launcher_1.6.900.v20240613-2009.jar
Launcher Type: SUN_STANDARD

[Global flags]
    uintx AdaptiveSizePolicyWeight                 = 90                                        {product} {command line}
     intx CICompilerCount                          = 12                                        {product} {ergonomic}
    uintx GCTimeRatio                              = 4                                         {product} {command line}
     bool HeapDumpOnOutOfMemoryError               = true                                   {manageable} {command line}
    ccstr HeapDumpPath                             = c:\Users\ASUS\AppData\Roaming\Code\User\workspaceStorage\13dd09e2ea5d8ae66ef7eb42a20b93dc\redhat.java         {manageable} {command line}
   size_t InitialHeapSize                          = 104857600                                 {product} {command line}
   size_t MaxHeapSize                              = 1073741824                                {product} {command line}
   size_t MaxNewSize                               = 357564416                                 {product} {ergonomic}
   size_t MinHeapDeltaBytes                        = 524288                                    {product} {ergonomic}
   size_t MinHeapSize                              = 104857600                                 {product} {command line}
   size_t NewSize                                  = 34603008                                  {product} {ergonomic}
    uintx NonNMethodCodeHeapSize                   = 7602480                                {pd product} {ergonomic}
    uintx NonProfiledCodeHeapSize                  = 122027880                              {pd product} {ergonomic}
   size_t OldSize                                  = 70254592                                  {product} {ergonomic}
    uintx ProfiledCodeHeapSize                     = 122027880                              {pd product} {ergonomic}
    uintx ReservedCodeCacheSize                    = 251658240                              {pd product} {ergonomic}
     bool SegmentedCodeCache                       = true                                      {product} {ergonomic}
   size_t SoftMaxHeapSize                          = 1073741824                             {manageable} {ergonomic}
     bool UseCompressedClassPointers               = true                           {product lp64_product} {ergonomic}
     bool UseCompressedOops                        = true                           {product lp64_product} {ergonomic}
     bool UseLargePagesIndividualAllocation        = false                                  {pd product} {ergonomic}
     bool UseParallelGC                            = true                                      {product} {command line}

Logging:
Log output configuration:
 #0: stdout all=off uptime,level,tags
 #1: stderr all=off uptime,level,tags

Environment Variables:
PATH=C:\Program Files\Common Files\Oracle\Java\javapath;C:\Windows\system32;C:\Windows;C:\Windows\System32\Wbem;C:\Windows\System32\WindowsPowerShell\v1.0\;C:\Windows\System32\OpenSSH\;C:\Program Files (x86)\NVIDIA Corporation\PhysX\Common;C:\Program Files\NVIDIA Corporation\NVIDIA NvDLISR;C:\Program Files\Git\cmd;C:\Program Files\Git\mingw64\bin;C:\Program Files\Git\usr\bin;C:\Users\ASUS\AppData\Local\Microsoft\WindowsApps;C:\MinGW\bin;C:\Users\ASUS\AppData\Local\Programs\Microsoft VS Code\bin
USERNAME=ASUS
OS=Windows_NT
PROCESSOR_IDENTIFIER=Intel64 Family 6 Model 154 Stepping 3, GenuineIntel
TMP=C:\Users\ASUS\AppData\Local\Temp
TEMP=C:\Users\ASUS\AppData\Local\Temp



Periodic native trim disabled


---------------  S Y S T E M  ---------------

OS:
 Windows 11 , 64 bit Build 22621 (10.0.22621.4391)
OS uptime: 0 days 8:32 hours
Hyper-V role detected

CPU: total 16 (initial active 16) (8 cores per cpu, 2 threads per core) family 6 model 154 stepping 3 microcode 0x423, cx8, cmov, fxsr, ht, mmx, 3dnowpref, sse, sse2, sse3, ssse3, sse4.1, sse4.2, popcnt, lzcnt, tsc, tscinvbit, avx, avx2, aes, erms, clmul, bmi1, bmi2, adx, sha, fma, vzeroupper, clflush, clflushopt, clwb, hv
Processor Information for all 16 processors :
  Max Mhz: 2500, Current Mhz: 2500, Mhz Limit: 2500

Memory: 4k page, system-wide physical 7812M (242M free)
TotalPageFile size 13956M (AvailPageFile size 2750M)
current process WorkingSet (physical memory assigned to process): 484M, peak: 486M
current process commit charge ("private bytes"): 520M, peak: 525M

vm_info: OpenJDK 64-Bit Server VM (17.0.13+11) for windows-amd64 JRE (17.0.13+11), built on Oct 16 2024 00:10:08 by "admin" with MS VC++ 17.7 (VS2022)

END.
